{"C:\\Development\\Projects\\cpq-portal\\src\\common\\Constants.tsx": {"path":"C:\\Development\\Projects\\cpq-portal\\src\\common\\Constants.tsx","statementMap":{"0":{"start":{"line":1,"column":25},"end":{"line":1,"column":36}},"1":{"start":{"line":2,"column":25},"end":{"line":2,"column":36}},"2":{"start":{"line":3,"column":25},"end":{"line":3,"column":36}},"3":{"start":{"line":4,"column":28},"end":{"line":4,"column":42}},"4":{"start":{"line":5,"column":27},"end":{"line":5,"column":46}},"5":{"start":{"line":6,"column":30},"end":{"line":6,"column":46}},"6":{"start":{"line":7,"column":24},"end":{"line":7,"column":34}},"7":{"start":{"line":8,"column":21},"end":{"line":29,"column":1}},"8":{"start":{"line":31,"column":31},"end":{"line":31,"column":46}},"9":{"start":{"line":32,"column":20},"end":{"line":32,"column":26}},"10":{"start":{"line":33,"column":19},"end":{"line":33,"column":24}},"11":{"start":{"line":35,"column":21},"end":{"line":35,"column":47}},"12":{"start":{"line":36,"column":31},"end":{"line":55,"column":1}},"13":{"start":{"line":57,"column":37},"end":{"line":57,"column":66}},"14":{"start":{"line":58,"column":26},"end":{"line":58,"column":30}}},"fnMap":{},"branchMap":{},"s":{"0":12,"1":12,"2":12,"3":12,"4":12,"5":12,"6":12,"7":12,"8":12,"9":12,"10":12,"11":12,"12":12,"13":12,"14":12},"f":{},"b":{},"_coverageSchema":"1a1c01bbd47fc00a2c39e90264f33305004495a9","hash":"e799f3d3b5e654d50cf4ae38642ea1c5257a3055"}
,"C:\\Development\\Projects\\cpq-portal\\src\\common\\StyledComponents.tsx": {"path":"C:\\Development\\Projects\\cpq-portal\\src\\common\\StyledComponents.tsx","statementMap":{"0":{"start":{"line":5,"column":34},"end":{"line":9,"column":2}},"1":{"start":{"line":5,"column":50},"end":{"line":5,"column":75}}},"fnMap":{"0":{"name":"(anonymous_0)","decl":{"start":{"line":5,"column":41},"end":{"line":5,"column":42}},"loc":{"start":{"line":5,"column":50},"end":{"line":5,"column":75}},"line":5}},"branchMap":{},"s":{"0":2,"1":10},"f":{"0":10},"b":{},"_coverageSchema":"1a1c01bbd47fc00a2c39e90264f33305004495a9","hash":"fc414be22c3d95dbeff52f7d2e297d1d4c51c4ea"}
,"C:\\Development\\Projects\\cpq-portal\\src\\common\\Validations.tsx": {"path":"C:\\Development\\Projects\\cpq-portal\\src\\common\\Validations.tsx","statementMap":{"0":{"start":{"line":1,"column":23},"end":{"line":4,"column":1}},"1":{"start":{"line":2,"column":11},"end":{"line":2,"column":26}},"2":{"start":{"line":3,"column":2},"end":{"line":3,"column":23}},"3":{"start":{"line":5,"column":24},"end":{"line":13,"column":1}},"4":{"start":{"line":6,"column":11},"end":{"line":6,"column":39}},"5":{"start":{"line":7,"column":2},"end":{"line":12,"column":3}},"6":{"start":{"line":8,"column":19},"end":{"line":8,"column":47}},"7":{"start":{"line":9,"column":4},"end":{"line":9,"column":49}},"8":{"start":{"line":9,"column":33},"end":{"line":9,"column":47}},"9":{"start":{"line":11,"column":4},"end":{"line":11,"column":25}},"10":{"start":{"line":14,"column":25},"end":{"line":17,"column":1}},"11":{"start":{"line":15,"column":11},"end":{"line":15,"column":21}},"12":{"start":{"line":16,"column":2},"end":{"line":16,"column":23}},"13":{"start":{"line":18,"column":31},"end":{"line":51,"column":1}},"14":{"start":{"line":20,"column":4},"end":{"line":20,"column":69}},"15":{"start":{"line":21,"column":21},"end":{"line":49,"column":4}},"16":{"start":{"line":22,"column":4},"end":{"line":47,"column":5}},"17":{"start":{"line":23,"column":6},"end":{"line":46,"column":7}},"18":{"start":{"line":24,"column":8},"end":{"line":24,"column":27}},"19":{"start":{"line":25,"column":8},"end":{"line":28,"column":39}},"20":{"start":{"line":29,"column":13},"end":{"line":46,"column":7}},"21":{"start":{"line":33,"column":8},"end":{"line":33,"column":27}},"22":{"start":{"line":34,"column":8},"end":{"line":34,"column":55}},"23":{"start":{"line":35,"column":13},"end":{"line":46,"column":7}},"24":{"start":{"line":41,"column":8},"end":{"line":41,"column":27}},"25":{"start":{"line":42,"column":8},"end":{"line":42,"column":54}},"26":{"start":{"line":44,"column":8},"end":{"line":44,"column":28}},"27":{"start":{"line":45,"column":8},"end":{"line":45,"column":33}},"28":{"start":{"line":48,"column":4},"end":{"line":48,"column":17}},"29":{"start":{"line":50,"column":2},"end":{"line":50,"column":20}},"30":{"start":{"line":53,"column":30},"end":{"line":101,"column":1}},"31":{"start":{"line":54,"column":21},"end":{"line":99,"column":4}},"32":{"start":{"line":55,"column":4},"end":{"line":97,"column":5}},"33":{"start":{"line":56,"column":6},"end":{"line":56,"column":25}},"34":{"start":{"line":57,"column":6},"end":{"line":60,"column":37}},"35":{"start":{"line":62,"column":6},"end":{"line":96,"column":7}},"36":{"start":{"line":64,"column":10},"end":{"line":77,"column":11}},"37":{"start":{"line":65,"column":12},"end":{"line":71,"column":13}},"38":{"start":{"line":66,"column":14},"end":{"line":66,"column":34}},"39":{"start":{"line":67,"column":14},"end":{"line":67,"column":39}},"40":{"start":{"line":69,"column":14},"end":{"line":69,"column":33}},"41":{"start":{"line":70,"column":14},"end":{"line":70,"column":51}},"42":{"start":{"line":72,"column":17},"end":{"line":77,"column":11}},"43":{"start":{"line":73,"column":12},"end":{"line":73,"column":55}},"44":{"start":{"line":74,"column":12},"end":{"line":76,"column":31}},"45":{"start":{"line":78,"column":10},"end":{"line":78,"column":16}},"46":{"start":{"line":80,"column":10},"end":{"line":80,"column":61}},"47":{"start":{"line":81,"column":10},"end":{"line":83,"column":38}},"48":{"start":{"line":84,"column":10},"end":{"line":84,"column":16}},"49":{"start":{"line":86,"column":10},"end":{"line":86,"column":55}},"50":{"start":{"line":87,"column":10},"end":{"line":89,"column":38}},"51":{"start":{"line":90,"column":10},"end":{"line":90,"column":16}},"52":{"start":{"line":92,"column":10},"end":{"line":92,"column":30}},"53":{"start":{"line":93,"column":10},"end":{"line":93,"column":35}},"54":{"start":{"line":94,"column":10},"end":{"line":94,"column":16}},"55":{"start":{"line":98,"column":4},"end":{"line":98,"column":17}},"56":{"start":{"line":100,"column":2},"end":{"line":100,"column":20}}},"fnMap":{"0":{"name":"(anonymous_0)","decl":{"start":{"line":1,"column":23},"end":{"line":1,"column":24}},"loc":{"start":{"line":1,"column":41},"end":{"line":4,"column":1}},"line":1},"1":{"name":"(anonymous_1)","decl":{"start":{"line":5,"column":24},"end":{"line":5,"column":25}},"loc":{"start":{"line":5,"column":55},"end":{"line":13,"column":1}},"line":5},"2":{"name":"(anonymous_2)","decl":{"start":{"line":9,"column":24},"end":{"line":9,"column":25}},"loc":{"start":{"line":9,"column":33},"end":{"line":9,"column":47}},"line":9},"3":{"name":"(anonymous_3)","decl":{"start":{"line":14,"column":25},"end":{"line":14,"column":26}},"loc":{"start":{"line":14,"column":43},"end":{"line":17,"column":1}},"line":14},"4":{"name":"(anonymous_4)","decl":{"start":{"line":18,"column":31},"end":{"line":18,"column":32}},"loc":{"start":{"line":18,"column":71},"end":{"line":51,"column":1}},"line":18},"5":{"name":"(anonymous_5)","decl":{"start":{"line":21,"column":32},"end":{"line":21,"column":33}},"loc":{"start":{"line":21,"column":48},"end":{"line":49,"column":3}},"line":21},"6":{"name":"(anonymous_6)","decl":{"start":{"line":53,"column":30},"end":{"line":53,"column":31}},"loc":{"start":{"line":53,"column":78},"end":{"line":101,"column":1}},"line":53},"7":{"name":"(anonymous_7)","decl":{"start":{"line":54,"column":32},"end":{"line":54,"column":33}},"loc":{"start":{"line":54,"column":48},"end":{"line":99,"column":3}},"line":54}},"branchMap":{"0":{"loc":{"start":{"line":7,"column":2},"end":{"line":12,"column":3}},"type":"if","locations":[{"start":{"line":7,"column":2},"end":{"line":12,"column":3}},{"start":{"line":7,"column":2},"end":{"line":12,"column":3}}],"line":7},"1":{"loc":{"start":{"line":20,"column":4},"end":{"line":20,"column":69}},"type":"cond-expr","locations":[{"start":{"line":20,"column":51},"end":{"line":20,"column":52}},{"start":{"line":20,"column":55},"end":{"line":20,"column":69}}],"line":20},"2":{"loc":{"start":{"line":20,"column":4},"end":{"line":20,"column":48}},"type":"binary-expr","locations":[{"start":{"line":20,"column":4},"end":{"line":20,"column":25}},{"start":{"line":20,"column":29},"end":{"line":20,"column":48}}],"line":20},"3":{"loc":{"start":{"line":22,"column":4},"end":{"line":47,"column":5}},"type":"if","locations":[{"start":{"line":22,"column":4},"end":{"line":47,"column":5}},{"start":{"line":22,"column":4},"end":{"line":47,"column":5}}],"line":22},"4":{"loc":{"start":{"line":23,"column":6},"end":{"line":46,"column":7}},"type":"if","locations":[{"start":{"line":23,"column":6},"end":{"line":46,"column":7}},{"start":{"line":23,"column":6},"end":{"line":46,"column":7}}],"line":23},"5":{"loc":{"start":{"line":23,"column":10},"end":{"line":23,"column":40}},"type":"binary-expr","locations":[{"start":{"line":23,"column":10},"end":{"line":23,"column":22}},{"start":{"line":23,"column":26},"end":{"line":23,"column":40}}],"line":23},"6":{"loc":{"start":{"line":26,"column":10},"end":{"line":28,"column":38}},"type":"cond-expr","locations":[{"start":{"line":27,"column":14},"end":{"line":27,"column":40}},{"start":{"line":28,"column":14},"end":{"line":28,"column":38}}],"line":26},"7":{"loc":{"start":{"line":29,"column":13},"end":{"line":46,"column":7}},"type":"if","locations":[{"start":{"line":29,"column":13},"end":{"line":46,"column":7}},{"start":{"line":29,"column":13},"end":{"line":46,"column":7}}],"line":29},"8":{"loc":{"start":{"line":30,"column":8},"end":{"line":31,"column":38}},"type":"binary-expr","locations":[{"start":{"line":30,"column":9},"end":{"line":30,"column":26}},{"start":{"line":30,"column":30},"end":{"line":30,"column":52}},{"start":{"line":31,"column":8},"end":{"line":31,"column":38}}],"line":30},"9":{"loc":{"start":{"line":35,"column":13},"end":{"line":46,"column":7}},"type":"if","locations":[{"start":{"line":35,"column":13},"end":{"line":46,"column":7}},{"start":{"line":35,"column":13},"end":{"line":46,"column":7}}],"line":35},"10":{"loc":{"start":{"line":36,"column":8},"end":{"line":39,"column":32}},"type":"binary-expr","locations":[{"start":{"line":36,"column":9},"end":{"line":36,"column":32}},{"start":{"line":37,"column":10},"end":{"line":37,"column":33}},{"start":{"line":38,"column":10},"end":{"line":38,"column":30}},{"start":{"line":39,"column":8},"end":{"line":39,"column":32}}],"line":36},"11":{"loc":{"start":{"line":53,"column":44},"end":{"line":53,"column":73}},"type":"default-arg","locations":[{"start":{"line":53,"column":59},"end":{"line":53,"column":73}}],"line":53},"12":{"loc":{"start":{"line":55,"column":4},"end":{"line":97,"column":5}},"type":"if","locations":[{"start":{"line":55,"column":4},"end":{"line":97,"column":5}},{"start":{"line":55,"column":4},"end":{"line":97,"column":5}}],"line":55},"13":{"loc":{"start":{"line":55,"column":8},"end":{"line":55,"column":73}},"type":"binary-expr","locations":[{"start":{"line":55,"column":8},"end":{"line":55,"column":22}},{"start":{"line":55,"column":26},"end":{"line":55,"column":44}},{"start":{"line":55,"column":48},"end":{"line":55,"column":73}}],"line":55},"14":{"loc":{"start":{"line":58,"column":8},"end":{"line":60,"column":36}},"type":"cond-expr","locations":[{"start":{"line":59,"column":12},"end":{"line":59,"column":38}},{"start":{"line":60,"column":12},"end":{"line":60,"column":36}}],"line":58},"15":{"loc":{"start":{"line":62,"column":6},"end":{"line":96,"column":7}},"type":"switch","locations":[{"start":{"line":63,"column":8},"end":{"line":78,"column":16}},{"start":{"line":79,"column":8},"end":{"line":84,"column":16}},{"start":{"line":85,"column":8},"end":{"line":90,"column":16}},{"start":{"line":91,"column":8},"end":{"line":94,"column":16}},{"start":{"line":95,"column":8},"end":{"line":95,"column":16}}],"line":62},"16":{"loc":{"start":{"line":64,"column":10},"end":{"line":77,"column":11}},"type":"if","locations":[{"start":{"line":64,"column":10},"end":{"line":77,"column":11}},{"start":{"line":64,"column":10},"end":{"line":77,"column":11}}],"line":64},"17":{"loc":{"start":{"line":64,"column":14},"end":{"line":64,"column":62}},"type":"binary-expr","locations":[{"start":{"line":64,"column":14},"end":{"line":64,"column":36}},{"start":{"line":64,"column":40},"end":{"line":64,"column":62}}],"line":64},"18":{"loc":{"start":{"line":72,"column":17},"end":{"line":77,"column":11}},"type":"if","locations":[{"start":{"line":72,"column":17},"end":{"line":77,"column":11}},{"start":{"line":72,"column":17},"end":{"line":77,"column":11}}],"line":72},"19":{"loc":{"start":{"line":74,"column":34},"end":{"line":76,"column":30}},"type":"cond-expr","locations":[{"start":{"line":75,"column":16},"end":{"line":75,"column":18}},{"start":{"line":76,"column":16},"end":{"line":76,"column":30}}],"line":74},"20":{"loc":{"start":{"line":81,"column":32},"end":{"line":83,"column":37}},"type":"cond-expr","locations":[{"start":{"line":82,"column":14},"end":{"line":82,"column":16}},{"start":{"line":83,"column":14},"end":{"line":83,"column":37}}],"line":81},"21":{"loc":{"start":{"line":87,"column":32},"end":{"line":89,"column":37}},"type":"cond-expr","locations":[{"start":{"line":88,"column":14},"end":{"line":88,"column":16}},{"start":{"line":89,"column":14},"end":{"line":89,"column":37}}],"line":87}},"s":{"0":1,"1":0,"2":0,"3":1,"4":0,"5":0,"6":0,"7":0,"8":0,"9":0,"10":1,"11":0,"12":0,"13":1,"14":0,"15":0,"16":0,"17":0,"18":0,"19":0,"20":0,"21":0,"22":0,"23":0,"24":0,"25":0,"26":0,"27":0,"28":0,"29":0,"30":1,"31":0,"32":0,"33":0,"34":0,"35":0,"36":0,"37":0,"38":0,"39":0,"40":0,"41":0,"42":0,"43":0,"44":0,"45":0,"46":0,"47":0,"48":0,"49":0,"50":0,"51":0,"52":0,"53":0,"54":0,"55":0,"56":0},"f":{"0":0,"1":0,"2":0,"3":0,"4":0,"5":0,"6":0,"7":0},"b":{"0":[0,0],"1":[0,0],"2":[0,0],"3":[0,0],"4":[0,0],"5":[0,0],"6":[0,0],"7":[0,0],"8":[0,0,0],"9":[0,0],"10":[0,0,0,0],"11":[0],"12":[0,0],"13":[0,0,0],"14":[0,0],"15":[0,0,0,0,0],"16":[0,0],"17":[0,0],"18":[0,0],"19":[0,0],"20":[0,0],"21":[0,0]},"_coverageSchema":"1a1c01bbd47fc00a2c39e90264f33305004495a9","hash":"fde9e712f569d8a1050ecb1952cd40dbe8e7df55"}
,"C:\\Development\\Projects\\cpq-portal\\src\\common\\util.tsx": {"path":"C:\\Development\\Projects\\cpq-portal\\src\\common\\util.tsx","statementMap":{"0":{"start":{"line":27,"column":28},"end":{"line":42,"column":1}},"1":{"start":{"line":28,"column":2},"end":{"line":41,"column":3}},"2":{"start":{"line":30,"column":6},"end":{"line":30,"column":20}},"3":{"start":{"line":32,"column":6},"end":{"line":32,"column":20}},"4":{"start":{"line":34,"column":6},"end":{"line":34,"column":20}},"5":{"start":{"line":36,"column":6},"end":{"line":36,"column":20}},"6":{"start":{"line":38,"column":6},"end":{"line":38,"column":20}},"7":{"start":{"line":40,"column":6},"end":{"line":40,"column":20}},"8":{"start":{"line":44,"column":18},"end":{"line":52,"column":3}},"9":{"start":{"line":44,"column":48},"end":{"line":52,"column":1}},"10":{"start":{"line":54,"column":33},"end":{"line":69,"column":1}},"11":{"start":{"line":55,"column":18},"end":{"line":57,"column":3}},"12":{"start":{"line":58,"column":2},"end":{"line":68,"column":3}},"13":{"start":{"line":59,"column":21},"end":{"line":61,"column":6}},"14":{"start":{"line":62,"column":18},"end":{"line":62,"column":43}},"15":{"start":{"line":63,"column":4},"end":{"line":63,"column":36}},"16":{"start":{"line":64,"column":4},"end":{"line":64,"column":31}},"17":{"start":{"line":65,"column":4},"end":{"line":65,"column":17}},"18":{"start":{"line":67,"column":4},"end":{"line":67,"column":13}},"19":{"start":{"line":71,"column":24},"end":{"line":82,"column":1}},"20":{"start":{"line":72,"column":18},"end":{"line":72,"column":64}},"21":{"start":{"line":73,"column":15},"end":{"line":73,"column":62}},"22":{"start":{"line":74,"column":20},"end":{"line":79,"column":3}},"23":{"start":{"line":77,"column":19},"end":{"line":77,"column":75}},"24":{"start":{"line":80,"column":2},"end":{"line":80,"column":27}},"25":{"start":{"line":81,"column":2},"end":{"line":81,"column":33}},"26":{"start":{"line":84,"column":34},"end":{"line":122,"column":1}},"27":{"start":{"line":89,"column":19},"end":{"line":89,"column":27}},"28":{"start":{"line":90,"column":21},"end":{"line":90,"column":27}},"29":{"start":{"line":91,"column":27},"end":{"line":91,"column":31}},"30":{"start":{"line":92,"column":20},"end":{"line":92,"column":51}},"31":{"start":{"line":94,"column":4},"end":{"line":94,"column":67}},"32":{"start":{"line":95,"column":2},"end":{"line":121,"column":5}},"33":{"start":{"line":100,"column":6},"end":{"line":119,"column":23}},"34":{"start":{"line":114,"column":12},"end":{"line":114,"column":37}},"35":{"start":{"line":124,"column":33},"end":{"line":172,"column":1}},"36":{"start":{"line":132,"column":6},"end":{"line":132,"column":13}},"37":{"start":{"line":134,"column":2},"end":{"line":154,"column":3}},"38":{"start":{"line":135,"column":4},"end":{"line":153,"column":7}},"39":{"start":{"line":136,"column":6},"end":{"line":138,"column":8}},"40":{"start":{"line":139,"column":6},"end":{"line":141,"column":7}},"41":{"start":{"line":140,"column":8},"end":{"line":140,"column":35}},"42":{"start":{"line":142,"column":6},"end":{"line":152,"column":7}},"43":{"start":{"line":143,"column":8},"end":{"line":146,"column":10}},"44":{"start":{"line":147,"column":8},"end":{"line":147,"column":59}},"45":{"start":{"line":149,"column":8},"end":{"line":151,"column":11}},"46":{"start":{"line":155,"column":2},"end":{"line":171,"column":3}},"47":{"start":{"line":156,"column":4},"end":{"line":156,"column":52}},"48":{"start":{"line":157,"column":4},"end":{"line":170,"column":5}},"49":{"start":{"line":158,"column":6},"end":{"line":169,"column":7}},"50":{"start":{"line":159,"column":22},"end":{"line":162,"column":9}},"51":{"start":{"line":163,"column":8},"end":{"line":163,"column":53}},"52":{"start":{"line":165,"column":8},"end":{"line":168,"column":13}},"53":{"start":{"line":174,"column":22},"end":{"line":185,"column":1}},"54":{"start":{"line":175,"column":23},"end":{"line":175,"column":50}},"55":{"start":{"line":176,"column":2},"end":{"line":176,"column":30}},"56":{"start":{"line":177,"column":2},"end":{"line":177,"column":23}},"57":{"start":{"line":178,"column":16},"end":{"line":178,"column":51}},"58":{"start":{"line":179,"column":2},"end":{"line":181,"column":3}},"59":{"start":{"line":180,"column":4},"end":{"line":180,"column":60}},"60":{"start":{"line":183,"column":4},"end":{"line":183,"column":78}},"61":{"start":{"line":184,"column":2},"end":{"line":184,"column":40}},"62":{"start":{"line":187,"column":37},"end":{"line":211,"column":1}},"63":{"start":{"line":188,"column":27},"end":{"line":190,"column":3}},"64":{"start":{"line":189,"column":26},"end":{"line":189,"column":65}},"65":{"start":{"line":191,"column":23},"end":{"line":193,"column":3}},"66":{"start":{"line":192,"column":26},"end":{"line":192,"column":65}},"67":{"start":{"line":195,"column":2},"end":{"line":210,"column":4}},"68":{"start":{"line":196,"column":4},"end":{"line":198,"column":5}},"69":{"start":{"line":197,"column":6},"end":{"line":197,"column":18}},"70":{"start":{"line":199,"column":21},"end":{"line":199,"column":26}},"71":{"start":{"line":200,"column":4},"end":{"line":208,"column":5}},"72":{"start":{"line":201,"column":6},"end":{"line":207,"column":8}},"73":{"start":{"line":202,"column":8},"end":{"line":206,"column":17}},"74":{"start":{"line":204,"column":14},"end":{"line":204,"column":51}},"75":{"start":{"line":209,"column":4},"end":{"line":209,"column":22}},"76":{"start":{"line":213,"column":24},"end":{"line":229,"column":1}},"77":{"start":{"line":214,"column":2},"end":{"line":228,"column":5}},"78":{"start":{"line":215,"column":26},"end":{"line":215,"column":28}},"79":{"start":{"line":216,"column":4},"end":{"line":220,"column":7}},"80":{"start":{"line":217,"column":6},"end":{"line":219,"column":7}},"81":{"start":{"line":218,"column":8},"end":{"line":218,"column":38}},"82":{"start":{"line":222,"column":4},"end":{"line":226,"column":7}},"83":{"start":{"line":223,"column":6},"end":{"line":225,"column":26}},"84":{"start":{"line":227,"column":4},"end":{"line":227,"column":22}},"85":{"start":{"line":231,"column":25},"end":{"line":250,"column":1}},"86":{"start":{"line":232,"column":28},"end":{"line":233,"column":49}},"87":{"start":{"line":233,"column":4},"end":{"line":233,"column":49}},"88":{"start":{"line":234,"column":20},"end":{"line":234,"column":69}},"89":{"start":{"line":235,"column":16},"end":{"line":235,"column":49}},"90":{"start":{"line":237,"column":2},"end":{"line":249,"column":3}},"91":{"start":{"line":238,"column":4},"end":{"line":246,"column":6}},"92":{"start":{"line":241,"column":10},"end":{"line":241,"column":65}},"93":{"start":{"line":248,"column":4},"end":{"line":248,"column":27}},"94":{"start":{"line":252,"column":38},"end":{"line":254,"column":1}},"95":{"start":{"line":253,"column":2},"end":{"line":253,"column":79}},"96":{"start":{"line":253,"column":41},"end":{"line":253,"column":77}},"97":{"start":{"line":255,"column":28},"end":{"line":257,"column":1}},"98":{"start":{"line":256,"column":2},"end":{"line":256,"column":39}},"99":{"start":{"line":258,"column":29},"end":{"line":268,"column":1}},"100":{"start":{"line":259,"column":17},"end":{"line":261,"column":8}},"101":{"start":{"line":262,"column":2},"end":{"line":267,"column":40}},"102":{"start":{"line":269,"column":32},"end":{"line":296,"column":1}},"103":{"start":{"line":270,"column":2},"end":{"line":295,"column":4}},"104":{"start":{"line":271,"column":22},"end":{"line":271,"column":45}},"105":{"start":{"line":272,"column":33},"end":{"line":274,"column":5}},"106":{"start":{"line":273,"column":28},"end":{"line":273,"column":50}},"107":{"start":{"line":276,"column":6},"end":{"line":293,"column":12}},"108":{"start":{"line":279,"column":12},"end":{"line":292,"column":18}},"109":{"start":{"line":285,"column":20},"end":{"line":288,"column":21}},"110":{"start":{"line":294,"column":4},"end":{"line":294,"column":31}},"111":{"start":{"line":298,"column":31},"end":{"line":306,"column":1}},"112":{"start":{"line":299,"column":2},"end":{"line":304,"column":3}},"113":{"start":{"line":300,"column":4},"end":{"line":303,"column":6}},"114":{"start":{"line":305,"column":2},"end":{"line":305,"column":21}},"115":{"start":{"line":307,"column":41},"end":{"line":358,"column":1}},"116":{"start":{"line":311,"column":2},"end":{"line":313,"column":3}},"117":{"start":{"line":312,"column":4},"end":{"line":312,"column":14}},"118":{"start":{"line":315,"column":23},"end":{"line":323,"column":3}},"119":{"start":{"line":324,"column":25},"end":{"line":327,"column":3}},"120":{"start":{"line":328,"column":16},"end":{"line":328,"column":67}},"121":{"start":{"line":329,"column":14},"end":{"line":329,"column":53}},"122":{"start":{"line":330,"column":15},"end":{"line":330,"column":66}},"123":{"start":{"line":331,"column":27},"end":{"line":331,"column":74}},"124":{"start":{"line":332,"column":2},"end":{"line":357,"column":4}},"125":{"start":{"line":360,"column":31},"end":{"line":381,"column":1}},"126":{"start":{"line":365,"column":18},"end":{"line":365,"column":29}},"127":{"start":{"line":367,"column":2},"end":{"line":380,"column":4}},"128":{"start":{"line":368,"column":21},"end":{"line":368,"column":24}},"129":{"start":{"line":369,"column":16},"end":{"line":369,"column":51}},"130":{"start":{"line":370,"column":4},"end":{"line":372,"column":5}},"131":{"start":{"line":371,"column":6},"end":{"line":371,"column":34}},"132":{"start":{"line":373,"column":4},"end":{"line":379,"column":6}},"133":{"start":{"line":383,"column":29},"end":{"line":421,"column":1}},"134":{"start":{"line":388,"column":2},"end":{"line":420,"column":20}},"135":{"start":{"line":389,"column":28},"end":{"line":392,"column":7}},"136":{"start":{"line":393,"column":16},"end":{"line":393,"column":18}},"137":{"start":{"line":394,"column":4},"end":{"line":399,"column":5}},"138":{"start":{"line":395,"column":6},"end":{"line":397,"column":9}},"139":{"start":{"line":396,"column":8},"end":{"line":396,"column":71}},"140":{"start":{"line":398,"column":6},"end":{"line":398,"column":63}},"141":{"start":{"line":400,"column":26},"end":{"line":403,"column":5}},"142":{"start":{"line":404,"column":20},"end":{"line":406,"column":5}},"143":{"start":{"line":407,"column":26},"end":{"line":411,"column":5}},"144":{"start":{"line":412,"column":4},"end":{"line":414,"column":5}},"145":{"start":{"line":413,"column":6},"end":{"line":413,"column":35}},"146":{"start":{"line":415,"column":4},"end":{"line":417,"column":5}},"147":{"start":{"line":416,"column":6},"end":{"line":416,"column":46}},"148":{"start":{"line":419,"column":4},"end":{"line":419,"column":11}},"149":{"start":{"line":423,"column":31},"end":{"line":430,"column":1}},"150":{"start":{"line":424,"column":2},"end":{"line":429,"column":9}},"151":{"start":{"line":425,"column":18},"end":{"line":427,"column":5}},"152":{"start":{"line":428,"column":4},"end":{"line":428,"column":37}},"153":{"start":{"line":431,"column":31},"end":{"line":479,"column":1}},"154":{"start":{"line":440,"column":2},"end":{"line":442,"column":3}},"155":{"start":{"line":441,"column":4},"end":{"line":441,"column":19}},"156":{"start":{"line":443,"column":27},"end":{"line":468,"column":4}},"157":{"start":{"line":448,"column":21},"end":{"line":448,"column":22}},"158":{"start":{"line":449,"column":4},"end":{"line":466,"column":5}},"159":{"start":{"line":450,"column":6},"end":{"line":454,"column":7}},"160":{"start":{"line":451,"column":8},"end":{"line":451,"column":23}},"161":{"start":{"line":452,"column":13},"end":{"line":454,"column":7}},"162":{"start":{"line":453,"column":8},"end":{"line":453,"column":24}},"163":{"start":{"line":456,"column":6},"end":{"line":458,"column":7}},"164":{"start":{"line":457,"column":8},"end":{"line":457,"column":23}},"165":{"start":{"line":459,"column":6},"end":{"line":465,"column":7}},"166":{"start":{"line":460,"column":8},"end":{"line":460,"column":24}},"167":{"start":{"line":461,"column":13},"end":{"line":465,"column":7}},"168":{"start":{"line":462,"column":8},"end":{"line":462,"column":23}},"169":{"start":{"line":463,"column":13},"end":{"line":465,"column":7}},"170":{"start":{"line":464,"column":8},"end":{"line":464,"column":24}},"171":{"start":{"line":467,"column":4},"end":{"line":467,"column":22}},"172":{"start":{"line":470,"column":4},"end":{"line":472,"column":53}},"173":{"start":{"line":473,"column":21},"end":{"line":473,"column":33}},"174":{"start":{"line":474,"column":2},"end":{"line":477,"column":3}},"175":{"start":{"line":475,"column":4},"end":{"line":475,"column":69}},"176":{"start":{"line":476,"column":4},"end":{"line":476,"column":27}},"177":{"start":{"line":478,"column":2},"end":{"line":478,"column":22}},"178":{"start":{"line":481,"column":28},"end":{"line":497,"column":1}},"179":{"start":{"line":483,"column":16},"end":{"line":486,"column":3}},"180":{"start":{"line":487,"column":30},"end":{"line":487,"column":47}},"181":{"start":{"line":489,"column":2},"end":{"line":494,"column":3}},"182":{"start":{"line":490,"column":22},"end":{"line":490,"column":32}},"183":{"start":{"line":491,"column":28},"end":{"line":491,"column":51}},"184":{"start":{"line":493,"column":4},"end":{"line":493,"column":60}},"185":{"start":{"line":496,"column":2},"end":{"line":496,"column":15}}},"fnMap":{"0":{"name":"(anonymous_0)","decl":{"start":{"line":27,"column":28},"end":{"line":27,"column":29}},"loc":{"start":{"line":27,"column":45},"end":{"line":42,"column":1}},"line":27},"1":{"name":"(anonymous_1)","decl":{"start":{"line":44,"column":29},"end":{"line":44,"column":30}},"loc":{"start":{"line":44,"column":48},"end":{"line":52,"column":1}},"line":44},"2":{"name":"(anonymous_2)","decl":{"start":{"line":54,"column":33},"end":{"line":54,"column":34}},"loc":{"start":{"line":54,"column":61},"end":{"line":69,"column":1}},"line":54},"3":{"name":"(anonymous_3)","decl":{"start":{"line":71,"column":24},"end":{"line":71,"column":25}},"loc":{"start":{"line":71,"column":43},"end":{"line":82,"column":1}},"line":71},"4":{"name":"(anonymous_4)","decl":{"start":{"line":77,"column":11},"end":{"line":77,"column":12}},"loc":{"start":{"line":77,"column":19},"end":{"line":77,"column":75}},"line":77},"5":{"name":"(anonymous_5)","decl":{"start":{"line":84,"column":34},"end":{"line":84,"column":35}},"loc":{"start":{"line":88,"column":5},"end":{"line":122,"column":1}},"line":88},"6":{"name":"(anonymous_6)","decl":{"start":{"line":99,"column":12},"end":{"line":99,"column":13}},"loc":{"start":{"line":100,"column":6},"end":{"line":119,"column":23}},"line":100},"7":{"name":"(anonymous_7)","decl":{"start":{"line":113,"column":19},"end":{"line":113,"column":20}},"loc":{"start":{"line":113,"column":25},"end":{"line":115,"column":11}},"line":113},"8":{"name":"(anonymous_8)","decl":{"start":{"line":124,"column":33},"end":{"line":124,"column":34}},"loc":{"start":{"line":124,"column":51},"end":{"line":172,"column":1}},"line":124},"9":{"name":"(anonymous_9)","decl":{"start":{"line":135,"column":23},"end":{"line":135,"column":24}},"loc":{"start":{"line":135,"column":62},"end":{"line":153,"column":5}},"line":135},"10":{"name":"(anonymous_10)","decl":{"start":{"line":174,"column":22},"end":{"line":174,"column":23}},"loc":{"start":{"line":174,"column":28},"end":{"line":185,"column":1}},"line":174},"11":{"name":"(anonymous_11)","decl":{"start":{"line":187,"column":37},"end":{"line":187,"column":38}},"loc":{"start":{"line":187,"column":43},"end":{"line":211,"column":1}},"line":187},"12":{"name":"(anonymous_12)","decl":{"start":{"line":189,"column":4},"end":{"line":189,"column":5}},"loc":{"start":{"line":189,"column":26},"end":{"line":189,"column":65}},"line":189},"13":{"name":"(anonymous_13)","decl":{"start":{"line":192,"column":4},"end":{"line":192,"column":5}},"loc":{"start":{"line":192,"column":26},"end":{"line":192,"column":65}},"line":192},"14":{"name":"(anonymous_14)","decl":{"start":{"line":195,"column":9},"end":{"line":195,"column":10}},"loc":{"start":{"line":195,"column":28},"end":{"line":210,"column":3}},"line":195},"15":{"name":"(anonymous_15)","decl":{"start":{"line":201,"column":37},"end":{"line":201,"column":38}},"loc":{"start":{"line":202,"column":8},"end":{"line":206,"column":17}},"line":202},"16":{"name":"(anonymous_16)","decl":{"start":{"line":203,"column":29},"end":{"line":203,"column":30}},"loc":{"start":{"line":204,"column":14},"end":{"line":204,"column":51}},"line":204},"17":{"name":"(anonymous_17)","decl":{"start":{"line":213,"column":24},"end":{"line":213,"column":25}},"loc":{"start":{"line":213,"column":64},"end":{"line":229,"column":1}},"line":213},"18":{"name":"(anonymous_18)","decl":{"start":{"line":214,"column":21},"end":{"line":214,"column":22}},"loc":{"start":{"line":214,"column":38},"end":{"line":228,"column":3}},"line":214},"19":{"name":"(anonymous_19)","decl":{"start":{"line":216,"column":32},"end":{"line":216,"column":33}},"loc":{"start":{"line":216,"column":47},"end":{"line":220,"column":5}},"line":216},"20":{"name":"(anonymous_20)","decl":{"start":{"line":222,"column":28},"end":{"line":222,"column":29}},"loc":{"start":{"line":222,"column":43},"end":{"line":226,"column":5}},"line":222},"21":{"name":"(anonymous_21)","decl":{"start":{"line":231,"column":25},"end":{"line":231,"column":26}},"loc":{"start":{"line":231,"column":61},"end":{"line":250,"column":1}},"line":231},"22":{"name":"(anonymous_22)","decl":{"start":{"line":232,"column":28},"end":{"line":232,"column":29}},"loc":{"start":{"line":233,"column":4},"end":{"line":233,"column":49}},"line":233},"23":{"name":"(anonymous_23)","decl":{"start":{"line":240,"column":19},"end":{"line":240,"column":20}},"loc":{"start":{"line":241,"column":10},"end":{"line":241,"column":65}},"line":241},"24":{"name":"(anonymous_24)","decl":{"start":{"line":252,"column":38},"end":{"line":252,"column":39}},"loc":{"start":{"line":252,"column":59},"end":{"line":254,"column":1}},"line":252},"25":{"name":"(anonymous_25)","decl":{"start":{"line":253,"column":25},"end":{"line":253,"column":26}},"loc":{"start":{"line":253,"column":41},"end":{"line":253,"column":77}},"line":253},"26":{"name":"(anonymous_26)","decl":{"start":{"line":255,"column":28},"end":{"line":255,"column":29}},"loc":{"start":{"line":255,"column":43},"end":{"line":257,"column":1}},"line":255},"27":{"name":"(anonymous_27)","decl":{"start":{"line":258,"column":29},"end":{"line":258,"column":30}},"loc":{"start":{"line":258,"column":44},"end":{"line":268,"column":1}},"line":258},"28":{"name":"(anonymous_28)","decl":{"start":{"line":269,"column":32},"end":{"line":269,"column":33}},"loc":{"start":{"line":269,"column":38},"end":{"line":296,"column":1}},"line":269},"29":{"name":"(anonymous_29)","decl":{"start":{"line":270,"column":9},"end":{"line":270,"column":10}},"loc":{"start":{"line":270,"column":26},"end":{"line":295,"column":3}},"line":270},"30":{"name":"(anonymous_30)","decl":{"start":{"line":273,"column":6},"end":{"line":273,"column":7}},"loc":{"start":{"line":273,"column":28},"end":{"line":273,"column":50}},"line":273},"31":{"name":"(anonymous_31)","decl":{"start":{"line":278,"column":24},"end":{"line":278,"column":25}},"loc":{"start":{"line":278,"column":40},"end":{"line":293,"column":11}},"line":278},"32":{"name":"(anonymous_32)","decl":{"start":{"line":284,"column":18},"end":{"line":284,"column":19}},"loc":{"start":{"line":285,"column":20},"end":{"line":288,"column":21}},"line":285},"33":{"name":"(anonymous_33)","decl":{"start":{"line":298,"column":31},"end":{"line":298,"column":32}},"loc":{"start":{"line":298,"column":77},"end":{"line":306,"column":1}},"line":298},"34":{"name":"(anonymous_34)","decl":{"start":{"line":307,"column":41},"end":{"line":307,"column":42}},"loc":{"start":{"line":310,"column":5},"end":{"line":358,"column":1}},"line":310},"35":{"name":"(anonymous_35)","decl":{"start":{"line":360,"column":31},"end":{"line":360,"column":32}},"loc":{"start":{"line":364,"column":5},"end":{"line":381,"column":1}},"line":364},"36":{"name":"(anonymous_36)","decl":{"start":{"line":367,"column":9},"end":{"line":367,"column":10}},"loc":{"start":{"line":367,"column":23},"end":{"line":380,"column":3}},"line":367},"37":{"name":"(anonymous_37)","decl":{"start":{"line":383,"column":29},"end":{"line":383,"column":30}},"loc":{"start":{"line":387,"column":5},"end":{"line":421,"column":1}},"line":387},"38":{"name":"(anonymous_38)","decl":{"start":{"line":395,"column":23},"end":{"line":395,"column":24}},"loc":{"start":{"line":395,"column":40},"end":{"line":397,"column":7}},"line":395},"39":{"name":"(anonymous_39)","decl":{"start":{"line":423,"column":31},"end":{"line":423,"column":32}},"loc":{"start":{"line":423,"column":47},"end":{"line":430,"column":1}},"line":423},"40":{"name":"(anonymous_40)","decl":{"start":{"line":424,"column":22},"end":{"line":424,"column":23}},"loc":{"start":{"line":424,"column":62},"end":{"line":429,"column":3}},"line":424},"41":{"name":"(anonymous_41)","decl":{"start":{"line":431,"column":31},"end":{"line":431,"column":32}},"loc":{"start":{"line":439,"column":5},"end":{"line":479,"column":1}},"line":439},"42":{"name":"(anonymous_42)","decl":{"start":{"line":447,"column":9},"end":{"line":447,"column":10}},"loc":{"start":{"line":447,"column":29},"end":{"line":468,"column":3}},"line":447},"43":{"name":"(anonymous_43)","decl":{"start":{"line":481,"column":28},"end":{"line":481,"column":29}},"loc":{"start":{"line":481,"column":44},"end":{"line":497,"column":1}},"line":481}},"branchMap":{"0":{"loc":{"start":{"line":28,"column":2},"end":{"line":41,"column":3}},"type":"switch","locations":[{"start":{"line":29,"column":4},"end":{"line":30,"column":20}},{"start":{"line":31,"column":4},"end":{"line":32,"column":20}},{"start":{"line":33,"column":4},"end":{"line":34,"column":20}},{"start":{"line":35,"column":4},"end":{"line":36,"column":20}},{"start":{"line":37,"column":4},"end":{"line":38,"column":20}},{"start":{"line":39,"column":4},"end":{"line":40,"column":20}}],"line":28},"1":{"loc":{"start":{"line":72,"column":18},"end":{"line":72,"column":64}},"type":"cond-expr","locations":[{"start":{"line":72,"column":40},"end":{"line":72,"column":59}},{"start":{"line":72,"column":62},"end":{"line":72,"column":64}}],"line":72},"2":{"loc":{"start":{"line":94,"column":4},"end":{"line":94,"column":67}},"type":"cond-expr","locations":[{"start":{"line":94,"column":37},"end":{"line":94,"column":53}},{"start":{"line":94,"column":56},"end":{"line":94,"column":67}}],"line":94},"3":{"loc":{"start":{"line":101,"column":9},"end":{"line":107,"column":9}},"type":"binary-expr","locations":[{"start":{"line":101,"column":9},"end":{"line":101,"column":23}},{"start":{"line":102,"column":10},"end":{"line":106,"column":29}}],"line":101},"4":{"loc":{"start":{"line":134,"column":2},"end":{"line":154,"column":3}},"type":"if","locations":[{"start":{"line":134,"column":2},"end":{"line":154,"column":3}},{"start":{"line":134,"column":2},"end":{"line":154,"column":3}}],"line":134},"5":{"loc":{"start":{"line":139,"column":6},"end":{"line":141,"column":7}},"type":"if","locations":[{"start":{"line":139,"column":6},"end":{"line":141,"column":7}},{"start":{"line":139,"column":6},"end":{"line":141,"column":7}}],"line":139},"6":{"loc":{"start":{"line":142,"column":6},"end":{"line":152,"column":7}},"type":"if","locations":[{"start":{"line":142,"column":6},"end":{"line":152,"column":7}},{"start":{"line":142,"column":6},"end":{"line":152,"column":7}}],"line":142},"7":{"loc":{"start":{"line":155,"column":2},"end":{"line":171,"column":3}},"type":"if","locations":[{"start":{"line":155,"column":2},"end":{"line":171,"column":3}},{"start":{"line":155,"column":2},"end":{"line":171,"column":3}}],"line":155},"8":{"loc":{"start":{"line":157,"column":4},"end":{"line":170,"column":5}},"type":"if","locations":[{"start":{"line":157,"column":4},"end":{"line":170,"column":5}},{"start":{"line":157,"column":4},"end":{"line":170,"column":5}}],"line":157},"9":{"loc":{"start":{"line":158,"column":6},"end":{"line":169,"column":7}},"type":"if","locations":[{"start":{"line":158,"column":6},"end":{"line":169,"column":7}},{"start":{"line":158,"column":6},"end":{"line":169,"column":7}}],"line":158},"10":{"loc":{"start":{"line":165,"column":8},"end":{"line":168,"column":12}},"type":"binary-expr","locations":[{"start":{"line":165,"column":8},"end":{"line":165,"column":23}},{"start":{"line":166,"column":10},"end":{"line":168,"column":12}}],"line":165},"11":{"loc":{"start":{"line":179,"column":2},"end":{"line":181,"column":3}},"type":"if","locations":[{"start":{"line":179,"column":2},"end":{"line":181,"column":3}},{"start":{"line":179,"column":2},"end":{"line":181,"column":3}}],"line":179},"12":{"loc":{"start":{"line":179,"column":6},"end":{"line":179,"column":49}},"type":"binary-expr","locations":[{"start":{"line":179,"column":6},"end":{"line":179,"column":23}},{"start":{"line":179,"column":27},"end":{"line":179,"column":49}}],"line":179},"13":{"loc":{"start":{"line":183,"column":4},"end":{"line":183,"column":78}},"type":"cond-expr","locations":[{"start":{"line":183,"column":38},"end":{"line":183,"column":56}},{"start":{"line":183,"column":59},"end":{"line":183,"column":78}}],"line":183},"14":{"loc":{"start":{"line":196,"column":4},"end":{"line":198,"column":5}},"type":"if","locations":[{"start":{"line":196,"column":4},"end":{"line":198,"column":5}},{"start":{"line":196,"column":4},"end":{"line":198,"column":5}}],"line":196},"15":{"loc":{"start":{"line":200,"column":4},"end":{"line":208,"column":5}},"type":"if","locations":[{"start":{"line":200,"column":4},"end":{"line":208,"column":5}},{"start":{"line":200,"column":4},"end":{"line":208,"column":5}}],"line":200},"16":{"loc":{"start":{"line":200,"column":8},"end":{"line":200,"column":47}},"type":"binary-expr","locations":[{"start":{"line":200,"column":8},"end":{"line":200,"column":24}},{"start":{"line":200,"column":28},"end":{"line":200,"column":47}}],"line":200},"17":{"loc":{"start":{"line":202,"column":8},"end":{"line":206,"column":17}},"type":"cond-expr","locations":[{"start":{"line":203,"column":12},"end":{"line":205,"column":13}},{"start":{"line":206,"column":12},"end":{"line":206,"column":17}}],"line":202},"18":{"loc":{"start":{"line":217,"column":6},"end":{"line":219,"column":7}},"type":"if","locations":[{"start":{"line":217,"column":6},"end":{"line":219,"column":7}},{"start":{"line":217,"column":6},"end":{"line":219,"column":7}}],"line":217},"19":{"loc":{"start":{"line":223,"column":31},"end":{"line":225,"column":25}},"type":"cond-expr","locations":[{"start":{"line":224,"column":10},"end":{"line":224,"column":32}},{"start":{"line":225,"column":10},"end":{"line":225,"column":25}}],"line":223},"20":{"loc":{"start":{"line":231,"column":28},"end":{"line":231,"column":39}},"type":"default-arg","locations":[{"start":{"line":231,"column":37},"end":{"line":231,"column":39}}],"line":231},"21":{"loc":{"start":{"line":231,"column":41},"end":{"line":231,"column":54}},"type":"default-arg","locations":[{"start":{"line":231,"column":52},"end":{"line":231,"column":54}}],"line":231},"22":{"loc":{"start":{"line":232,"column":29},"end":{"line":232,"column":37}},"type":"default-arg","locations":[{"start":{"line":232,"column":35},"end":{"line":232,"column":37}}],"line":232},"23":{"loc":{"start":{"line":237,"column":2},"end":{"line":249,"column":3}},"type":"if","locations":[{"start":{"line":237,"column":2},"end":{"line":249,"column":3}},{"start":{"line":237,"column":2},"end":{"line":249,"column":3}}],"line":237},"24":{"loc":{"start":{"line":238,"column":11},"end":{"line":246,"column":5}},"type":"cond-expr","locations":[{"start":{"line":239,"column":6},"end":{"line":243,"column":9}},{"start":{"line":245,"column":6},"end":{"line":245,"column":21}}],"line":238},"25":{"loc":{"start":{"line":241,"column":10},"end":{"line":241,"column":65}},"type":"cond-expr","locations":[{"start":{"line":241,"column":33},"end":{"line":241,"column":58}},{"start":{"line":241,"column":61},"end":{"line":241,"column":65}}],"line":241},"26":{"loc":{"start":{"line":253,"column":41},"end":{"line":253,"column":77}},"type":"binary-expr","locations":[{"start":{"line":253,"column":41},"end":{"line":253,"column":55}},{"start":{"line":253,"column":59},"end":{"line":253,"column":77}}],"line":253},"27":{"loc":{"start":{"line":259,"column":17},"end":{"line":261,"column":8}},"type":"cond-expr","locations":[{"start":{"line":260,"column":6},"end":{"line":260,"column":64}},{"start":{"line":261,"column":6},"end":{"line":261,"column":8}}],"line":259},"28":{"loc":{"start":{"line":260,"column":6},"end":{"line":260,"column":64}},"type":"binary-expr","locations":[{"start":{"line":260,"column":6},"end":{"line":260,"column":25}},{"start":{"line":260,"column":29},"end":{"line":260,"column":64}}],"line":260},"29":{"loc":{"start":{"line":262,"column":9},"end":{"line":267,"column":39}},"type":"cond-expr","locations":[{"start":{"line":263,"column":7},"end":{"line":266,"column":21}},{"start":{"line":267,"column":6},"end":{"line":267,"column":39}}],"line":262},"30":{"loc":{"start":{"line":264,"column":9},"end":{"line":264,"column":45}},"type":"binary-expr","locations":[{"start":{"line":264,"column":10},"end":{"line":264,"column":18}},{"start":{"line":264,"column":22},"end":{"line":264,"column":38}},{"start":{"line":264,"column":43},"end":{"line":264,"column":45}}],"line":264},"31":{"loc":{"start":{"line":265,"column":9},"end":{"line":265,"column":43}},"type":"binary-expr","locations":[{"start":{"line":265,"column":10},"end":{"line":265,"column":18}},{"start":{"line":265,"column":22},"end":{"line":265,"column":36}},{"start":{"line":265,"column":41},"end":{"line":265,"column":43}}],"line":265},"32":{"loc":{"start":{"line":276,"column":6},"end":{"line":293,"column":12}},"type":"cond-expr","locations":[{"start":{"line":277,"column":10},"end":{"line":277,"column":16}},{"start":{"line":278,"column":10},"end":{"line":293,"column":12}}],"line":276},"33":{"loc":{"start":{"line":279,"column":19},"end":{"line":292,"column":17}},"type":"cond-expr","locations":[{"start":{"line":283,"column":16},"end":{"line":289,"column":17}},{"start":{"line":290,"column":16},"end":{"line":292,"column":17}}],"line":279},"34":{"loc":{"start":{"line":285,"column":20},"end":{"line":288,"column":21}},"type":"binary-expr","locations":[{"start":{"line":285,"column":20},"end":{"line":285,"column":51}},{"start":{"line":286,"column":20},"end":{"line":288,"column":21}}],"line":285},"35":{"loc":{"start":{"line":294,"column":11},"end":{"line":294,"column":30}},"type":"binary-expr","locations":[{"start":{"line":294,"column":11},"end":{"line":294,"column":24}},{"start":{"line":294,"column":28},"end":{"line":294,"column":30}}],"line":294},"36":{"loc":{"start":{"line":299,"column":2},"end":{"line":304,"column":3}},"type":"if","locations":[{"start":{"line":299,"column":2},"end":{"line":304,"column":3}},{"start":{"line":299,"column":2},"end":{"line":304,"column":3}}],"line":299},"37":{"loc":{"start":{"line":299,"column":6},"end":{"line":299,"column":48}},"type":"binary-expr","locations":[{"start":{"line":299,"column":6},"end":{"line":299,"column":17}},{"start":{"line":299,"column":21},"end":{"line":299,"column":48}}],"line":299},"38":{"loc":{"start":{"line":311,"column":2},"end":{"line":313,"column":3}},"type":"if","locations":[{"start":{"line":311,"column":2},"end":{"line":313,"column":3}},{"start":{"line":311,"column":2},"end":{"line":313,"column":3}}],"line":311},"39":{"loc":{"start":{"line":329,"column":14},"end":{"line":329,"column":53}},"type":"cond-expr","locations":[{"start":{"line":329,"column":29},"end":{"line":329,"column":41}},{"start":{"line":329,"column":44},"end":{"line":329,"column":53}}],"line":329},"40":{"loc":{"start":{"line":330,"column":15},"end":{"line":330,"column":66}},"type":"cond-expr","locations":[{"start":{"line":330,"column":48},"end":{"line":330,"column":55}},{"start":{"line":330,"column":58},"end":{"line":330,"column":66}}],"line":330},"41":{"loc":{"start":{"line":331,"column":27},"end":{"line":331,"column":74}},"type":"cond-expr","locations":[{"start":{"line":331,"column":60},"end":{"line":331,"column":66}},{"start":{"line":331,"column":69},"end":{"line":331,"column":74}}],"line":331},"42":{"loc":{"start":{"line":339,"column":20},"end":{"line":339,"column":61}},"type":"cond-expr","locations":[{"start":{"line":339,"column":36},"end":{"line":339,"column":48}},{"start":{"line":339,"column":51},"end":{"line":339,"column":61}}],"line":339},"43":{"loc":{"start":{"line":342,"column":9},"end":{"line":342,"column":68}},"type":"cond-expr","locations":[{"start":{"line":342,"column":27},"end":{"line":342,"column":49}},{"start":{"line":342,"column":52},"end":{"line":342,"column":68}}],"line":342},"44":{"loc":{"start":{"line":348,"column":20},"end":{"line":348,"column":63}},"type":"cond-expr","locations":[{"start":{"line":348,"column":37},"end":{"line":348,"column":50}},{"start":{"line":348,"column":53},"end":{"line":348,"column":63}}],"line":348},"45":{"loc":{"start":{"line":369,"column":16},"end":{"line":369,"column":51}},"type":"cond-expr","locations":[{"start":{"line":369,"column":25},"end":{"line":369,"column":38}},{"start":{"line":369,"column":41},"end":{"line":369,"column":51}}],"line":369},"46":{"loc":{"start":{"line":370,"column":4},"end":{"line":372,"column":5}},"type":"if","locations":[{"start":{"line":370,"column":4},"end":{"line":372,"column":5}},{"start":{"line":370,"column":4},"end":{"line":372,"column":5}}],"line":370},"47":{"loc":{"start":{"line":373,"column":11},"end":{"line":379,"column":5}},"type":"cond-expr","locations":[{"start":{"line":374,"column":6},"end":{"line":376,"column":12}},{"start":{"line":378,"column":6},"end":{"line":378,"column":11}}],"line":373},"48":{"loc":{"start":{"line":394,"column":4},"end":{"line":399,"column":5}},"type":"if","locations":[{"start":{"line":394,"column":4},"end":{"line":399,"column":5}},{"start":{"line":394,"column":4},"end":{"line":399,"column":5}}],"line":394},"49":{"loc":{"start":{"line":394,"column":8},"end":{"line":394,"column":31}},"type":"binary-expr","locations":[{"start":{"line":394,"column":8},"end":{"line":394,"column":16}},{"start":{"line":394,"column":20},"end":{"line":394,"column":31}}],"line":394},"50":{"loc":{"start":{"line":412,"column":4},"end":{"line":414,"column":5}},"type":"if","locations":[{"start":{"line":412,"column":4},"end":{"line":414,"column":5}},{"start":{"line":412,"column":4},"end":{"line":414,"column":5}}],"line":412},"51":{"loc":{"start":{"line":415,"column":4},"end":{"line":417,"column":5}},"type":"if","locations":[{"start":{"line":415,"column":4},"end":{"line":417,"column":5}},{"start":{"line":415,"column":4},"end":{"line":417,"column":5}}],"line":415},"52":{"loc":{"start":{"line":434,"column":2},"end":{"line":434,"column":24}},"type":"default-arg","locations":[{"start":{"line":434,"column":18},"end":{"line":434,"column":24}}],"line":434},"53":{"loc":{"start":{"line":435,"column":2},"end":{"line":435,"column":31}},"type":"default-arg","locations":[{"start":{"line":435,"column":20},"end":{"line":435,"column":31}}],"line":435},"54":{"loc":{"start":{"line":440,"column":2},"end":{"line":442,"column":3}},"type":"if","locations":[{"start":{"line":440,"column":2},"end":{"line":442,"column":3}},{"start":{"line":440,"column":2},"end":{"line":442,"column":3}}],"line":440},"55":{"loc":{"start":{"line":440,"column":6},"end":{"line":440,"column":54}},"type":"binary-expr","locations":[{"start":{"line":440,"column":6},"end":{"line":440,"column":38}},{"start":{"line":440,"column":42},"end":{"line":440,"column":54}}],"line":440},"56":{"loc":{"start":{"line":444,"column":4},"end":{"line":446,"column":23}},"type":"cond-expr","locations":[{"start":{"line":445,"column":8},"end":{"line":445,"column":75}},{"start":{"line":446,"column":8},"end":{"line":446,"column":23}}],"line":444},"57":{"loc":{"start":{"line":449,"column":4},"end":{"line":466,"column":5}},"type":"if","locations":[{"start":{"line":449,"column":4},"end":{"line":466,"column":5}},{"start":{"line":449,"column":4},"end":{"line":466,"column":5}}],"line":449},"58":{"loc":{"start":{"line":450,"column":6},"end":{"line":454,"column":7}},"type":"if","locations":[{"start":{"line":450,"column":6},"end":{"line":454,"column":7}},{"start":{"line":450,"column":6},"end":{"line":454,"column":7}}],"line":450},"59":{"loc":{"start":{"line":452,"column":13},"end":{"line":454,"column":7}},"type":"if","locations":[{"start":{"line":452,"column":13},"end":{"line":454,"column":7}},{"start":{"line":452,"column":13},"end":{"line":454,"column":7}}],"line":452},"60":{"loc":{"start":{"line":456,"column":6},"end":{"line":458,"column":7}},"type":"if","locations":[{"start":{"line":456,"column":6},"end":{"line":458,"column":7}},{"start":{"line":456,"column":6},"end":{"line":458,"column":7}}],"line":456},"61":{"loc":{"start":{"line":456,"column":10},"end":{"line":456,"column":50}},"type":"binary-expr","locations":[{"start":{"line":456,"column":10},"end":{"line":456,"column":29}},{"start":{"line":456,"column":33},"end":{"line":456,"column":50}}],"line":456},"62":{"loc":{"start":{"line":459,"column":6},"end":{"line":465,"column":7}},"type":"if","locations":[{"start":{"line":459,"column":6},"end":{"line":465,"column":7}},{"start":{"line":459,"column":6},"end":{"line":465,"column":7}}],"line":459},"63":{"loc":{"start":{"line":459,"column":10},"end":{"line":459,"column":50}},"type":"binary-expr","locations":[{"start":{"line":459,"column":10},"end":{"line":459,"column":29}},{"start":{"line":459,"column":33},"end":{"line":459,"column":50}}],"line":459},"64":{"loc":{"start":{"line":461,"column":13},"end":{"line":465,"column":7}},"type":"if","locations":[{"start":{"line":461,"column":13},"end":{"line":465,"column":7}},{"start":{"line":461,"column":13},"end":{"line":465,"column":7}}],"line":461},"65":{"loc":{"start":{"line":463,"column":13},"end":{"line":465,"column":7}},"type":"if","locations":[{"start":{"line":463,"column":13},"end":{"line":465,"column":7}},{"start":{"line":463,"column":13},"end":{"line":465,"column":7}}],"line":463},"66":{"loc":{"start":{"line":470,"column":4},"end":{"line":472,"column":53}},"type":"cond-expr","locations":[{"start":{"line":471,"column":8},"end":{"line":471,"column":24}},{"start":{"line":472,"column":8},"end":{"line":472,"column":53}}],"line":470},"67":{"loc":{"start":{"line":474,"column":2},"end":{"line":477,"column":3}},"type":"if","locations":[{"start":{"line":474,"column":2},"end":{"line":477,"column":3}},{"start":{"line":474,"column":2},"end":{"line":477,"column":3}}],"line":474},"68":{"loc":{"start":{"line":489,"column":2},"end":{"line":494,"column":3}},"type":"if","locations":[{"start":{"line":489,"column":2},"end":{"line":494,"column":3}},{"start":{"line":489,"column":2},"end":{"line":494,"column":3}}],"line":489},"69":{"loc":{"start":{"line":491,"column":39},"end":{"line":491,"column":50}},"type":"binary-expr","locations":[{"start":{"line":491,"column":39},"end":{"line":491,"column":44}},{"start":{"line":491,"column":48},"end":{"line":491,"column":50}}],"line":491}},"s":{"0":12,"1":0,"2":0,"3":0,"4":0,"5":0,"6":0,"7":0,"8":12,"9":0,"10":12,"11":0,"12":0,"13":0,"14":0,"15":0,"16":0,"17":0,"18":0,"19":12,"20":0,"21":0,"22":0,"23":0,"24":0,"25":0,"26":12,"27":0,"28":0,"29":0,"30":0,"31":0,"32":0,"33":0,"34":0,"35":12,"36":0,"37":0,"38":0,"39":0,"40":0,"41":0,"42":0,"43":0,"44":0,"45":0,"46":0,"47":0,"48":0,"49":0,"50":0,"51":0,"52":0,"53":12,"54":0,"55":0,"56":0,"57":0,"58":0,"59":0,"60":0,"61":0,"62":12,"63":18,"64":32,"65":18,"66":32,"67":18,"68":93,"69":45,"70":48,"71":48,"72":0,"73":0,"74":0,"75":48,"76":12,"77":0,"78":0,"79":0,"80":0,"81":0,"82":0,"83":0,"84":0,"85":12,"86":0,"87":0,"88":0,"89":0,"90":0,"91":0,"92":0,"93":0,"94":12,"95":0,"96":0,"97":12,"98":6,"99":12,"100":0,"101":0,"102":12,"103":0,"104":0,"105":0,"106":0,"107":0,"108":0,"109":0,"110":0,"111":12,"112":0,"113":0,"114":0,"115":12,"116":0,"117":0,"118":0,"119":0,"120":0,"121":0,"122":0,"123":0,"124":0,"125":12,"126":0,"127":0,"128":0,"129":0,"130":0,"131":0,"132":0,"133":12,"134":0,"135":0,"136":0,"137":0,"138":0,"139":0,"140":0,"141":0,"142":0,"143":0,"144":0,"145":0,"146":0,"147":0,"148":0,"149":12,"150":0,"151":0,"152":0,"153":12,"154":15,"155":0,"156":15,"157":60,"158":60,"159":0,"160":0,"161":0,"162":0,"163":60,"164":0,"165":60,"166":0,"167":60,"168":15,"169":45,"170":44,"171":60,"172":15,"173":15,"174":15,"175":0,"176":0,"177":15,"178":12,"179":0,"180":0,"181":0,"182":0,"183":0,"184":0,"185":0},"f":{"0":0,"1":0,"2":0,"3":0,"4":0,"5":0,"6":0,"7":0,"8":0,"9":0,"10":0,"11":18,"12":32,"13":32,"14":93,"15":0,"16":0,"17":0,"18":0,"19":0,"20":0,"21":0,"22":0,"23":0,"24":0,"25":0,"26":6,"27":0,"28":0,"29":0,"30":0,"31":0,"32":0,"33":0,"34":0,"35":0,"36":0,"37":0,"38":0,"39":0,"40":0,"41":15,"42":60,"43":0},"b":{"0":[0,0,0,0,0,0],"1":[0,0],"2":[0,0],"3":[0,0],"4":[0,0],"5":[0,0],"6":[0,0],"7":[0,0],"8":[0,0],"9":[0,0],"10":[0,0],"11":[0,0],"12":[0,0],"13":[0,0],"14":[45,48],"15":[0,48],"16":[48,0],"17":[0,0],"18":[0,0],"19":[0,0],"20":[0],"21":[0],"22":[0],"23":[0,0],"24":[0,0],"25":[0,0],"26":[0,0],"27":[0,0],"28":[0,0],"29":[0,0],"30":[0,0,0],"31":[0,0,0],"32":[0,0],"33":[0,0],"34":[0,0],"35":[0,0],"36":[0,0],"37":[0,0],"38":[0,0],"39":[0,0],"40":[0,0],"41":[0,0],"42":[0,0],"43":[0,0],"44":[0,0],"45":[0,0],"46":[0,0],"47":[0,0],"48":[0,0],"49":[0,0],"50":[0,0],"51":[0,0],"52":[0],"53":[0],"54":[0,15],"55":[15,0],"56":[0,15],"57":[0,60],"58":[0,0],"59":[0,0],"60":[0,60],"61":[60,60],"62":[0,60],"63":[60,60],"64":[15,45],"65":[44,1],"66":[0,15],"67":[0,15],"68":[0,0],"69":[0,0]},"_coverageSchema":"1a1c01bbd47fc00a2c39e90264f33305004495a9","hash":"db0f25e13ffacae7ffe72169e2829c78efd22d65"}
,"C:\\Development\\Projects\\cpq-portal\\src\\components\\Add.tsx": {"path":"C:\\Development\\Projects\\cpq-portal\\src\\components\\Add.tsx","statementMap":{"0":{"start":{"line":7,"column":18},"end":{"line":25,"column":3}},"1":{"start":{"line":7,"column":39},"end":{"line":25,"column":1}},"2":{"start":{"line":26,"column":12},"end":{"line":57,"column":1}},"3":{"start":{"line":27,"column":18},"end":{"line":27,"column":29}},"4":{"start":{"line":28,"column":22},"end":{"line":31,"column":3}},"5":{"start":{"line":29,"column":4},"end":{"line":29,"column":24}},"6":{"start":{"line":30,"column":4},"end":{"line":30,"column":24}},"7":{"start":{"line":33,"column":2},"end":{"line":56,"column":4}},"8":{"start":{"line":39,"column":8},"end":{"line":39,"column":27}}},"fnMap":{"0":{"name":"(anonymous_0)","decl":{"start":{"line":7,"column":29},"end":{"line":7,"column":30}},"loc":{"start":{"line":7,"column":39},"end":{"line":25,"column":1}},"line":7},"1":{"name":"(anonymous_1)","decl":{"start":{"line":26,"column":12},"end":{"line":26,"column":13}},"loc":{"start":{"line":26,"column":28},"end":{"line":57,"column":1}},"line":26},"2":{"name":"(anonymous_2)","decl":{"start":{"line":28,"column":22},"end":{"line":28,"column":23}},"loc":{"start":{"line":28,"column":47},"end":{"line":31,"column":3}},"line":28},"3":{"name":"(anonymous_3)","decl":{"start":{"line":38,"column":14},"end":{"line":38,"column":15}},"loc":{"start":{"line":38,"column":19},"end":{"line":40,"column":7}},"line":38}},"branchMap":{"0":{"loc":{"start":{"line":45,"column":11},"end":{"line":45,"column":57}},"type":"binary-expr","locations":[{"start":{"line":45,"column":11},"end":{"line":45,"column":30}},{"start":{"line":45,"column":34},"end":{"line":45,"column":57}}],"line":45}},"s":{"0":2,"1":1,"2":2,"3":3,"4":3,"5":1,"6":1,"7":3,"8":1},"f":{"0":1,"1":3,"2":1,"3":1},"b":{"0":[3,1]},"_coverageSchema":"1a1c01bbd47fc00a2c39e90264f33305004495a9","hash":"b2c870dad5c0a87e9d3b984cc6ade5e9459356f1"}
,"C:\\Development\\Projects\\cpq-portal\\src\\components\\Button.tsx": {"path":"C:\\Development\\Projects\\cpq-portal\\src\\components\\Button.tsx","statementMap":{"0":{"start":{"line":8,"column":18},"end":{"line":33,"column":3}},"1":{"start":{"line":8,"column":39},"end":{"line":33,"column":1}},"2":{"start":{"line":36,"column":18},"end":{"line":36,"column":29}},"3":{"start":{"line":37,"column":22},"end":{"line":52,"column":3}},"4":{"start":{"line":53,"column":2},"end":{"line":66,"column":4}}},"fnMap":{"0":{"name":"(anonymous_0)","decl":{"start":{"line":8,"column":29},"end":{"line":8,"column":30}},"loc":{"start":{"line":8,"column":39},"end":{"line":33,"column":1}},"line":8},"1":{"name":"Button","decl":{"start":{"line":35,"column":24},"end":{"line":35,"column":30}},"loc":{"start":{"line":35,"column":43},"end":{"line":67,"column":1}},"line":35}},"branchMap":{"0":{"loc":{"start":{"line":38,"column":8},"end":{"line":38,"column":44}},"type":"cond-expr","locations":[{"start":{"line":38,"column":19},"end":{"line":38,"column":27}},{"start":{"line":38,"column":30},"end":{"line":38,"column":44}}],"line":38},"1":{"loc":{"start":{"line":39,"column":10},"end":{"line":39,"column":38}},"type":"cond-expr","locations":[{"start":{"line":39,"column":23},"end":{"line":39,"column":33}},{"start":{"line":39,"column":36},"end":{"line":39,"column":38}}],"line":39},"2":{"loc":{"start":{"line":40,"column":10},"end":{"line":40,"column":44}},"type":"cond-expr","locations":[{"start":{"line":40,"column":23},"end":{"line":40,"column":33}},{"start":{"line":40,"column":36},"end":{"line":40,"column":44}}],"line":40},"3":{"loc":{"start":{"line":41,"column":11},"end":{"line":41,"column":41}},"type":"cond-expr","locations":[{"start":{"line":41,"column":25},"end":{"line":41,"column":36}},{"start":{"line":41,"column":39},"end":{"line":41,"column":41}}],"line":41},"4":{"loc":{"start":{"line":42,"column":11},"end":{"line":42,"column":48}},"type":"cond-expr","locations":[{"start":{"line":42,"column":25},"end":{"line":42,"column":36}},{"start":{"line":42,"column":39},"end":{"line":42,"column":48}}],"line":42},"5":{"loc":{"start":{"line":43,"column":13},"end":{"line":43,"column":56}},"type":"cond-expr","locations":[{"start":{"line":43,"column":29},"end":{"line":43,"column":42}},{"start":{"line":43,"column":45},"end":{"line":43,"column":56}}],"line":43},"6":{"loc":{"start":{"line":46,"column":15},"end":{"line":50,"column":12}},"type":"cond-expr","locations":[{"start":{"line":47,"column":8},"end":{"line":47,"column":22}},{"start":{"line":48,"column":8},"end":{"line":50,"column":12}}],"line":46},"7":{"loc":{"start":{"line":48,"column":8},"end":{"line":50,"column":12}},"type":"cond-expr","locations":[{"start":{"line":49,"column":8},"end":{"line":49,"column":23}},{"start":{"line":50,"column":8},"end":{"line":50,"column":12}}],"line":48},"8":{"loc":{"start":{"line":51,"column":11},"end":{"line":51,"column":41}},"type":"cond-expr","locations":[{"start":{"line":51,"column":25},"end":{"line":51,"column":36}},{"start":{"line":51,"column":39},"end":{"line":51,"column":41}}],"line":51},"9":{"loc":{"start":{"line":55,"column":7},"end":{"line":61,"column":7}},"type":"cond-expr","locations":[{"start":{"line":56,"column":8},"end":{"line":58,"column":21}},{"start":{"line":60,"column":8},"end":{"line":60,"column":64}}],"line":55},"10":{"loc":{"start":{"line":62,"column":7},"end":{"line":64,"column":7}},"type":"binary-expr","locations":[{"start":{"line":62,"column":7},"end":{"line":62,"column":20}},{"start":{"line":63,"column":8},"end":{"line":63,"column":73}}],"line":62}},"s":{"0":4,"1":4,"2":16,"3":16,"4":16},"f":{"0":4,"1":16},"b":{"0":[2,14],"1":[2,14],"2":[12,4],"3":[2,14],"4":[12,4],"5":[12,4],"6":[1,15],"7":[5,10],"8":[2,14],"9":[1,15],"10":[16,1]},"_coverageSchema":"1a1c01bbd47fc00a2c39e90264f33305004495a9","hash":"76baf55b9286770eb7504b9f68a7d03947a8772d"}
,"C:\\Development\\Projects\\cpq-portal\\src\\components\\Chart.tsx": {"path":"C:\\Development\\Projects\\cpq-portal\\src\\components\\Chart.tsx","statementMap":{"0":{"start":{"line":15,"column":2},"end":{"line":15,"column":26}},"1":{"start":{"line":18,"column":13},"end":{"line":28,"column":1}},"2":{"start":{"line":31,"column":16},"end":{"line":31,"column":26}},"3":{"start":{"line":33,"column":2},"end":{"line":65,"column":4}}},"fnMap":{"0":{"name":"createData","decl":{"start":{"line":14,"column":9},"end":{"line":14,"column":19}},"loc":{"start":{"line":14,"column":62},"end":{"line":16,"column":1}},"line":14},"1":{"name":"Chart","decl":{"start":{"line":30,"column":24},"end":{"line":30,"column":29}},"loc":{"start":{"line":30,"column":32},"end":{"line":66,"column":1}},"line":30}},"branchMap":{},"s":{"0":18,"1":2,"2":7,"3":7},"f":{"0":18,"1":7},"b":{},"_coverageSchema":"1a1c01bbd47fc00a2c39e90264f33305004495a9","hash":"b5ec760be062479a46f09599f1f36a9f34fb6805"}
,"C:\\Development\\Projects\\cpq-portal\\src\\components\\ClipboardField.tsx": {"path":"C:\\Development\\Projects\\cpq-portal\\src\\components\\ClipboardField.tsx","statementMap":{"0":{"start":{"line":11,"column":16},"end":{"line":11,"column":32}},"1":{"start":{"line":12,"column":30},"end":{"line":12,"column":43}},"2":{"start":{"line":25,"column":6},"end":{"line":25,"column":11}},"3":{"start":{"line":26,"column":19},"end":{"line":26,"column":49}},"4":{"start":{"line":27,"column":20},"end":{"line":35,"column":3}},"5":{"start":{"line":36,"column":21},"end":{"line":36,"column":70}},"6":{"start":{"line":37,"column":2},"end":{"line":64,"column":4}},"7":{"start":{"line":41,"column":8},"end":{"line":47,"column":11}},"8":{"start":{"line":59,"column":12},"end":{"line":59,"column":32}}},"fnMap":{"0":{"name":"ClipboardField","decl":{"start":{"line":10,"column":24},"end":{"line":10,"column":38}},"loc":{"start":{"line":10,"column":51},"end":{"line":65,"column":1}},"line":10},"1":{"name":"(anonymous_1)","decl":{"start":{"line":40,"column":14},"end":{"line":40,"column":15}},"loc":{"start":{"line":40,"column":20},"end":{"line":48,"column":7}},"line":40},"2":{"name":"(anonymous_2)","decl":{"start":{"line":58,"column":19},"end":{"line":58,"column":20}},"loc":{"start":{"line":58,"column":44},"end":{"line":60,"column":11}},"line":58}},"branchMap":{"0":{"loc":{"start":{"line":26,"column":19},"end":{"line":26,"column":49}},"type":"cond-expr","locations":[{"start":{"line":26,"column":32},"end":{"line":26,"column":42}},{"start":{"line":26,"column":45},"end":{"line":26,"column":49}}],"line":26},"1":{"loc":{"start":{"line":28,"column":10},"end":{"line":28,"column":31}},"type":"cond-expr","locations":[{"start":{"line":28,"column":17},"end":{"line":28,"column":21}},{"start":{"line":28,"column":24},"end":{"line":28,"column":31}}],"line":28},"2":{"loc":{"start":{"line":29,"column":14},"end":{"line":29,"column":43}},"type":"cond-expr","locations":[{"start":{"line":29,"column":25},"end":{"line":29,"column":33}},{"start":{"line":29,"column":36},"end":{"line":29,"column":43}}],"line":29},"3":{"loc":{"start":{"line":30,"column":11},"end":{"line":30,"column":36}},"type":"cond-expr","locations":[{"start":{"line":30,"column":19},"end":{"line":30,"column":24}},{"start":{"line":30,"column":27},"end":{"line":30,"column":36}}],"line":30},"4":{"loc":{"start":{"line":31,"column":13},"end":{"line":31,"column":43}},"type":"cond-expr","locations":[{"start":{"line":31,"column":23},"end":{"line":31,"column":30}},{"start":{"line":31,"column":33},"end":{"line":31,"column":43}}],"line":31},"5":{"loc":{"start":{"line":33,"column":10},"end":{"line":33,"column":28}},"type":"cond-expr","locations":[{"start":{"line":33,"column":17},"end":{"line":33,"column":21}},{"start":{"line":33,"column":24},"end":{"line":33,"column":28}}],"line":33},"6":{"loc":{"start":{"line":34,"column":11},"end":{"line":34,"column":29}},"type":"cond-expr","locations":[{"start":{"line":34,"column":19},"end":{"line":34,"column":24}},{"start":{"line":34,"column":27},"end":{"line":34,"column":29}}],"line":34},"7":{"loc":{"start":{"line":36,"column":21},"end":{"line":36,"column":70}},"type":"cond-expr","locations":[{"start":{"line":36,"column":34},"end":{"line":36,"column":65}},{"start":{"line":36,"column":68},"end":{"line":36,"column":70}}],"line":36},"8":{"loc":{"start":{"line":50,"column":7},"end":{"line":62,"column":7}},"type":"cond-expr","locations":[{"start":{"line":51,"column":8},"end":{"line":51,"column":68}},{"start":{"line":52,"column":10},"end":{"line":62,"column":7}}],"line":50},"9":{"loc":{"start":{"line":50,"column":7},"end":{"line":50,"column":42}},"type":"binary-expr","locations":[{"start":{"line":50,"column":7},"end":{"line":50,"column":17}},{"start":{"line":50,"column":21},"end":{"line":50,"column":42}}],"line":50},"10":{"loc":{"start":{"line":52,"column":10},"end":{"line":62,"column":7}},"type":"cond-expr","locations":[{"start":{"line":53,"column":8},"end":{"line":53,"column":45}},{"start":{"line":55,"column":8},"end":{"line":61,"column":10}}],"line":52},"11":{"loc":{"start":{"line":52,"column":10},"end":{"line":52,"column":45}},"type":"binary-expr","locations":[{"start":{"line":52,"column":10},"end":{"line":52,"column":20}},{"start":{"line":52,"column":24},"end":{"line":52,"column":45}}],"line":52}},"s":{"0":7,"1":7,"2":7,"3":7,"4":7,"5":7,"6":7,"7":1,"8":1},"f":{"0":7,"1":1,"2":1},"b":{"0":[1,6],"1":[1,6],"2":[1,6],"3":[1,6],"4":[1,6],"5":[1,6],"6":[1,6],"7":[1,6],"8":[1,6],"9":[7,1],"10":[1,5],"11":[6,1]},"_coverageSchema":"1a1c01bbd47fc00a2c39e90264f33305004495a9","hash":"4b74f25ee65dfe040405eed0c2aad2db55e93499"}
,"C:\\Development\\Projects\\cpq-portal\\src\\components\\ConfirmationDialog.tsx": {"path":"C:\\Development\\Projects\\cpq-portal\\src\\components\\ConfirmationDialog.tsx","statementMap":{"0":{"start":{"line":12,"column":16},"end":{"line":12,"column":32}},"1":{"start":{"line":20,"column":6},"end":{"line":20,"column":11}},"2":{"start":{"line":21,"column":22},"end":{"line":23,"column":3}},"3":{"start":{"line":22,"column":4},"end":{"line":22,"column":25}},"4":{"start":{"line":24,"column":2},"end":{"line":45,"column":4}}},"fnMap":{"0":{"name":"ConfirmationDialog","decl":{"start":{"line":11,"column":9},"end":{"line":11,"column":27}},"loc":{"start":{"line":11,"column":40},"end":{"line":46,"column":1}},"line":11},"1":{"name":"(anonymous_1)","decl":{"start":{"line":21,"column":22},"end":{"line":21,"column":23}},"loc":{"start":{"line":21,"column":28},"end":{"line":23,"column":3}},"line":21}},"branchMap":{},"s":{"0":9,"1":9,"2":9,"3":0,"4":9},"f":{"0":9,"1":0},"b":{},"_coverageSchema":"1a1c01bbd47fc00a2c39e90264f33305004495a9","hash":"22e5d2c567326bbf5ccf7b4dbbfb789b7f851144"}
,"C:\\Development\\Projects\\cpq-portal\\src\\components\\CustomSnackbarProvider.tsx": {"path":"C:\\Development\\Projects\\cpq-portal\\src\\components\\CustomSnackbarProvider.tsx","statementMap":{"0":{"start":{"line":5,"column":18},"end":{"line":13,"column":3}},"1":{"start":{"line":5,"column":39},"end":{"line":13,"column":1}},"2":{"start":{"line":14,"column":31},"end":{"line":34,"column":1}},"3":{"start":{"line":15,"column":18},"end":{"line":15,"column":29}},"4":{"start":{"line":17,"column":2},"end":{"line":33,"column":4}}},"fnMap":{"0":{"name":"(anonymous_0)","decl":{"start":{"line":5,"column":29},"end":{"line":5,"column":30}},"loc":{"start":{"line":5,"column":39},"end":{"line":13,"column":1}},"line":5},"1":{"name":"(anonymous_1)","decl":{"start":{"line":14,"column":31},"end":{"line":14,"column":32}},"loc":{"start":{"line":14,"column":54},"end":{"line":34,"column":1}},"line":14}},"branchMap":{},"s":{"0":1,"1":1,"2":1,"3":1,"4":1},"f":{"0":1,"1":1},"b":{},"_coverageSchema":"1a1c01bbd47fc00a2c39e90264f33305004495a9","hash":"81d8b083ed5cf65f6e9cb44f55bc09c41e88c554"}
,"C:\\Development\\Projects\\cpq-portal\\src\\components\\CustomTable.tsx": {"path":"C:\\Development\\Projects\\cpq-portal\\src\\components\\CustomTable.tsx","statementMap":{"0":{"start":{"line":36,"column":18},"end":{"line":96,"column":2}},"1":{"start":{"line":98,"column":20},"end":{"line":718,"column":1}},"2":{"start":{"line":113,"column":6},"end":{"line":113,"column":11}},"3":{"start":{"line":114,"column":19},"end":{"line":114,"column":32}},"4":{"start":{"line":115,"column":20},"end":{"line":115,"column":43}},"5":{"start":{"line":116,"column":18},"end":{"line":116,"column":29}},"6":{"start":{"line":117,"column":48},"end":{"line":117,"column":65}},"7":{"start":{"line":126,"column":6},"end":{"line":126,"column":11}},"8":{"start":{"line":127,"column":39},"end":{"line":131,"column":3}},"9":{"start":{"line":128,"column":10},"end":{"line":128,"column":50}},"10":{"start":{"line":134,"column":4},"end":{"line":139,"column":5}},"11":{"start":{"line":137,"column":8},"end":{"line":137,"column":62}},"12":{"start":{"line":141,"column":28},"end":{"line":141,"column":42}},"13":{"start":{"line":142,"column":32},"end":{"line":144,"column":3}},"14":{"start":{"line":145,"column":38},"end":{"line":147,"column":3}},"15":{"start":{"line":146,"column":26},"end":{"line":146,"column":48}},"16":{"start":{"line":148,"column":29},"end":{"line":150,"column":3}},"17":{"start":{"line":149,"column":26},"end":{"line":149,"column":47}},"18":{"start":{"line":151,"column":23},"end":{"line":151,"column":75}},"19":{"start":{"line":151,"column":51},"end":{"line":151,"column":74}},"20":{"start":{"line":152,"column":20},"end":{"line":152,"column":64}},"21":{"start":{"line":152,"column":47},"end":{"line":152,"column":63}},"22":{"start":{"line":153,"column":2},"end":{"line":155,"column":5}},"23":{"start":{"line":154,"column":4},"end":{"line":154,"column":45}},"24":{"start":{"line":156,"column":26},"end":{"line":156,"column":41}},"25":{"start":{"line":157,"column":57},"end":{"line":157,"column":69}},"26":{"start":{"line":158,"column":26},"end":{"line":158,"column":51}},"27":{"start":{"line":159,"column":31},"end":{"line":161,"column":3}},"28":{"start":{"line":160,"column":26},"end":{"line":160,"column":48}},"29":{"start":{"line":162,"column":26},"end":{"line":178,"column":14}},"30":{"start":{"line":163,"column":4},"end":{"line":177,"column":6}},"31":{"start":{"line":180,"column":4},"end":{"line":180,"column":56}},"32":{"start":{"line":181,"column":28},"end":{"line":191,"column":3}},"33":{"start":{"line":185,"column":4},"end":{"line":187,"column":5}},"34":{"start":{"line":186,"column":6},"end":{"line":186,"column":19}},"35":{"start":{"line":188,"column":23},"end":{"line":188,"column":64}},"36":{"start":{"line":189,"column":4},"end":{"line":189,"column":35}},"37":{"start":{"line":190,"column":4},"end":{"line":190,"column":43}},"38":{"start":{"line":193,"column":18},"end":{"line":195,"column":3}},"39":{"start":{"line":194,"column":4},"end":{"line":194,"column":51}},"40":{"start":{"line":197,"column":20},"end":{"line":203,"column":3}},"41":{"start":{"line":198,"column":4},"end":{"line":198,"column":24}},"42":{"start":{"line":199,"column":4},"end":{"line":202,"column":7}},"43":{"start":{"line":205,"column":18},"end":{"line":221,"column":3}},"44":{"start":{"line":206,"column":31},"end":{"line":206,"column":43}},"45":{"start":{"line":208,"column":4},"end":{"line":220,"column":5}},"46":{"start":{"line":209,"column":6},"end":{"line":211,"column":7}},"47":{"start":{"line":210,"column":8},"end":{"line":210,"column":60}},"48":{"start":{"line":212,"column":6},"end":{"line":212,"column":47}},"49":{"start":{"line":212,"column":30},"end":{"line":212,"column":47}},"50":{"start":{"line":214,"column":6},"end":{"line":218,"column":7}},"51":{"start":{"line":215,"column":8},"end":{"line":217,"column":10}},"52":{"start":{"line":216,"column":56},"end":{"line":216,"column":73}},"53":{"start":{"line":219,"column":6},"end":{"line":219,"column":44}},"54":{"start":{"line":219,"column":30},"end":{"line":219,"column":44}},"55":{"start":{"line":223,"column":21},"end":{"line":225,"column":3}},"56":{"start":{"line":224,"column":4},"end":{"line":224,"column":18}},"57":{"start":{"line":227,"column":22},"end":{"line":233,"column":3}},"58":{"start":{"line":228,"column":4},"end":{"line":230,"column":5}},"59":{"start":{"line":229,"column":6},"end":{"line":229,"column":34}},"60":{"start":{"line":231,"column":4},"end":{"line":231,"column":26}},"61":{"start":{"line":232,"column":4},"end":{"line":232,"column":19}},"62":{"start":{"line":235,"column":27},"end":{"line":240,"column":3}},"63":{"start":{"line":236,"column":4},"end":{"line":236,"column":18}},"64":{"start":{"line":237,"column":4},"end":{"line":239,"column":5}},"65":{"start":{"line":238,"column":6},"end":{"line":238,"column":35}},"66":{"start":{"line":241,"column":34},"end":{"line":249,"column":3}},"67":{"start":{"line":244,"column":4},"end":{"line":247,"column":7}},"68":{"start":{"line":248,"column":4},"end":{"line":248,"column":15}},"69":{"start":{"line":251,"column":18},"end":{"line":257,"column":3}},"70":{"start":{"line":252,"column":18},"end":{"line":252,"column":33}},"71":{"start":{"line":253,"column":25},"end":{"line":255,"column":19}},"72":{"start":{"line":256,"column":4},"end":{"line":256,"column":24}},"73":{"start":{"line":258,"column":24},"end":{"line":266,"column":3}},"74":{"start":{"line":259,"column":4},"end":{"line":265,"column":5}},"75":{"start":{"line":260,"column":6},"end":{"line":262,"column":45}},"76":{"start":{"line":264,"column":6},"end":{"line":264,"column":16}},"77":{"start":{"line":268,"column":30},"end":{"line":306,"column":3}},"78":{"start":{"line":270,"column":23},"end":{"line":292,"column":17}},"79":{"start":{"line":274,"column":14},"end":{"line":280,"column":20}},"80":{"start":{"line":276,"column":20},"end":{"line":277,"column":71}},"81":{"start":{"line":278,"column":20},"end":{"line":278,"column":40}},"82":{"start":{"line":281,"column":12},"end":{"line":284,"column":14}},"83":{"start":{"line":283,"column":16},"end":{"line":283,"column":68}},"84":{"start":{"line":285,"column":12},"end":{"line":285,"column":46}},"85":{"start":{"line":286,"column":12},"end":{"line":290,"column":14}},"86":{"start":{"line":287,"column":14},"end":{"line":289,"column":79}},"87":{"start":{"line":294,"column":6},"end":{"line":301,"column":7}},"88":{"start":{"line":298,"column":8},"end":{"line":300,"column":10}},"89":{"start":{"line":299,"column":10},"end":{"line":299,"column":54}},"90":{"start":{"line":303,"column":6},"end":{"line":303,"column":37}},"91":{"start":{"line":308,"column":2},"end":{"line":316,"column":34}},"92":{"start":{"line":309,"column":4},"end":{"line":315,"column":5}},"93":{"start":{"line":310,"column":6},"end":{"line":310,"column":17}},"94":{"start":{"line":311,"column":6},"end":{"line":314,"column":9}},"95":{"start":{"line":318,"column":2},"end":{"line":333,"column":5}},"96":{"start":{"line":319,"column":4},"end":{"line":319,"column":26}},"97":{"start":{"line":320,"column":4},"end":{"line":323,"column":5}},"98":{"start":{"line":321,"column":6},"end":{"line":321,"column":17}},"99":{"start":{"line":322,"column":6},"end":{"line":322,"column":26}},"100":{"start":{"line":335,"column":2},"end":{"line":337,"column":5}},"101":{"start":{"line":336,"column":4},"end":{"line":336,"column":50}},"102":{"start":{"line":339,"column":20},"end":{"line":346,"column":3}},"103":{"start":{"line":340,"column":4},"end":{"line":340,"column":47}},"104":{"start":{"line":341,"column":4},"end":{"line":341,"column":58}},"105":{"start":{"line":342,"column":4},"end":{"line":345,"column":18}},"106":{"start":{"line":344,"column":31},"end":{"line":344,"column":78}},"107":{"start":{"line":347,"column":19},"end":{"line":349,"column":3}},"108":{"start":{"line":348,"column":4},"end":{"line":348,"column":58}},"109":{"start":{"line":351,"column":2},"end":{"line":357,"column":3}},"110":{"start":{"line":356,"column":4},"end":{"line":356,"column":26}},"111":{"start":{"line":359,"column":24},"end":{"line":371,"column":77}},"112":{"start":{"line":360,"column":28},"end":{"line":360,"column":54}},"113":{"start":{"line":361,"column":4},"end":{"line":369,"column":67}},"114":{"start":{"line":373,"column":25},"end":{"line":377,"column":49}},"115":{"start":{"line":374,"column":4},"end":{"line":376,"column":6}},"116":{"start":{"line":379,"column":2},"end":{"line":387,"column":20}},"117":{"start":{"line":380,"column":4},"end":{"line":385,"column":5}},"118":{"start":{"line":381,"column":6},"end":{"line":384,"column":9}},"119":{"start":{"line":389,"column":2},"end":{"line":717,"column":4}},"120":{"start":{"line":412,"column":22},"end":{"line":451,"column":23}},"121":{"start":{"line":426,"column":34},"end":{"line":426,"column":44}},"122":{"start":{"line":427,"column":34},"end":{"line":427,"column":53}},"123":{"start":{"line":442,"column":32},"end":{"line":442,"column":42}},"124":{"start":{"line":443,"column":32},"end":{"line":443,"column":51}},"125":{"start":{"line":465,"column":28},"end":{"line":465,"column":38}},"126":{"start":{"line":466,"column":28},"end":{"line":470,"column":30}},"127":{"start":{"line":486,"column":18},"end":{"line":654,"column":29}},"128":{"start":{"line":489,"column":22},"end":{"line":493,"column":45}},"129":{"start":{"line":515,"column":22},"end":{"line":516,"column":77}},"130":{"start":{"line":517,"column":22},"end":{"line":609,"column":24}},"131":{"start":{"line":539,"column":28},"end":{"line":547,"column":29}},"132":{"start":{"line":546,"column":30},"end":{"line":546,"column":50}},"133":{"start":{"line":555,"column":53},"end":{"line":555,"column":72}},"134":{"start":{"line":640,"column":32},"end":{"line":640,"column":52}},"135":{"start":{"line":641,"column":32},"end":{"line":641,"column":61}},"136":{"start":{"line":671,"column":16},"end":{"line":671,"column":38}},"137":{"start":{"line":691,"column":20},"end":{"line":699,"column":31}},"138":{"start":{"line":702,"column":20},"end":{"line":710,"column":31}}},"fnMap":{"0":{"name":"(anonymous_0)","decl":{"start":{"line":98,"column":20},"end":{"line":98,"column":21}},"loc":{"start":{"line":98,"column":36},"end":{"line":718,"column":1}},"line":98},"1":{"name":"(anonymous_1)","decl":{"start":{"line":128,"column":4},"end":{"line":128,"column":5}},"loc":{"start":{"line":128,"column":10},"end":{"line":128,"column":50}},"line":128},"2":{"name":"(anonymous_2)","decl":{"start":{"line":136,"column":6},"end":{"line":136,"column":7}},"loc":{"start":{"line":137,"column":8},"end":{"line":137,"column":62}},"line":137},"3":{"name":"(anonymous_3)","decl":{"start":{"line":146,"column":4},"end":{"line":146,"column":5}},"loc":{"start":{"line":146,"column":26},"end":{"line":146,"column":48}},"line":146},"4":{"name":"(anonymous_4)","decl":{"start":{"line":149,"column":4},"end"
[...]
column":6},"end":{"line":356,"column":8}},"58":{"start":{"line":358,"column":6},"end":{"line":361,"column":8}},"59":{"start":{"line":363,"column":6},"end":{"line":366,"column":8}},"60":{"start":{"line":368,"column":6},"end":{"line":371,"column":8}},"61":{"start":{"line":373,"column":6},"end":{"line":376,"column":8}},"62":{"start":{"line":379,"column":6},"end":{"line":382,"column":8}},"63":{"start":{"line":385,"column":6},"end":{"line":385,"column":19}}},"fnMap":{"0":{"name":"(anonymous_0)","decl":{"start":{"line":1,"column":25},"end":{"line":1,"column":26}},"loc":{"start":{"line":57,"column":5},"end":{"line":387,"column":1}},"line":57},"1":{"name":"(anonymous_1)","decl":{"start":{"line":147,"column":10},"end":{"line":147,"column":11}},"loc":{"start":{"line":147,"column":25},"end":{"line":147,"column":73}},"line":147},"2":{"name":"(anonymous_2)","decl":{"start":{"line":156,"column":10},"end":{"line":156,"column":11}},"loc":{"start":{"line":156,"column":25},"end":{"line":170,"column":11}},"line":156},"3":{"name":"(anonymous_3)","decl":{"start":{"line":183,"column":49},"end":{"line":183,"column":50}},"loc":{"start":{"line":183,"column":64},"end":{"line":196,"column":9}},"line":183},"4":{"name":"(anonymous_4)","decl":{"start":{"line":251,"column":47},"end":{"line":251,"column":48}},"loc":{"start":{"line":251,"column":62},"end":{"line":260,"column":7}},"line":251},"5":{"name":"(anonymous_5)","decl":{"start":{"line":335,"column":42},"end":{"line":335,"column":43}},"loc":{"start":{"line":335,"column":57},"end":{"line":342,"column":7}},"line":335}},"branchMap":{"0":{"loc":{"start":{"line":2,"column":2},"end":{"line":55,"column":3}},"type":"default-arg","locations":[{"start":{"line":2,"column":10},"end":{"line":55,"column":3}}],"line":2},"1":{"loc":{"start":{"line":58,"column":2},"end":{"line":386,"column":3}},"type":"switch","locations":[{"start":{"line":59,"column":4},"end":{"line":87,"column":8}},{"start":{"line":88,"column":4},"end":{"line":92,"column":8}},{"start":{"line":93,"column":4},"end":{"line":97,"column":8}},{"start":{"line":98,"column":4},"end":{"line":102,"column":8}},{"start":{"line":103,"column":4},"end":{"line":107,"column":8}},{"start":{"line":108,"column":4},"end":{"line":112,"column":8}},{"start":{"line":113,"column":4},"end":{"line":117,"column":8}},{"start":{"line":118,"column":4},"end":{"line":122,"column":8}},{"start":{"line":123,"column":4},"end":{"line":127,"column":8}},{"start":{"line":128,"column":4},"end":{"line":132,"column":8}},{"start":{"line":133,"column":4},"end":{"line":137,"column":8}},{"start":{"line":138,"column":4},"end":{"line":142,"column":8}},{"start":{"line":143,"column":4},"end":{"line":149,"column":8}},{"start":{"line":150,"column":4},"end":{"line":176,"column":8}},{"start":{"line":178,"column":4},"end":{"line":202,"column":8}},{"start":{"line":203,"column":4},"end":{"line":207,"column":8}},{"start":{"line":208,"column":4},"end":{"line":212,"column":8}},{"start":{"line":213,"column":4},"end":{"line":217,"column":8}},{"start":{"line":218,"column":4},"end":{"line":223,"column":8}},{"start":{"line":224,"column":4},"end":{"line":229,"column":8}},{"start":{"line":230,"column":4},"end":{"line":234,"column":8}},{"start":{"line":235,"column":4},"end":{"line":239,"column":8}},{"start":{"line":240,"column":4},"end":{"line":244,"column":8}},{"start":{"line":245,"column":4},"end":{"line":249,"column":8}},{"start":{"line":250,"column":4},"end":{"line":264,"column":8}},{"start":{"line":265,"column":4},"end":{"line":269,"column":8}},{"start":{"line":270,"column":4},"end":{"line":274,"column":8}},{"start":{"line":275,"column":4},"end":{"line":279,"column":8}},{"start":{"line":280,"column":4},"end":{"line":295,"column":8}},{"start":{"line":296,"column":4},"end":{"line":311,"column":8}},{"start":{"line":312,"column":4},"end":{"line":316,"column":8}},{"start":{"line":317,"column":4},"end":{"line":326,"column":8}},{"start":{"line":327,"column":4},"end":{"line":332,"column":8}},{"start":{"line":334,"column":4},"end":{"line":346,"column":8}},{"start":{"line":347,"column":4},"end":{"line":351,"column":8}},{"start":{"line":352,"column":4},"end":{"line":356,"column":8}},{"start":{"line":357,"column":4},"end":{"line":361,"column":8}},{"start":{"line":362,"column":4},"end":{"line":366,"column":8}},{"start":{"line":367,"column":4},"end":{"line":371,"column":8}},{"start":{"line":372,"column":4},"end":{"line":377,"column":5}},{"start":{"line":378,"column":4},"end":{"line":383,"column":5}},{"start":{"line":384,"column":4},"end":{"line":385,"column":19}}],"line":58},"2":{"loc":{"start":{"line":61,"column":8},"end":{"line":61,"column":21}},"type":"default-arg","locations":[{"start":{"line":61,"column":19},"end":{"line":61,"column":21}}],"line":61},"3":{"loc":{"start":{"line":62,"column":8},"end":{"line":62,"column":21}},"type":"default-arg","locations":[{"start":{"line":62,"column":19},"end":{"line":62,"column":21}}],"line":62},"4":{"loc":{"start":{"line":63,"column":8},"end":{"line":63,"column":22}},"type":"default-arg","locations":[{"start":{"line":63,"column":20},"end":{"line":63,"column":22}}],"line":63},"5":{"loc":{"start":{"line":64,"column":8},"end":{"line":64,"column":21}},"type":"default-arg","locations":[{"start":{"line":64,"column":19},"end":{"line":64,"column":21}}],"line":64},"6":{"loc":{"start":{"line":65,"column":8},"end":{"line":65,"column":20}},"type":"default-arg","locations":[{"start":{"line":65,"column":18},"end":{"line":65,"column":20}}],"line":65},"7":{"loc":{"start":{"line":66,"column":8},"end":{"line":66,"column":18}},"type":"default-arg","locations":[{"start":{"line":66,"column":16},"end":{"line":66,"column":18}}],"line":66},"8":{"loc":{"start":{"line":67,"column":8},"end":{"line":67,"column":19}},"type":"default-arg","locations":[{"start":{"line":67,"column":17},"end":{"line":67,"column":19}}],"line":67},"9":{"loc":{"start":{"line":68,"column":8},"end":{"line":68,"column":25}},"type":"default-arg","locations":[{"start":{"line":68,"column":23},"end":{"line":68,"column":25}}],"line":68},"10":{"loc":{"start":{"line":69,"column":8},"end":{"line":69,"column":30}},"type":"default-arg","locations":[{"start":{"line":69,"column":28},"end":{"line":69,"column":30}}],"line":69},"11":{"loc":{"start":{"line":70,"column":8},"end":{"line":70,"column":39}},"type":"default-arg","locations":[{"start":{"line":70,"column":37},"end":{"line":70,"column":39}}],"line":70},"12":{"loc":{"start":{"line":71,"column":8},"end":{"line":71,"column":24}},"type":"default-arg","locations":[{"start":{"line":71,"column":22},"end":{"line":71,"column":24}}],"line":71},"13":{"loc":{"start":{"line":152,"column":6},"end":{"line":172,"column":7}},"type":"if","locations":[{"start":{"line":152,"column":6},"end":{"line":172,"column":7}},{"start":{"line":152,"column":6},"end":{"line":172,"column":7}}],"line":152},"14":{"loc":{"start":{"line":180,"column":6},"end":{"line":197,"column":7}},"type":"if","locations":[{"start":{"line":180,"column":6},"end":{"line":197,"column":7}},{"start":{"line":180,"column":6},"end":{"line":197,"column":7}}],"line":180},"15":{"loc":{"start":{"line":301,"column":18},"end":{"line":303,"column":38}},"type":"cond-expr","locations":[{"start":{"line":302,"column":12},"end":{"line":302,"column":39}},{"start":{"line":303,"column":12},"end":{"line":303,"column":38}}],"line":301}},"s":{"0":6,"1":0,"2":0,"3":0,"4":0,"5":0,"6":0,"7":0,"8":0,"9":0,"10":0,"11":0,"12":0,"13":0,"14":0,"15":0,"16":0,"17":0,"18":0,"19":0,"20":0,"21":0,"22":0,"23":0,"24":0,"25":0,"26":0,"27":0,"28":0,"29":0,"30":0,"31":0,"32":0,"33":0,"34":0,"35":0,"36":0,"37":0,"38":0,"39":0,"40":0,"41":0,"42":0,"43":0,"44":0,"45":0,"46":0,"47":0,"48":0,"49":0,"50":0,"51":0,"52":0,"53":0,"54":0,"55":0,"56":0,"57":0,"58":0,"59":0,"60":0,"61":0,"62":0,"63":0},"f":{"0":0,"1":0,"2":0,"3":0,"4":0,"5":0},"b":{"0":[0],"1":[0,0,0,0,0,0,0,0,0,0,0,0,0,0,0,0,0,0,0,0,0,0,0,0,0,0,0,0,0,0,0,0,0,0,0,0,0,0,0,0,0,0],"2":[0],"3":[0],"4":[0],"5":[0],"6":[0],"7":[0],"8":[0],"9":[0],"10":[0],"11":[0],"12":[0],"13":[0,0],"14":[0,0],"15":[0,0]},"_coverageSchema":"1a1c01bbd47fc00a2c39e90264f33305004495a9","hash":"b7354316e6815949ba0bacec00ce5bf006eaf4f6"}
,"C:\\Development\\Projects\\cpq-portal\\src\\reducers\\layoutReducer.tsx": {"path":"C:\\Development\\Projects\\cpq-portal\\src\\reducers\\layoutReducer.tsx","statementMap":{"0":{"start":{"line":1,"column":21},"end":{"line":3,"column":1}},"1":{"start":{"line":5,"column":44},"end":{"line":5,"column":74}},"2":{"start":{"line":7,"column":22},"end":{"line":21,"column":1}},"3":{"start":{"line":11,"column":2},"end":{"line":20,"column":3}},"4":{"start":{"line":13,"column":6},"end":{"line":16,"column":8}},"5":{"start":{"line":19,"column":6},"end":{"line":19,"column":19}}},"fnMap":{"0":{"name":"(anonymous_0)","decl":{"start":{"line":7,"column":22},"end":{"line":7,"column":23}},"loc":{"start":{"line":10,"column":26},"end":{"line":21,"column":1}},"line":10}},"branchMap":{"0":{"loc":{"start":{"line":8,"column":2},"end":{"line":8,"column":22}},"type":"default-arg","locations":[{"start":{"line":8,"column":10},"end":{"line":8,"column":22}}],"line":8},"1":{"loc":{"start":{"line":11,"column":2},"end":{"line":20,"column":3}},"type":"switch","locations":[{"start":{"line":12,"column":4},"end":{"line":16,"column":8}},{"start":{"line":18,"column":4},"end":{"line":19,"column":19}}],"line":11}},"s":{"0":1,"1":1,"2":1,"3":0,"4":0,"5":0},"f":{"0":0},"b":{"0":[0],"1":[0,0]},"_coverageSchema":"1a1c01bbd47fc00a2c39e90264f33305004495a9","hash":"5b66c09d6f0cad01c063ddb12f6f4b265a2d133c"}
,"C:\\Development\\Projects\\cpq-portal\\src\\reducers\\simplifiedQuoteReducer.tsx": {"path":"C:\\Development\\Projects\\cpq-portal\\src\\reducers\\simplifiedQuoteReducer.tsx","statementMap":{"0":{"start":{"line":6,"column":31},"end":{"line":238,"column":1}},"1":{"start":{"line":38,"column":2},"end":{"line":237,"column":3}},"2":{"start":{"line":40,"column":6},"end":{"line":46,"column":8}},"3":{"start":{"line":49,"column":8},"end":{"line":51,"column":14}},"4":{"start":{"line":52,"column":6},"end":{"line":59,"column":8}},"5":{"start":{"line":61,"column":6},"end":{"line":64,"column":8}},"6":{"start":{"line":66,"column":6},"end":{"line":69,"column":8}},"7":{"start":{"line":71,"column":6},"end":{"line":74,"column":8}},"8":{"start":{"line":76,"column":6},"end":{"line":79,"column":8}},"9":{"start":{"line":81,"column":6},"end":{"line":84,"column":8}},"10":{"start":{"line":86,"column":6},"end":{"line":89,"column":8}},"11":{"start":{"line":91,"column":6},"end":{"line":91,"column":52}},"12":{"start":{"line":93,"column":6},"end":{"line":93,"column":55}},"13":{"start":{"line":95,"column":6},"end":{"line":95,"column":55}},"14":{"start":{"line":98,"column":8},"end":{"line":98,"column":72}},"15":{"start":{"line":99,"column":42},"end":{"line":101,"column":7}},"16":{"start":{"line":100,"column":31},"end":{"line":100,"column":72}},"17":{"start":{"line":102,"column":6},"end":{"line":107,"column":8}},"18":{"start":{"line":109,"column":6},"end":{"line":112,"column":8}},"19":{"start":{"line":114,"column":6},"end":{"line":117,"column":8}},"20":{"start":{"line":119,"column":6},"end":{"line":122,"column":8}},"21":{"start":{"line":124,"column":6},"end":{"line":127,"column":8}},"22":{"start":{"line":129,"column":6},"end":{"line":132,"column":8}},"23":{"start":{"line":134,"column":6},"end":{"line":137,"column":8}},"24":{"start":{"line":139,"column":6},"end":{"line":143,"column":8}},"25":{"start":{"line":145,"column":6},"end":{"line":152,"column":8}},"26":{"start":{"line":154,"column":6},"end":{"line":157,"column":8}},"27":{"start":{"line":159,"column":6},"end":{"line":162,"column":8}},"28":{"start":{"line":164,"column":6},"end":{"line":175,"column":8}},"29":{"start":{"line":177,"column":6},"end":{"line":180,"column":8}},"30":{"start":{"line":182,"column":6},"end":{"line":185,"column":8}},"31":{"start":{"line":187,"column":31},"end":{"line":195,"column":8}},"32":{"start":{"line":188,"column":8},"end":{"line":194,"column":10}},"33":{"start":{"line":196,"column":6},"end":{"line":199,"column":8}},"34":{"start":{"line":201,"column":6},"end":{"line":204,"column":8}},"35":{"start":{"line":207,"column":8},"end":{"line":207,"column":22}},"36":{"start":{"line":208,"column":6},"end":{"line":216,"column":8}},"37":{"start":{"line":218,"column":6},"end":{"line":221,"column":8}},"38":{"start":{"line":223,"column":6},"end":{"line":226,"column":8}},"39":{"start":{"line":228,"column":6},"end":{"line":234,"column":8}},"40":{"start":{"line":236,"column":6},"end":{"line":236,"column":19}}},"fnMap":{"0":{"name":"(anonymous_0)","decl":{"start":{"line":6,"column":31},"end":{"line":6,"column":32}},"loc":{"start":{"line":37,"column":5},"end":{"line":238,"column":1}},"line":37},"1":{"name":"(anonymous_1)","decl":{"start":{"line":100,"column":8},"end":{"line":100,"column":9}},"loc":{"start":{"line":100,"column":31},"end":{"line":100,"column":72}},"line":100},"2":{"name":"(anonymous_2)","decl":{"start":{"line":187,"column":50},"end":{"line":187,"column":51}},"loc":{"start":{"line":187,"column":65},"end":{"line":195,"column":7}},"line":187}},"branchMap":{"0":{"loc":{"start":{"line":7,"column":2},"end":{"line":35,"column":3}},"type":"default-arg","locations":[{"start":{"line":7,"column":10},"end":{"line":35,"column":3}}],"line":7},"1":{"loc":{"start":{"line":38,"column":2},"end":{"line":237,"column":3}},"type":"switch","locations":[{"start":{"line":39,"column":4},"end":{"line":46,"column":8}},{"start":{"line":47,"column":4},"end":{"line":59,"column":8}},{"start":{"line":60,"column":4},"end":{"line":64,"column":8}},{"start":{"line":65,"column":4},"end":{"line":69,"column":8}},{"start":{"line":70,"column":4},"end":{"line":74,"column":8}},{"start":{"line":75,"column":4},"end":{"line":79,"column":8}},{"start":{"line":80,"column":4},"end":{"line":84,"column":8}},{"start":{"line":85,"column":4},"end":{"line":89,"column":8}},{"start":{"line":90,"column":4},"end":{"line":91,"column":52}},{"start":{"line":92,"column":4},"end":{"line":93,"column":55}},{"start":{"line":94,"column":4},"end":{"line":95,"column":55}},{"start":{"line":96,"column":4},"end":{"line":107,"column":8}},{"start":{"line":108,"column":4},"end":{"line":112,"column":8}},{"start":{"line":113,"column":4},"end":{"line":117,"column":8}},{"start":{"line":118,"column":4},"end":{"line":122,"column":8}},{"start":{"line":123,"column":4},"end":{"line":127,"column":8}},{"start":{"line":128,"column":4},"end":{"line":132,"column":8}},{"start":{"line":133,"column":4},"end":{"line":137,"column":8}},{"start":{"line":138,"column":4},"end":{"line":143,"column":8}},{"start":{"line":144,"column":4},"end":{"line":152,"column":8}},{"start":{"line":153,"column":4},"end":{"line":157,"column":8}},{"start":{"line":158,"column":4},"end":{"line":162,"column":8}},{"start":{"line":163,"column":4},"end":{"line":175,"column":8}},{"start":{"line":176,"column":4},"end":{"line":180,"column":8}},{"start":{"line":181,"column":4},"end":{"line":185,"column":8}},{"start":{"line":186,"column":4},"end":{"line":199,"column":8}},{"start":{"line":200,"column":4},"end":{"line":204,"column":8}},{"start":{"line":205,"column":4},"end":{"line":216,"column":8}},{"start":{"line":217,"column":4},"end":{"line":221,"column":8}},{"start":{"line":222,"column":4},"end":{"line":226,"column":8}},{"start":{"line":227,"column":4},"end":{"line":234,"column":8}},{"start":{"line":235,"column":4},"end":{"line":236,"column":19}}],"line":38},"2":{"loc":{"start":{"line":49,"column":8},"end":{"line":51,"column":14}},"type":"cond-expr","locations":[{"start":{"line":50,"column":12},"end":{"line":50,"column":53}},{"start":{"line":51,"column":12},"end":{"line":51,"column":14}}],"line":49},"3":{"loc":{"start":{"line":49,"column":8},"end":{"line":49,"column":55}},"type":"binary-expr","locations":[{"start":{"line":49,"column":8},"end":{"line":49,"column":22}},{"start":{"line":49,"column":26},"end":{"line":49,"column":55}}],"line":49},"4":{"loc":{"start":{"line":98,"column":8},"end":{"line":98,"column":72}},"type":"cond-expr","locations":[{"start":{"line":98,"column":43},"end":{"line":98,"column":67}},{"start":{"line":98,"column":70},"end":{"line":98,"column":72}}],"line":98},"5":{"loc":{"start":{"line":106,"column":10},"end":{"line":106,"column":75}},"type":"cond-expr","locations":[{"start":{"line":106,"column":39},"end":{"line":106,"column":70}},{"start":{"line":106,"column":73},"end":{"line":106,"column":75}}],"line":106}},"s":{"0":4,"1":0,"2":0,"3":0,"4":0,"5":0,"6":0,"7":0,"8":0,"9":0,"10":0,"11":0,"12":0,"13":0,"14":0,"15":0,"16":0,"17":0,"18":0,"19":0,"20":0,"21":0,"22":0,"23":0,"24":0,"25":0,"26":0,"27":0,"28":0,"29":0,"30":0,"31":0,"32":0,"33":0,"34":0,"35":0,"36":0,"37":0,"38":0,"39":0,"40":0},"f":{"0":0,"1":0,"2":0},"b":{"0":[0],"1":[0,0,0,0,0,0,0,0,0,0,0,0,0,0,0,0,0,0,0,0,0,0,0,0,0,0,0,0,0,0,0,0],"2":[0,0],"3":[0,0],"4":[0,0],"5":[0,0]},"_coverageSchema":"1a1c01bbd47fc00a2c39e90264f33305004495a9","hash":"f95b5a25e56d0fd560e3449f9ced2efc6629b6ed"}
,"C:\\Development\\Projects\\cpq-portal\\src\\reducers\\userResourceReducer.tsx": {"path":"C:\\Development\\Projects\\cpq-portal\\src\\reducers\\userResourceReducer.tsx","statementMap":{"0":{"start":{"line":3,"column":41},"end":{"line":8,"column":1}},"1":{"start":{"line":10,"column":28},"end":{"line":57,"column":1}},"2":{"start":{"line":11,"column":2},"end":{"line":56,"column":3}},"3":{"start":{"line":13,"column":6},"end":{"line":16,"column":8}},"4":{"start":{"line":18,"column":6},"end":{"line":21,"column":8}},"5":{"start":{"line":23,"column":6},"end":{"line":30,"column":8}},"6":{"start":{"line":33,"column":6},"end":{"line":38,"column":8}},"7":{"start":{"line":36,"column":44},"end":{"line":36,"column":78}},"8":{"start":{"line":40,"column":6},"end":{"line":47,"column":8}},"9":{"start":{"line":43,"column":10},"end":{"line":45,"column":26}},"10":{"start":{"line":49,"column":6},"end":{"line":52,"column":8}},"11":{"start":{"line":55,"column":6},"end":{"line":55,"column":19}}},"fnMap":{"0":{"name":"(anonymous_0)","decl":{"start":{"line":10,"column":28},"end":{"line":10,"column":29}},"loc":{"start":{"line":10,"column":67},"end":{"line":57,"column":1}},"line":10},"1":{"name":"(anonymous_1)","decl":{"start":{"line":36,"column":10},"end":{"line":36,"column":11}},"loc":{"start":{"line":36,"column":44},"end":{"line":36,"column":78}},"line":36},"2":{"name":"(anonymous_2)","decl":{"start":{"line":42,"column":47},"end":{"line":42,"column":48}},"loc":{"start":{"line":43,"column":10},"end":{"line":45,"column":26}},"line":43}},"branchMap":{"0":{"loc":{"start":{"line":10,"column":29},"end":{"line":10,"column":49}},"type":"default-arg","locations":[{"start":{"line":10,"column":37},"end":{"line":10,"column":49}}],"line":10},"1":{"loc":{"start":{"line":11,"column":2},"end":{"line":56,"column":3}},"type":"switch","locations":[{"start":{"line":12,"column":4},"end":{"line":16,"column":8}},{"start":{"line":17,"column":4},"end":{"line":21,"column":8}},{"start":{"line":22,"column":4},"end":{"line":31,"column":5}},{"start":{"line":32,"column":4},"end":{"line":38,"column":8}},{"start":{"line":39,"column":4},"end":{"line":47,"column":8}},{"start":{"line":48,"column":4},"end":{"line":52,"column":8}},{"start":{"line":54,"column":4},"end":{"line":55,"column":19}}],"line":11},"2":{"loc":{"start":{"line":27,"column":14},"end":{"line":27,"column":53}},"type":"cond-expr","locations":[{"start":{"line":27,"column":31},"end":{"line":27,"column":48}},{"start":{"line":27,"column":51},"end":{"line":27,"column":53}}],"line":27},"3":{"loc":{"start":{"line":43,"column":10},"end":{"line":45,"column":26}},"type":"cond-expr","locations":[{"start":{"line":44,"column":14},"end":{"line":44,"column":65}},{"start":{"line":45,"column":14},"end":{"line":45,"column":26}}],"line":43}},"s":{"0":3,"1":3,"2":0,"3":0,"4":0,"5":0,"6":0,"7":0,"8":0,"9":0,"10":0,"11":0},"f":{"0":0,"1":0,"2":0},"b":{"0":[0],"1":[0,0,0,0,0,0,0],"2":[0,0],"3":[0,0]},"_coverageSchema":"1a1c01bbd47fc00a2c39e90264f33305004495a9","hash":"460878bc1721dbbf914709eb82a68b77306a735d"}
}
