TN:
SF:src\common\Constants.tsx
FNF:0
FNH:0
DA:1,12
DA:2,12
DA:3,12
DA:4,12
DA:5,12
DA:6,12
DA:7,12
DA:8,12
DA:31,12
DA:32,12
DA:33,12
DA:35,12
DA:36,12
DA:57,12
DA:58,12
LF:15
LH:15
BRF:0
BRH:0
end_of_record
TN:
SF:src\common\StyledComponents.tsx
FN:5,(anonymous_0)
FNF:1
FNH:1
FNDA:10,(anonymous_0)
DA:5,10
LF:1
LH:1
BRF:0
BRH:0
end_of_record
TN:
SF:src\common\Validations.tsx
FN:1,(anonymous_0)
FN:5,(anonymous_1)
FN:9,(anonymous_2)
FN:14,(anonymous_3)
FN:18,(anonymous_4)
FN:21,(anonymous_5)
FN:53,(anonymous_6)
FN:54,(anonymous_7)
FNF:8
FNH:0
FNDA:0,(anonymous_0)
FNDA:0,(anonymous_1)
FNDA:0,(anonymous_2)
FNDA:0,(anonymous_3)
FNDA:0,(anonymous_4)
FNDA:0,(anonymous_5)
FNDA:0,(anonymous_6)
FNDA:0,(anonymous_7)
DA:1,1
DA:2,0
DA:3,0
DA:5,1
DA:6,0
DA:7,0
DA:8,0
DA:9,0
DA:11,0
DA:14,1
DA:15,0
DA:16,0
DA:18,1
DA:20,0
DA:21,0
DA:22,0
DA:23,0
DA:24,0
DA:25,0
DA:29,0
DA:33,0
DA:34,0
DA:35,0
DA:41,0
DA:42,0
DA:44,0
DA:45,0
DA:48,0
DA:50,0
DA:53,1
DA:54,0
DA:55,0
DA:56,0
DA:57,0
DA:62,0
DA:64,0
DA:65,0
DA:66,0
DA:67,0
DA:69,0
DA:70,0
DA:72,0
DA:73,0
DA:74,0
DA:78,0
DA:80,0
DA:81,0
DA:84,0
DA:86,0
DA:87,0
DA:90,0
DA:92,0
DA:93,0
DA:94,0
DA:98,0
DA:100,0
LF:56
LH:5
BRDA:7,0,0,0
BRDA:7,0,1,0
BRDA:20,1,0,0
BRDA:20,1,1,0
BRDA:20,2,0,0
BRDA:20,2,1,0
BRDA:22,3,0,0
BRDA:22,3,1,0
BRDA:23,4,0,0
BRDA:23,4,1,0
BRDA:23,5,0,0
BRDA:23,5,1,0
BRDA:26,6,0,0
BRDA:26,6,1,0
BRDA:29,7,0,0
BRDA:29,7,1,0
BRDA:30,8,0,0
BRDA:30,8,1,0
BRDA:30,8,2,0
BRDA:35,9,0,0
BRDA:35,9,1,0
BRDA:36,10,0,0
BRDA:36,10,1,0
BRDA:36,10,2,0
BRDA:36,10,3,0
BRDA:53,11,0,0
BRDA:55,12,0,0
BRDA:55,12,1,0
BRDA:55,13,0,0
BRDA:55,13,1,0
BRDA:55,13,2,0
BRDA:58,14,0,0
BRDA:58,14,1,0
BRDA:62,15,0,0
BRDA:62,15,1,0
BRDA:62,15,2,0
BRDA:62,15,3,0
BRDA:62,15,4,0
BRDA:64,16,0,0
BRDA:64,16,1,0
BRDA:64,17,0,0
BRDA:64,17,1,0
BRDA:72,18,0,0
BRDA:72,18,1,0
BRDA:74,19,0,0
BRDA:74,19,1,0
BRDA:81,20,0,0
BRDA:81,20,1,0
BRDA:87,21,0,0
BRDA:87,21,1,0
BRF:50
BRH:0
end_of_record
TN:
SF:src\common\util.tsx
FN:27,(anonymous_0)
FN:44,(anonymous_1)
FN:54,(anonymous_2)
FN:71,(anonymous_3)
FN:77,(anonymous_4)
FN:84,(anonymous_5)
FN:99,(anonymous_6)
FN:113,(anonymous_7)
FN:124,(anonymous_8)
FN:135,(anonymous_9)
FN:174,(anonymous_10)
FN:187,(anonymous_11)
FN:189,(anonymous_12)
FN:192,(anonymous_13)
FN:195,(anonymous_14)
FN:201,(anonymous_15)
FN:203,(anonymous_16)
FN:213,(anonymous_17)
FN:214,(anonymous_18)
FN:216,(anonymous_19)
FN:222,(anonymous_20)
FN:231,(anonymous_21)
FN:232,(anonymous_22)
FN:240,(anonymous_23)
FN:252,(anonymous_24)
FN:253,(anonymous_25)
FN:255,(anonymous_26)
FN:258,(anonymous_27)
FN:269,(anonymous_28)
FN:270,(anonymous_29)
FN:273,(anonymous_30)
FN:278,(anonymous_31)
FN:284,(anonymous_32)
FN:298,(anonymous_33)
FN:307,(anonymous_34)
FN:360,(anonymous_35)
FN:367,(anonymous_36)
FN:383,(anonymous_37)
FN:395,(anonymous_38)
FN:423,(anonymous_39)
FN:424,(anonymous_40)
FN:431,(anonymous_41)
FN:447,(anonymous_42)
FN:481,(anonymous_43)
FNF:44
FNH:7
FNDA:0,(anonymous_0)
FNDA:0,(anonymous_1)
FNDA:0,(anonymous_2)
FNDA:0,(anonymous_3)
FNDA:0,(anonymous_4)
FNDA:0,(anonymous_5)
FNDA:0,(anonymous_6)
FNDA:0,(anonymous_7)
FNDA:0,(anonymous_8)
FNDA:0,(anonymous_9)
FNDA:0,(anonymous_10)
FNDA:18,(anonymous_11)
FNDA:32,(anonymous_12)
FNDA:32,(anonymous_13)
FNDA:93,(anonymous_14)
FNDA:0,(anonymous_15)
FNDA:0,(anonymous_16)
FNDA:0,(anonymous_17)
FNDA:0,(anonymous_18)
FNDA:0,(anonymous_19)
FNDA:0,(anonymous_20)
FNDA:0,(anonymous_21)
FNDA:0,(anonymous_22)
FNDA:0,(anonymous_23)
FNDA:0,(anonymous_24)
FNDA:0,(anonymous_25)
FNDA:6,(anonymous_26)
FNDA:0,(anonymous_27)
FNDA:0,(anonymous_28)
FNDA:0,(anonymous_29)
FNDA:0,(anonymous_30)
FNDA:0,(anonymous_31)
FNDA:0,(anonymous_32)
FNDA:0,(anonymous_33)
FNDA:0,(anonymous_34)
FNDA:0,(anonymous_35)
FNDA:0,(anonymous_36)
FNDA:0,(anonymous_37)
FNDA:0,(anonymous_38)
FNDA:0,(anonymous_39)
FNDA:0,(anonymous_40)
FNDA:15,(anonymous_41)
FNDA:60,(anonymous_42)
FNDA:0,(anonymous_43)
DA:27,12
DA:28,0
DA:30,0
DA:32,0
DA:34,0
DA:36,0
DA:38,0
DA:40,0
DA:44,12
DA:54,12
DA:55,0
DA:58,0
DA:59,0
DA:62,0
DA:63,0
DA:64,0
DA:65,0
DA:67,0
DA:71,12
DA:72,0
DA:73,0
DA:74,0
DA:77,0
DA:80,0
DA:81,0
DA:84,12
DA:89,0
DA:90,0
DA:91,0
DA:92,0
DA:94,0
DA:95,0
DA:100,0
DA:114,0
DA:124,12
DA:132,0
DA:134,0
DA:135,0
DA:136,0
DA:139,0
DA:140,0
DA:142,0
DA:143,0
DA:147,0
DA:149,0
DA:155,0
DA:156,0
DA:157,0
DA:158,0
DA:159,0
DA:163,0
DA:165,0
DA:174,12
DA:175,0
DA:176,0
DA:177,0
DA:178,0
DA:179,0
DA:180,0
DA:183,0
DA:184,0
DA:187,12
DA:188,18
DA:189,32
DA:191,18
DA:192,32
DA:195,18
DA:196,93
DA:197,45
DA:199,48
DA:200,48
DA:201,0
DA:202,0
DA:204,0
DA:209,48
DA:213,12
DA:214,0
DA:215,0
DA:216,0
DA:217,0
DA:218,0
DA:222,0
DA:223,0
DA:227,0
DA:231,12
DA:232,0
DA:233,0
DA:234,0
DA:235,0
DA:237,0
DA:238,0
DA:241,0
DA:248,0
DA:252,12
DA:253,0
DA:255,12
DA:256,6
DA:258,12
DA:259,0
DA:262,0
DA:269,12
DA:270,0
DA:271,0
DA:272,0
DA:273,0
DA:276,0
DA:279,0
DA:285,0
DA:294,0
DA:298,12
DA:299,0
DA:300,0
DA:305,0
DA:307,12
DA:311,0
DA:312,0
DA:315,0
DA:324,0
DA:328,0
DA:329,0
DA:330,0
DA:331,0
DA:332,0
DA:360,12
DA:365,0
DA:367,0
DA:368,0
DA:369,0
DA:370,0
DA:371,0
DA:373,0
DA:383,12
DA:388,0
DA:389,0
DA:393,0
DA:394,0
DA:395,0
DA:396,0
DA:398,0
DA:400,0
DA:404,0
DA:407,0
DA:412,0
DA:413,0
DA:415,0
DA:416,0
DA:419,0
DA:423,12
DA:424,0
DA:425,0
DA:428,0
DA:431,12
DA:440,15
DA:441,0
DA:443,15
DA:448,60
DA:449,60
DA:450,0
DA:451,0
DA:452,0
DA:453,0
DA:456,60
DA:457,0
DA:459,60
DA:460,0
DA:461,60
DA:462,15
DA:463,45
DA:464,44
DA:467,60
DA:470,15
DA:473,15
DA:474,15
DA:475,0
DA:476,0
DA:478,15
DA:481,12
DA:483,0
DA:487,0
DA:489,0
DA:490,0
DA:491,0
DA:493,0
DA:496,0
LF:184
LH:47
BRDA:28,0,0,0
BRDA:28,0,1,0
BRDA:28,0,2,0
BRDA:28,0,3,0
BRDA:28,0,4,0
BRDA:28,0,5,0
BRDA:72,1,0,0
BRDA:72,1,1,0
BRDA:94,2,0,0
BRDA:94,2,1,0
BRDA:101,3,0,0
BRDA:101,3,1,0
BRDA:134,4,0,0
BRDA:134,4,1,0
BRDA:139,5,0,0
BRDA:139,5,1,0
BRDA:142,6,0,0
BRDA:142,6,1,0
BRDA:155,7,0,0
BRDA:155,7,1,0
BRDA:157,8,0,0
BRDA:157,8,1,0
BRDA:158,9,0,0
BRDA:158,9,1,0
BRDA:165,10,0,0
BRDA:165,10,1,0
BRDA:179,11,0,0
BRDA:179,11,1,0
BRDA:179,12,0,0
BRDA:179,12,1,0
BRDA:183,13,0,0
BRDA:183,13,1,0
BRDA:196,14,0,45
BRDA:196,14,1,48
BRDA:200,15,0,0
BRDA:200,15,1,48
BRDA:200,16,0,48
BRDA:200,16,1,0
BRDA:202,17,0,0
BRDA:202,17,1,0
BRDA:217,18,0,0
BRDA:217,18,1,0
BRDA:223,19,0,0
BRDA:223,19,1,0
BRDA:231,20,0,0
BRDA:231,21,0,0
BRDA:232,22,0,0
BRDA:237,23,0,0
BRDA:237,23,1,0
BRDA:238,24,0,0
BRDA:238,24,1,0
BRDA:241,25,0,0
BRDA:241,25,1,0
BRDA:253,26,0,0
BRDA:253,26,1,0
BRDA:259,27,0,0
BRDA:259,27,1,0
BRDA:260,28,0,0
BRDA:260,28,1,0
BRDA:262,29,0,0
BRDA:262,29,1,0
BRDA:264,30,0,0
BRDA:264,30,1,0
BRDA:264,30,2,0
BRDA:265,31,0,0
BRDA:265,31,1,0
BRDA:265,31,2,0
BRDA:276,32,0,0
BRDA:276,32,1,0
BRDA:279,33,0,0
BRDA:279,33,1,0
BRDA:285,34,0,0
BRDA:285,34,1,0
BRDA:294,35,0,0
BRDA:294,35,1,0
BRDA:299,36,0,0
BRDA:299,36,1,0
BRDA:299,37,0,0
BRDA:299,37,1,0
BRDA:311,38,0,0
BRDA:311,38,1,0
BRDA:329,39,0,0
BRDA:329,39,1,0
BRDA:330,40,0,0
BRDA:330,40,1,0
BRDA:331,41,0,0
BRDA:331,41,1,0
BRDA:339,42,0,0
BRDA:339,42,1,0
BRDA:342,43,0,0
BRDA:342,43,1,0
BRDA:348,44,0,0
BRDA:348,44,1,0
BRDA:369,45,0,0
BRDA:369,45,1,0
BRDA:370,46,0,0
BRDA:370,46,1,0
BRDA:373,47,0,0
BRDA:373,47,1,0
BRDA:394,48,0,0
BRDA:394,48,1,0
BRDA:394,49,0,0
BRDA:394,49,1,0
BRDA:412,50,0,0
BRDA:412,50,1,0
BRDA:415,51,0,0
BRDA:415,51,1,0
BRDA:434,52,0,0
BRDA:435,53,0,0
BRDA:440,54,0,0
BRDA:440,54,1,15
BRDA:440,55,0,15
BRDA:440,55,1,0
BRDA:444,56,0,0
BRDA:444,56,1,15
BRDA:449,57,0,0
BRDA:449,57,1,60
BRDA:450,58,0,0
BRDA:450,58,1,0
BRDA:452,59,0,0
BRDA:452,59,1,0
BRDA:456,60,0,0
BRDA:456,60,1,60
BRDA:456,61,0,60
BRDA:456,61,1,60
BRDA:459,62,0,0
BRDA:459,62,1,60
BRDA:459,63,0,60
BRDA:459,63,1,60
BRDA:461,64,0,15
BRDA:461,64,1,45
BRDA:463,65,0,44
BRDA:463,65,1,1
BRDA:470,66,0,0
BRDA:470,66,1,15
BRDA:474,67,0,0
BRDA:474,67,1,15
BRDA:489,68,0,0
BRDA:489,68,1,0
BRDA:491,69,0,0
BRDA:491,69,1,0
BRF:141
BRH:20
end_of_record
TN:
SF:src\components\Add.tsx
FN:7,(anonymous_0)
FN:26,(anonymous_1)
FN:28,(anonymous_2)
FN:38,(anonymous_3)
FNF:4
FNH:4
FNDA:1,(anonymous_0)
FNDA:3,(anonymous_1)
FNDA:1,(anonymous_2)
FNDA:1,(anonymous_3)
DA:7,2
DA:26,2
DA:27,3
DA:28,3
DA:29,1
DA:30,1
DA:33,3
DA:39,1
LF:8
LH:8
BRDA:45,0,0,3
BRDA:45,0,1,1
BRF:2
BRH:2
end_of_record
TN:
SF:src\components\Button.tsx
FN:8,(anonymous_0)
FN:35,Button
FNF:2
FNH:2
FNDA:4,(anonymous_0)
FNDA:16,Button
DA:8,4
DA:36,16
DA:37,16
DA:53,16
LF:4
LH:4
BRDA:38,0,0,2
BRDA:38,0,1,14
BRDA:39,1,0,2
BRDA:39,1,1,14
BRDA:40,2,0,12
BRDA:40,2,1,4
BRDA:41,3,0,2
BRDA:41,3,1,14
BRDA:42,4,0,12
BRDA:42,4,1,4
BRDA:43,5,0,12
BRDA:43,5,1,4
BRDA:46,6,0,1
BRDA:46,6,1,15
BRDA:48,7,0,5
BRDA:48,7,1,10
BRDA:51,8,0,2
BRDA:51,8,1,14
BRDA:55,9,0,1
BRDA:55,9,1,15
BRDA:62,10,0,16
BRDA:62,10,1,1
BRF:22
BRH:22
end_of_record
TN:
SF:src\components\Chart.tsx
FN:14,createData
FN:30,Chart
FNF:2
FNH:2
FNDA:18,createData
FNDA:7,Chart
DA:15,18
DA:18,2
DA:31,7
DA:33,7
LF:4
LH:4
BRF:0
BRH:0
end_of_record
TN:
SF:src\components\ClipboardField.tsx
FN:10,ClipboardField
FN:40,(anonymous_1)
FN:58,(anonymous_2)
FNF:3
FNH:3
FNDA:7,ClipboardField
FNDA:1,(anonymous_1)
FNDA:1,(anonymous_2)
DA:11,7
DA:12,7
DA:25,7
DA:26,7
DA:27,7
DA:36,7
DA:37,7
DA:41,1
DA:59,1
LF:9
LH:9
BRDA:26,0,0,1
BRDA:26,0,1,6
BRDA:28,1,0,1
BRDA:28,1,1,6
BRDA:29,2,0,1
BRDA:29,2,1,6
BRDA:30,3,0,1
BRDA:30,3,1,6
BRDA:31,4,0,1
BRDA:31,4,1,6
BRDA:33,5,0,1
BRDA:33,5,1,6
BRDA:34,6,0,1
BRDA:34,6,1,6
BRDA:36,7,0,1
BRDA:36,7,1,6
BRDA:50,8,0,1
BRDA:50,8,1,6
BRDA:50,9,0,7
BRDA:50,9,1,1
BRDA:52,10,0,1
BRDA:52,10,1,5
BRDA:52,11,0,6
BRDA:52,11,1,1
BRF:24
BRH:24
end_of_record
TN:
SF:src\components\ConfirmationDialog.tsx
FN:11,ConfirmationDialog
FN:21,(anonymous_1)
FNF:2
FNH:1
FNDA:9,ConfirmationDialog
FNDA:0,(anonymous_1)
DA:12,9
DA:20,9
DA:21,9
DA:22,0
DA:24,9
LF:5
LH:4
BRF:0
BRH:0
end_of_record
TN:
SF:src\components\CustomSnackbarProvider.tsx
FN:5,(anonymous_0)
FN:14,(anonymous_1)
FNF:2
FNH:2
FNDA:1,(anonymous_0)
FNDA:1,(anonymous_1)
DA:5,1
DA:14,1
DA:15,1
DA:17,1
LF:4
LH:4
BRF:0
BRH:0
end_of_record
TN:
SF:src\components\CustomTable.tsx
FN:98,(anonymous_0)
FN:128,(anonymous_1)
FN:136,(anonymous_2)
FN:146,(anonymous_3)
FN:149,(anonymous_4)
FN:151,(anonymous_5)
FN:152,(anonymous_6)
FN:153,(anonymous_7)
FN:160,(anonymous_8)
FN:162,(anonymous_9)
FN:181,(anonymous_10)
FN:193,(anonymous_11)
FN:197,(anonymous_12)
FN:205,(anonymous_13)
FN:216,(anonymous_14)
FN:223,(anonymous_15)
FN:227,(anonymous_16)
FN:235,(anonymous_17)
FN:241,(anonymous_18)
FN:251,(anonymous_19)
FN:258,(anonymous_20)
FN:269,(anonymous_21)
FN:272,(anonymous_22)
FN:275,(anonymous_23)
FN:282,(anonymous_24)
FN:286,(anonymous_25)
FN:298,(anonymous_26)
FN:308,(anonymous_27)
FN:318,(anonymous_28)
FN:335,(anonymous_29)
FN:339,(anonymous_30)
FN:344,(anonymous_31)
FN:347,(anonymous_32)
FN:359,(anonymous_33)
FN:373,(anonymous_34)
FN:379,(anonymous_35)
FN:411,(anonymous_36)
FN:425,(anonymous_37)
FN:441,(anonymous_38)
FN:464,(anonymous_39)
FN:485,(anonymous_40)
FN:488,(anonymous_41)
FN:514,(anonymous_42)
FN:538,(anonymous_43)
FN:555,(anonymous_44)
FN:639,(anonymous_45)
FN:670,(anonymous_46)
FN:690,(anonymous_47)
FN:701,(anonymous_48)
FNF:49
FNH:23
FNDA:15,(anonymous_0)
FNDA:15,(anonymous_1)
FNDA:108,(anonymous_2)
FNDA:15,(anonymous_3)
FNDA:15,(anonymous_4)
FNDA:15,(anonymous_5)
FNDA:45,(anonymous_6)
FNDA:45,(anonymous_7)
FNDA:15,(anonymous_8)
FNDA:0,(anonymous_9)
FNDA:0,(anonymous_10)
FNDA:0,(anonymous_11)
FNDA:0,(anonymous_12)
FNDA:0,(anonymous_13)
FNDA:0,(anonymous_14)
FNDA:0,(anonymous_15)
FNDA:1,(anonymous_16)
FNDA:0,(anonymous_17)
FNDA:0,(anonymous_18)
FNDA:0,(anonymous_19)
FNDA:3,(anonymous_20)
FNDA:1,(anonymous_21)
FNDA:0,(anonymous_22)
FNDA:0,(anonymous_23)
FNDA:0,(anonymous_24)
FNDA:0,(anonymous_25)
FNDA:0,(anonymous_26)
FNDA:0,(anonymous_27)
FNDA:0,(anonymous_28)
FNDA:28,(anonymous_29)
FNDA:41,(anonymous_30)
FNDA:67,(anonymous_31)
FNDA:3,(anonymous_32)
FNDA:15,(anonymous_33)
FNDA:15,(anonymous_34)
FNDA:0,(anonymous_35)
FNDA:55,(anonymous_36)
FNDA:0,(anonymous_37)
FNDA:0,(anonymous_38)
FNDA:0,(anonymous_39)
FNDA:45,(anonymous_40)
FNDA:0,(anonymous_41)
FNDA:165,(anonymous_42)
FNDA:0,(anonymous_43)
FNDA:0,(anonymous_44)
FNDA:0,(anonymous_45)
FNDA:0,(anonymous_46)
FNDA:2,(anonymous_47)
FNDA:40,(anonymous_48)
DA:36,1
DA:98,1
DA:113,15
DA:114,15
DA:115,15
DA:116,15
DA:117,15
DA:126,15
DA:127,15
DA:128,15
DA:134,15
DA:137,108
DA:141,15
DA:142,15
DA:145,15
DA:146,15
DA:148,15
DA:149,15
DA:151,15
DA:152,45
DA:153,15
DA:154,45
DA:156,15
DA:157,15
DA:158,15
DA:159,15
DA:160,15
DA:162,15
DA:163,0
DA:180,15
DA:181,15
DA:185,0
DA:186,0
DA:188,0
DA:189,0
DA:190,0
DA:193,15
DA:194,0
DA:197,15
DA:198,0
DA:199,0
DA:205,15
DA:206,0
DA:208,0
DA:209,0
DA:210,0
DA:212,0
DA:214,0
DA:215,0
DA:216,0
DA:219,0
DA:223,15
DA:224,0
DA:227,15
DA:228,1
DA:229,1
DA:231,1
DA:232,1
DA:235,15
DA:236,0
DA:237,0
DA:238,0
DA:241,15
DA:244,0
DA:248,0
DA:251,15
DA:252,0
DA:253,0
DA:256,0
DA:258,15
DA:259,3
DA:260,3
DA:264,0
DA:268,15
DA:270,1
DA:274,0
DA:276,0
DA:278,0
DA:281,0
DA:283,0
DA:285,0
DA:286,0
DA:287,0
DA:294,1
DA:298,0
DA:299,0
DA:303,1
DA:308,15
DA:309,0
DA:310,0
DA:311,0
DA:318,15
DA:319,0
DA:320,0
DA:321,0
DA:322,0
DA:335,15
DA:336,28
DA:339,15
DA:340,41
DA:341,41
DA:342,41
DA:344,67
DA:347,15
DA:348,3
DA:351,15
DA:356,1
DA:359,15
DA:360,15
DA:361,15
DA:373,15
DA:374,15
DA:379,15
DA:380,0
DA:381,0
DA:389,15
DA:412,55
DA:426,0
DA:427,0
DA:442,0
DA:443,0
DA:465,0
DA:466,0
DA:486,45
DA:489,0
DA:515,165
DA:517,165
DA:539,0
DA:546,0
DA:555,0
DA:640,0
DA:641,0
DA:671,0
DA:691,2
DA:702,40
LF:135
LH:75
BRDA:134,0,0,15
BRDA:134,0,1,15
BRDA:137,1,0,1
BRDA:137,1,1,107
BRDA:143,2,0,1
BRDA:143,2,1,14
BRDA:158,3,0,15
BRDA:158,3,1,15
BRDA:180,4,0,15
BRDA:180,4,1,1
BRDA:185,5,0,0
BRDA:185,5,1,0
BRDA:185,6,0,0
BRDA:185,6,1,0
BRDA:194,7,0,0
BRDA:194,7,1,0
BRDA:208,8,0,0
BRDA:208,8,1,0
BRDA:209,9,0,0
BRDA:209,9,1,0
BRDA:209,10,0,0
BRDA:209,10,1,0
BRDA:212,11,0,0
BRDA:212,11,1,0
BRDA:214,12,0,0
BRDA:214,12,1,0
BRDA:214,13,0,0
BRDA:214,13,1,0
BRDA:219,14,0,0
BRDA:219,14,1,0
BRDA:228,15,0,1
BRDA:228,15,1,0
BRDA:237,16,0,0
BRDA:237,16,1,0
BRDA:259,17,0,3
BRDA:259,17,1,0
BRDA:260,18,0,0
BRDA:260,18,1,3
BRDA:260,19,0,3
BRDA:260,19,1,3
BRDA:261,20,0,0
BRDA:261,20,1,0
BRDA:262,21,0,3
BRDA:262,21,1,3
BRDA:270,22,0,0
BRDA:270,22,1,1
BRDA:271,23,0,0
BRDA:271,23,1,0
BRDA:274,24,0,0
BRDA:274,24,1,0
BRDA:274,25,0,0
BRDA:274,25,1,0
BRDA:276,26,0,0
BRDA:276,26,1,0
BRDA:283,27,0,0
BRDA:283,27,1,0
BRDA:287,28,0,0
BRDA:287,28,1,0
BRDA:287,29,0,0
BRDA:287,29,1,0
BRDA:289,30,0,0
BRDA:289,30,1,0
BRDA:294,31,0,0
BRDA:294,31,1,1
BRDA:295,32,0,1
BRDA:295,32,1,1
BRDA:295,32,2,1
BRDA:309,33,0,0
BRDA:309,33,1,0
BRDA:320,34,0,0
BRDA:320,34,1,0
BRDA:320,35,0,0
BRDA:320,35,1,0
BRDA:344,36,0,5
BRDA:344,36,1,62
BRDA:351,37,0,1
BRDA:351,37,1,14
BRDA:352,38,0,15
BRDA:352,38,1,1
BRDA:352,38,2,1
BRDA:375,39,0,15
BRDA:375,39,1,15
BRDA:375,39,2,15
BRDA:380,40,0,0
BRDA:380,40,1,0
BRDA:383,41,0,0
BRDA:383,41,1,0
BRDA:392,42,0,0
BRDA:392,42,1,15
BRDA:399,43,0,15
BRDA:399,43,1,0
BRDA:399,44,0,15
BRDA:399,44,1,15
BRDA:402,45,0,15
BRDA:402,45,1,0
BRDA:402,46,0,15
BRDA:402,46,1,15
BRDA:406,47,0,15
BRDA:406,47,1,15
BRDA:409,48,0,15
BRDA:409,48,1,15
BRDA:409,48,2,15
BRDA:412,49,0,0
BRDA:412,49,1,55
BRDA:412,50,0,55
BRDA:412,50,1,0
BRDA:416,51,0,14
BRDA:416,51,1,41
BRDA:416,52,0,55
BRDA:416,52,1,4
BRDA:416,52,2,51
BRDA:416,52,3,41
BRDA:416,52,4,0
BRDA:424,53,0,0
BRDA:424,53,1,14
BRDA:430,54,0,14
BRDA:430,54,1,0
BRDA:430,54,2,14
BRDA:440,55,0,0
BRDA:440,55,1,41
BRDA:446,56,0,41
BRDA:446,56,1,0
BRDA:446,56,2,41
BRDA:453,57,0,15
BRDA:453,57,1,13
BRDA:453,57,2,13
BRDA:459,58,0,1
BRDA:459,58,1,12
BRDA:463,59,0,0
BRDA:463,59,1,13
BRDA:467,60,0,0
BRDA:467,60,1,0
BRDA:489,61,0,0
BRDA:489,61,1,0
BRDA:489,61,2,0
BRDA:497,62,0,45
BRDA:497,62,1,45
BRDA:501,63,0,45
BRDA:501,63,1,0
BRDA:501,63,2,0
BRDA:506,64,0,0
BRDA:506,64,1,45
BRDA:507,65,0,0
BRDA:507,65,1,0
BRDA:508,66,0,45
BRDA:508,66,1,45
BRDA:510,67,0,45
BRDA:510,67,1,3
BRDA:510,67,2,3
BRDA:515,68,0,165
BRDA:515,68,1,12
BRDA:520,69,0,165
BRDA:520,69,1,0
BRDA:520,69,2,0
BRDA:524,70,0,0
BRDA:524,70,1,165
BRDA:524,71,0,165
BRDA:524,71,1,0
BRDA:524,71,2,0
BRDA:524,71,3,0
BRDA:524,71,4,0
BRDA:533,72,0,0
BRDA:533,72,1,165
BRDA:539,73,0,0
BRDA:539,73,1,0
BRDA:540,74,0,0
BRDA:540,74,1,0
BRDA:540,74,2,0
BRDA:540,74,3,0
BRDA:540,74,4,0
BRDA:551,75,0,42
BRDA:551,75,1,123
BRDA:553,76,0,3
BRDA:553,76,1,120
BRDA:558,77,0,0
BRDA:558,77,1,120
BRDA:558,78,0,120
BRDA:558,78,1,0
BRDA:561,79,0,0
BRDA:561,79,1,120
BRDA:570,80,0,3
BRDA:570,80,1,117
BRDA:572,81,0,3
BRDA:572,81,1,114
BRDA:574,82,0,3
BRDA:574,82,1,111
BRDA:575,83,0,3
BRDA:575,83,1,3
BRDA:576,84,0,3
BRDA:576,84,1,108
BRDA:576,85,0,111
BRDA:576,85,1,108
BRDA:579,86,0,3
BRDA:579,86,1,105
BRDA:580,87,0,3
BRDA:580,87,1,3
BRDA:581,88,0,3
BRDA:581,88,1,102
BRDA:583,89,0,0
BRDA:583,89,1,102
BRDA:583,90,0,102
BRDA:583,90,1,102
BRDA:586,91,0,3
BRDA:586,91,1,99
BRDA:588,92,0,3
BRDA:588,92,1,96
BRDA:590,93,0,0
BRDA:590,93,1,96
BRDA:591,94,0,0
BRDA:591,94,1,0
BRDA:598,95,0,0
BRDA:598,95,1,96
BRDA:598,96,0,96
BRDA:598,96,1,96
BRDA:600,97,0,0
BRDA:600,97,1,0
BRDA:611,98,0,45
BRDA:611,98,1,39
BRDA:611,98,2,39
BRDA:614,99,0,0
BRDA:614,99,1,39
BRDA:614,100,0,39
BRDA:614,100,1,3
BRDA:617,101,0,0
BRDA:617,101,1,0
BRDA:617,101,2,0
BRDA:618,102,0,39
BRDA:618,102,1,3
BRDA:623,103,0,39
BRDA:623,103,1,3
BRDA:623,103,2,0
BRDA:630,104,0,45
BRDA:630,104,1,45
BRDA:630,104,2,12
BRDA:630,104,3,12
BRDA:630,104,4,12
BRDA:649,105,0,45
BRDA:649,105,1,0
BRDA:649,105,2,0
BRDA:661,106,0,15
BRDA:661,106,1,1
BRDA:666,107,0,0
BRDA:666,107,1,1
BRDA:666,108,0,1
BRDA:666,108,1,0
BRDA:689,109,0,1
BRDA:689,109,1,14
BRF:247
BRH:137
end_of_record
TN:
SF:src\components\CustomTile.tsx
FN:17,(anonymous_0)
FN:39,CustomTile
FN:55,(anonymous_2)
FN:59,(anonymous_3)
FN:62,(anonymous_4)
FN:65,(anonymous_5)
FN:80,(anonymous_6)
FN:84,(anonymous_7)
FN:85,(anonymous_8)
FN:103,(anonymous_9)
FNF:10
FNH:7
FNDA:2,(anonymous_0)
FNDA:15,CustomTile
FNDA:1,(anonymous_2)
FNDA:1,(anonymous_3)
FNDA:0,(anonymous_4)
FNDA:0,(anonymous_5)
FNDA:1,(anonymous_6)
FNDA:1,(anonymous_7)
FNDA:1,(anonymous_8)
FNDA:0,(anonymous_9)
DA:17,2
DA:40,15
DA:41,15
DA:42,15
DA:43,15
DA:50,15
DA:53,15
DA:54,15
DA:55,15
DA:56,1
DA:59,15
DA:60,1
DA:62,15
DA:63,0
DA:65,15
DA:69,0
DA:70,0
DA:71,0
DA:72,0
DA:74,0
DA:77,15
DA:81,1
DA:82,1
DA:84,1
DA:85,1
DA:104,0
DA:105,0
LF:27
LH:19
BRDA:51,0,0,0
BRDA:51,0,1,15
BRDA:71,1,0,0
BRDA:71,1,1,0
BRDA:82,2,0,1
BRDA:82,2,1,0
BRDA:92,3,0,0
BRDA:92,3,1,15
BRDA:92,4,0,15
BRDA:92,4,1,0
BRDA:93,5,0,0
BRDA:93,5,1,0
BRDA:94,6,0,15
BRDA:94,6,1,15
BRDA:100,7,0,0
BRDA:100,7,1,15
BRDA:100,8,0,15
BRDA:100,8,1,1
BRDA:122,9,0,8
BRDA:122,9,1,7
BRDA:128,10,0,0
BRDA:128,10,1,15
BRDA:130,11,0,0
BRDA:130,11,1,15
BRDA:132,12,0,0
BRDA:132,12,1,15
BRDA:134,13,0,0
BRDA:134,13,1,15
BRDA:136,14,0,8
BRDA:136,14,1,7
BRDA:142,15,0,15
BRDA:142,15,1,0
BRDA:142,15,2,0
BRF:33
BRH:18
end_of_record
TN:
SF:src\components\Delete.tsx
FN:6,(anonymous_0)
FN:22,(anonymous_1)
FN:44,(anonymous_2)
FNF:3
FNH:2
FNDA:1,(anonymous_0)
FNDA:4,(anonymous_1)
FNDA:0,(anonymous_2)
DA:6,2
DA:22,2
DA:23,4
DA:24,4
DA:25,4
DA:26,4
DA:27,4
DA:44,0
LF:8
LH:7
BRDA:24,0,0,4
BRDA:24,0,1,0
BRDA:25,1,0,4
BRDA:25,1,1,0
BRF:4
BRH:2
end_of_record
TN:
SF:src\components\Deposits.tsx
FN:7,preventDefault
FN:17,Deposits
FNF:2
FNH:2
FNDA:1,preventDefault
FNDA:6,Deposits
DA:8,1
DA:11,2
DA:18,6
DA:19,6
LF:4
LH:4
BRF:0
BRH:0
end_of_record
TN:
SF:src\components\DrawerQuantityHandle.tsx
FN:15,(anonymous_0)
FN:38,DrawerQuantityHandle
FN:46,(anonymous_2)
FN:49,(anonymous_3)
FN:51,(anonymous_4)
FN:69,(anonymous_5)
FN:88,(anonymous_6)
FN:98,(anonymous_7)
FN:119,(anonymous_8)
FN:122,(anonymous_9)
FN:148,(anonymous_10)
FN:160,(anonymous_11)
FN:161,(anonymous_12)
FN:172,(anonymous_13)
FNF:14
FNH:11
FNDA:1,(anonymous_0)
FNDA:5,DrawerQuantityHandle
FNDA:6,(anonymous_2)
FNDA:6,(anonymous_3)
FNDA:1,(anonymous_4)
FNDA:1,(anonymous_5)
FNDA:0,(anonymous_6)
FNDA:0,(anonymous_7)
FNDA:1,(anonymous_8)
FNDA:2,(anonymous_9)
FNDA:1,(anonymous_10)
FNDA:0,(anonymous_11)
FNDA:1,(anonymous_12)
FNDA:1,(anonymous_13)
DA:15,1
DA:16,1
DA:39,5
DA:40,5
DA:41,5
DA:42,5
DA:43,5
DA:44,5
DA:45,5
DA:46,6
DA:48,5
DA:49,6
DA:51,5
DA:52,1
DA:53,1
DA:54,1
DA:59,1
DA:60,1
DA:61,1
DA:69,5
DA:70,1
DA:71,1
DA:72,1
DA:77,1
DA:78,1
DA:79,1
DA:87,5
DA:89,0
DA:90,0
DA:92,0
DA:98,5
DA:102,0
DA:103,0
DA:108,0
DA:109,0
DA:110,0
DA:119,5
DA:120,1
DA:121,1
DA:122,2
DA:123,1
DA:134,1
DA:145,5
DA:148,1
DA:160,0
DA:161,1
DA:172,1
LF:47
LH:38
BRDA:54,0,0,1
BRDA:54,0,1,0
BRDA:55,1,0,1
BRDA:55,1,1,0
BRDA:55,1,2,0
BRDA:72,2,0,1
BRDA:72,2,1,0
BRDA:73,3,0,1
BRDA:73,3,1,0
BRDA:73,3,2,0
BRDA:89,4,0,0
BRDA:89,4,1,0
BRDA:103,5,0,0
BRDA:103,5,1,0
BRDA:104,6,0,0
BRDA:104,6,1,0
BRDA:104,6,2,0
BRDA:121,7,0,1
BRDA:121,7,1,0
BRDA:121,8,0,1
BRDA:121,8,1,1
BRF:21
BRH:7
end_of_record
TN:
SF:src\components\Edit.tsx
FN:13,(anonymous_0)
FN:19,(anonymous_1)
FN:48,(anonymous_2)
FN:53,(anonymous_3)
FN:62,(anonymous_4)
FNF:5
FNH:4
FNDA:0,(anonymous_0)
FNDA:1,(anonymous_1)
FNDA:5,(anonymous_2)
FNDA:1,(anonymous_3)
FNDA:1,(anonymous_4)
DA:13,2
DA:19,2
DA:48,2
DA:49,5
DA:50,5
DA:51,5
DA:52,5
DA:53,5
DA:54,1
DA:55,1
DA:57,5
DA:63,1
LF:12
LH:12
BRDA:51,0,0,5
BRDA:51,0,1,2
BRDA:69,1,0,1
BRDA:69,1,1,4
BRDA:69,2,0,5
BRDA:69,2,1,1
BRDA:70,3,0,1
BRDA:70,3,1,1
BRDA:72,4,0,4
BRDA:72,4,1,1
BRDA:74,5,0,5
BRDA:74,5,1,2
BRF:12
BRH:12
end_of_record
TN:
SF:src\components\Footer.tsx
FN:7,(anonymous_0)
FN:19,Footer
FNF:2
FNH:2
FNDA:1,(anonymous_0)
FNDA:2,Footer
DA:7,1
DA:20,2
DA:21,2
DA:22,2
LF:4
LH:4
BRF:0
BRH:0
end_of_record
TN:
SF:src\components\Header.tsx
FN:21,(anonymous_0)
FN:25,(anonymous_1)
FN:54,(anonymous_2)
FN:107,Header
FN:112,(anonymous_4)
FN:115,(anonymous_5)
FN:129,(anonymous_6)
FN:135,(anonymous_7)
FN:139,(anonymous_8)
FN:179,(anonymous_9)
FNF:10
FNH:9
FNDA:7,(anonymous_0)
FNDA:3,(anonymous_1)
FNDA:6,(anonymous_2)
FNDA:6,Header
FNDA:18,(anonymous_4)
FNDA:18,(anonymous_5)
FNDA:2,(anonymous_6)
FNDA:1,(anonymous_7)
FNDA:1,(anonymous_8)
FNDA:0,(anonymous_9)
DA:21,3
DA:22,7
DA:25,3
DA:54,6
DA:108,6
DA:109,6
DA:110,6
DA:111,6
DA:112,18
DA:114,6
DA:115,18
DA:117,6
DA:118,6
DA:119,6
DA:121,6
DA:127,6
DA:128,6
DA:129,6
DA:130,2
DA:135,6
DA:136,1
DA:137,1
DA:139,6
DA:140,1
DA:141,1
DA:144,6
DA:150,6
DA:179,0
LF:28
LH:27
BRDA:22,0,0,0
BRDA:22,0,1,7
BRDA:117,1,0,6
BRDA:117,1,1,0
BRDA:118,2,0,0
BRDA:118,2,1,6
BRDA:118,3,0,6
BRDA:118,3,1,0
BRDA:121,4,0,6
BRDA:121,4,1,6
BRDA:121,4,2,6
BRDA:121,4,3,6
BRDA:121,4,4,6
BRDA:121,4,5,6
BRDA:155,5,0,6
BRDA:155,5,1,2
BRDA:158,6,0,1
BRDA:158,6,1,1
BRDA:166,7,0,2
BRDA:166,7,1,1
BRDA:167,8,0,2
BRDA:167,8,1,1
BRDA:171,9,0,2
BRDA:171,9,1,0
BRDA:171,10,0,2
BRDA:171,10,1,2
BRF:26
BRH:21
end_of_record
TN:
SF:src\components\HeaderToolbar.tsx
FN:48,(anonymous_0)
FN:52,(anonymous_1)
FN:85,(anonymous_2)
FN:86,(anonymous_3)
FN:116,(anonymous_4)
FN:228,HideOnScroll
FN:238,HeaderToolBar
FN:241,(anonymous_7)
FN:265,(anonymous_8)
FN:274,(anonymous_9)
FN:282,(anonymous_10)
FN:285,(anonymous_11)
FN:287,(anonymous_12)
FN:318,(anonymous_13)
FN:319,(anonymous_14)
FN:322,(anonymous_15)
FN:326,(anonymous_16)
FN:338,(anonymous_17)
FN:341,(anonymous_18)
FN:344,(anonymous_19)
FN:355,(anonymous_20)
FN:359,(anonymous_21)
FN:369,(anonymous_22)
FN:382,(anonymous_23)
FN:404,(anonymous_24)
FN:436,(anonymous_25)
FN:447,(anonymous_26)
FN:455,(anonymous_27)
FN:466,(anonymous_28)
FN:505,(anonymous_29)
FN:508,(anonymous_30)
FN:512,(anonymous_31)
FN:513,(anonymous_32)
FN:542,(anonymous_33)
FN:548,(anonymous_34)
FN:565,(anonymous_35)
FN:604,(anonymous_36)
FNF:37
FNH:21
FNDA:12,(anonymous_0)
FNDA:4,(anonymous_1)
FNDA:12,(anonymous_2)
FNDA:12,(anonymous_3)
FNDA:12,(anonymous_4)
FNDA:12,HideOnScroll
FNDA:12,HeaderToolBar
FNDA:28,(anonymous_7)
FNDA:28,(anonymous_8)
FNDA:28,(anonymous_9)
FNDA:2,(anonymous_10)
FNDA:28,(anonymous_11)
FNDA:28,(anonymous_12)
FNDA:12,(anonymous_13)
FNDA:0,(anonymous_14)
FNDA:4,(anonymous_15)
FNDA:8,(anonymous_16)
FNDA:0,(anonymous_17)
FNDA:0,(anonymous_18)
FNDA:0,(anonymous_19)
FNDA:0,(anonymous_20)
FNDA:0,(anonymous_21)
FNDA:0,(anonymous_22)
FNDA:7,(anonymous_23)
FNDA:5,(anonymous_24)
FNDA:0,(anonymous_25)
FNDA:0,(anonymous_26)
FNDA:0,(anonymous_27)
FNDA:5,(anonymous_28)
FNDA:0,(anonymous_29)
FNDA:0,(anonymous_30)
FNDA:0,(anonymous_31)
FNDA:0,(anonymous_32)
FNDA:1,(anonymous_33)
FNDA:1,(anonymous_34)
FNDA:0,(anonymous_35)
FNDA:0,(anonymous_36)
DA:44,4
DA:45,4
DA:46,4
DA:48,4
DA:49,12
DA:52,4
DA:85,12
DA:86,12
DA:116,12
DA:229,12
DA:230,12
DA:231,12
DA:239,12
DA:240,12
DA:241,28
DA:243,12
DA:244,12
DA:246,12
DA:253,12
DA:255,12
DA:256,12
DA:260,12
DA:261,12
DA:262,12
DA:263,12
DA:264,12
DA:265,28
DA:267,12
DA:268,12
DA:269,12
DA:270,12
DA:271,12
DA:272,12
DA:273,12
DA:274,28
DA:276,12
DA:278,12
DA:279,12
DA:280,12
DA:281,12
DA:282,12
DA:283,2
DA:285,28
DA:286,12
DA:287,28
DA:301,12
DA:302,12
DA:318,12
DA:319,12
DA:320,0
DA:322,12
DA:323,4
DA:326,12
DA:327,8
DA:328,1
DA:332,1
DA:338,12
DA:339,0
DA:341,12
DA:342,0
DA:344,12
DA:345,0
DA:346,0
DA:350,0
DA:355,12
DA:356,0
DA:359,12
DA:362,0
DA:368,12
DA:369,12
DA:370,0
DA:371,0
DA:375,0
DA:382,12
DA:383,7
DA:404,12
DA:405,5
DA:436,0
DA:447,12
DA:448,0
DA:456,0
DA:466,12
DA:467,5
DA:506,0
DA:509,0
DA:512,0
DA:513,0
DA:542,1
DA:548,1
DA:565,12
DA:566,0
DA:605,0
DA:621,12
LF:93
LH:73
BRDA:49,0,0,0
BRDA:49,0,1,12
BRDA:230,1,0,0
BRDA:230,1,1,12
BRDA:246,2,0,12
BRDA:246,2,1,12
BRDA:246,2,2,12
BRDA:246,2,3,12
BRDA:246,2,4,12
BRDA:246,2,5,12
BRDA:253,3,0,12
BRDA:253,3,1,12
BRDA:267,4,0,12
BRDA:267,4,1,0
BRDA:268,5,0,0
BRDA:268,5,1,12
BRDA:268,6,0,12
BRDA:268,6,1,0
BRDA:327,7,0,1
BRDA:327,7,1,7
BRDA:370,8,0,0
BRDA:370,8,1,0
BRDA:370,9,0,0
BRDA:370,9,1,0
BRDA:387,10,0,0
BRDA:387,10,1,7
BRDA:409,11,0,5
BRDA:409,11,1,0
BRDA:414,12,0,5
BRDA:414,12,1,0
BRDA:414,12,2,0
BRDA:431,13,0,5
BRDA:431,13,1,0
BRDA:476,14,0,5
BRDA:476,14,1,3
BRDA:491,15,0,5
BRDA:491,15,1,3
BRDA:491,15,2,3
BRDA:495,16,0,0
BRDA:495,16,1,5
BRDA:500,17,0,5
BRDA:500,17,1,5
BRDA:500,17,2,5
BRDA:500,17,3,5
BRDA:529,18,0,5
BRDA:529,18,1,5
BRDA:529,18,2,5
BRDA:529,18,3,5
BRDA:529,18,4,5
BRDA:555,19,0,5
BRDA:555,19,1,0
BRDA:557,20,0,5
BRDA:557,20,1,5
BRDA:570,21,0,0
BRDA:570,21,1,0
BRDA:570,22,0,0
BRDA:570,22,1,0
BRDA:575,23,0,0
BRDA:575,23,1,0
BRDA:575,24,0,0
BRDA:575,24,1,0
BRDA:575,24,2,0
BRDA:575,24,3,0
BRDA:583,25,0,0
BRDA:583,25,1,0
BRDA:587,26,0,0
BRDA:587,26,1,0
BRDA:587,27,0,0
BRDA:587,27,1,0
BRDA:589,28,0,0
BRDA:589,28,1,0
BRDA:599,29,0,0
BRDA:599,29,1,0
BRDA:600,30,0,0
BRDA:600,30,1,0
BRDA:611,31,0,0
BRDA:611,31,1,0
BRDA:623,32,0,12
BRDA:623,32,1,0
BRDA:626,33,0,0
BRDA:626,33,1,12
BRDA:628,34,0,4
BRDA:628,34,1,8
BRDA:628,35,0,12
BRDA:628,35,1,4
BRDA:628,35,2,4
BRDA:629,36,0,4
BRDA:629,36,1,3
BRDA:630,37,0,0
BRDA:630,37,1,8
BRDA:630,38,0,8
BRDA:630,38,1,0
BRDA:631,39,0,0
BRDA:631,39,1,0
BRDA:635,40,0,7
BRDA:635,40,1,5
BRDA:637,41,0,0
BRDA:637,41,1,5
BRF:98
BRH:51
end_of_record
TN:
SF:src\components\Highlight.tsx
FN:2,(anonymous_0)
FN:3,(anonymous_1)
FN:10,(anonymous_2)
FNF:3
FNH:3
FNDA:39,(anonymous_0)
FNDA:39,(anonymous_1)
FNDA:5,(anonymous_2)
DA:2,5
DA:3,39
DA:4,39
DA:5,39
DA:6,39
DA:8,39
DA:9,21
DA:11,5
DA:15,18
LF:9
LH:9
BRDA:2,0,0,3
BRDA:2,1,0,0
BRDA:3,2,0,0
BRDA:8,3,0,21
BRDA:8,3,1,18
BRDA:9,4,0,5
BRDA:9,4,1,16
BRDA:11,5,0,0
BRDA:11,5,1,5
BRF:9
BRH:6
end_of_record
TN:
SF:src\components\IEUnsupported.tsx
FN:8,(anonymous_0)
FN:21,IEUnsupported
FNF:2
FNH:2
FNDA:1,(anonymous_0)
FNDA:3,IEUnsupported
DA:8,1
DA:22,3
DA:23,3
DA:24,3
DA:25,3
DA:30,3
LF:6
LH:6
BRF:0
BRH:0
end_of_record
TN:
SF:src\components\Loader.tsx
FN:4,(anonymous_0)
FN:19,(anonymous_1)
FNF:2
FNH:2
FNDA:1,(anonymous_0)
FNDA:3,(anonymous_1)
DA:4,1
DA:19,1
DA:20,3
DA:21,3
LF:4
LH:4
BRF:0
BRH:0
end_of_record
TN:
SF:src\components\Login.tsx
FN:26,(anonymous_0)
FN:70,Login
FN:79,(anonymous_2)
FN:97,(anonymous_3)
FN:100,(anonymous_4)
FN:106,(anonymous_5)
FN:117,(anonymous_6)
FN:242,(anonymous_7)
FN:256,(anonymous_8)
FNF:9
FNH:5
FNDA:1,(anonymous_0)
FNDA:2,Login
FNDA:0,(anonymous_2)
FNDA:0,(anonymous_3)
FNDA:2,(anonymous_4)
FNDA:1,(anonymous_5)
FNDA:2,(anonymous_6)
FNDA:0,(anonymous_7)
FNDA:0,(anonymous_8)
DA:26,1
DA:27,1
DA:71,2
DA:72,2
DA:73,2
DA:74,2
DA:75,2
DA:76,2
DA:77,2
DA:79,2
DA:80,0
DA:81,0
DA:82,0
DA:84,0
DA:85,0
DA:86,0
DA:87,0
DA:88,0
DA:89,0
DA:90,0
DA:91,0
DA:92,0
DA:94,0
DA:97,2
DA:98,0
DA:100,2
DA:101,2
DA:102,2
DA:103,2
DA:106,2
DA:107,1
DA:108,1
DA:109,1
DA:112,2
DA:118,2
DA:243,0
DA:244,0
DA:257,0
DA:258,0
LF:39
LH:21
BRDA:81,0,0,0
BRDA:81,0,1,0
BRDA:81,1,0,0
BRDA:81,1,1,0
BRDA:86,2,0,0
BRDA:86,2,1,0
BRDA:89,3,0,0
BRDA:89,3,1,0
BRDA:91,4,0,0
BRDA:91,4,1,0
BRDA:102,5,0,2
BRDA:102,5,1,0
BRDA:102,6,0,2
BRDA:102,6,1,2
BRDA:241,7,0,2
BRDA:241,7,1,2
BRDA:261,8,0,2
BRDA:261,8,1,2
BRF:18
BRH:7
end_of_record
TN:
SF:src\components\LottieAnimation.tsx
FN:3,MyAnimation
FNF:1
FNH:1
FNDA:2,MyAnimation
DA:4,2
DA:5,2
DA:10,2
LF:3
LH:3
BRF:0
BRH:0
end_of_record
TN:
SF:src\components\Menus.tsx
FN:53,(anonymous_0)
FN:684,(anonymous_1)
FN:687,(anonymous_2)
FN:690,(anonymous_3)
FN:697,(anonymous_4)
FN:699,(anonymous_5)
FN:702,(anonymous_6)
FN:708,(anonymous_7)
FN:711,(anonymous_8)
FN:721,(anonymous_9)
FN:730,(anonymous_10)
FN:736,(anonymous_11)
FN:748,(anonymous_12)
FN:755,(anonymous_13)
FN:757,(anonymous_14)
FN:766,(anonymous_15)
FN:784,(anonymous_16)
FN:799,(anonymous_17)
FN:800,(anonymous_18)
FN:805,(anonymous_19)
FN:813,(anonymous_20)
FN:819,(anonymous_21)
FN:844,(anonymous_22)
FN:849,(anonymous_23)
FN:851,(anonymous_24)
FN:860,(anonymous_25)
FN:867,(anonymous_26)
FN:883,(anonymous_27)
FN:886,(anonymous_28)
FN:896,(anonymous_29)
FN:904,(anonymous_30)
FN:928,(anonymous_31)
FN:938,(anonymous_32)
FN:950,(anonymous_33)
FN:974,(anonymous_34)
FN:993,(anonymous_35)
FNF:36
FNH:14
FNDA:2,(anonymous_0)
FNDA:3,(anonymous_1)
FNDA:17,(anonymous_2)
FNDA:17,(anonymous_3)
FNDA:2,(anonymous_4)
FNDA:17,(anonymous_5)
FNDA:17,(anonymous_6)
FNDA:48,(anonymous_7)
FNDA:0,(anonymous_8)
FNDA:0,(anonymous_9)
FNDA:0,(anonymous_10)
FNDA:0,(anonymous_11)
FNDA:2,(anonymous_12)
FNDA:0,(anonymous_13)
FNDA:0,(anonymous_14)
FNDA:0,(anonymous_15)
FNDA:2,(anonymous_16)
FNDA:2,(anonymous_17)
FNDA:32,(anonymous_18)
FNDA:98,(anonymous_19)
FNDA:2,(anonymous_20)
FNDA:0,(anonymous_21)
FNDA:0,(anonymous_22)
FNDA:0,(anonymous_23)
FNDA:0,(anonymous_24)
FNDA:0,(anonymous_25)
FNDA:0,(anonymous_26)
FNDA:0,(anonymous_27)
FNDA:0,(anonymous_28)
FNDA:0,(anonymous_29)
FNDA:0,(anonymous_30)
FNDA:0,(anonymous_31)
FNDA:0,(anonymous_32)
FNDA:0,(anonymous_33)
FNDA:0,(anonymous_34)
FNDA:0,(anonymous_35)
DA:53,4
DA:54,2
DA:80,4
DA:684,4
DA:685,3
DA:686,3
DA:687,17
DA:689,3
DA:690,17
DA:693,3
DA:694,3
DA:695,3
DA:696,3
DA:697,3
DA:698,3
DA:699,17
DA:701,3
DA:702,17
DA:705,3
DA:709,48
DA:712,0
DA:722,0
DA:731,0
DA:737,0
DA:747,3
DA:748,3
DA:749,2
DA:750,0
DA:755,3
DA:756,0
DA:757,0
DA:758,0
DA:759,0
DA:760,0
DA:762,0
DA:765,0
DA:766,0
DA:767,0
DA:768,0
DA:769,0
DA:771,0
DA:774,0
DA:777,0
DA:779,0
DA:780,0
DA:784,3
DA:785,2
DA:789,2
DA:793,2
DA:799,3
DA:800,2
DA:801,32
DA:802,0
DA:804,32
DA:805,10
DA:806,98
DA:807,0
DA:813,3
DA:814,2
DA:819,3
DA:824,0
DA:825,0
DA:826,0
DA:830,0
DA:831,0
DA:835,0
DA:839,0
DA:841,3
DA:845,0
DA:850,0
DA:852,0
DA:861,0
DA:868,0
DA:884,0
DA:887,0
DA:897,0
DA:905,0
DA:929,0
DA:939,0
DA:951,0
DA:975,0
DA:994,0
LF:82
LH:38
BRDA:705,0,0,0
BRDA:705,0,1,3
BRDA:709,1,0,0
BRDA:709,1,1,48
BRDA:712,2,0,0
BRDA:712,2,1,0
BRDA:712,2,2,0
BRDA:719,3,0,0
BRDA:719,3,1,48
BRDA:722,4,0,0
BRDA:722,4,1,0
BRDA:731,5,0,0
BRDA:731,5,1,0
BRDA:731,6,0,0
BRDA:731,6,1,0
BRDA:731,6,2,0
BRDA:749,7,0,0
BRDA:749,7,1,2
BRDA:750,8,0,0
BRDA:750,8,1,0
BRDA:756,9,0,0
BRDA:756,9,1,0
BRDA:758,10,0,0
BRDA:758,10,1,0
BRDA:759,11,0,0
BRDA:759,11,1,0
BRDA:765,12,0,0
BRDA:765,12,1,0
BRDA:767,13,0,0
BRDA:767,13,1,0
BRDA:768,14,0,0
BRDA:768,14,1,0
BRDA:801,15,0,0
BRDA:801,15,1,32
BRDA:804,16,0,10
BRDA:804,16,1,22
BRDA:806,17,0,0
BRDA:806,17,1,98
BRDA:825,18,0,0
BRDA:825,18,1,0
BRDA:845,19,0,0
BRDA:845,19,1,0
BRDA:846,20,0,0
BRDA:846,20,1,0
BRDA:846,20,2,0
BRDA:846,20,3,0
BRDA:850,21,0,0
BRDA:850,21,1,0
BRDA:861,22,0,0
BRDA:861,22,1,0
BRDA:872,23,0,0
BRDA:872,23,1,0
BRDA:875,24,0,0
BRDA:875,24,1,0
BRDA:877,25,0,0
BRDA:877,25,1,0
BRDA:884,26,0,0
BRDA:884,26,1,0
BRDA:885,27,0,0
BRDA:885,27,1,0
BRDA:885,27,2,0
BRDA:897,28,0,0
BRDA:897,28,1,0
BRDA:909,29,0,0
BRDA:909,29,1,0
BRDA:912,30,0,0
BRDA:912,30,1,0
BRDA:914,31,0,0
BRDA:914,31,1,0
BRDA:929,32,0,0
BRDA:929,32,1,0
BRDA:930,33,0,0
BRDA:930,33,1,0
BRDA:947,34,0,0
BRDA:947,34,1,0
BRDA:959,35,0,0
BRDA:959,35,1,0
BRDA:972,36,0,0
BRDA:972,36,1,0
BRDA:979,37,0,0
BRDA:979,37,1,0
BRDA:992,38,0,0
BRDA:992,38,1,0
BRDA:998,39,0,0
BRDA:998,39,1,0
BRF:85
BRH:8
end_of_record
TN:
SF:src\components\MyAnimation.tsx
FN:5,MyAnimation
FNF:1
FNH:1
FNDA:10,MyAnimation
DA:6,10
DA:8,10
LF:2
LH:2
BRDA:12,0,0,1
BRDA:12,0,1,9
BRF:2
BRH:2
end_of_record
TN:
SF:src\components\NoData.tsx
FN:6,NoData
FNF:1
FNH:1
FNDA:3,NoData
DA:7,3
DA:8,3
DA:10,3
LF:3
LH:3
BRF:0
BRH:0
end_of_record
TN:
SF:src\components\NoResultFound.tsx
FN:8,(anonymous_0)
FN:17,(anonymous_1)
FNF:2
FNH:2
FNDA:5,(anonymous_0)
FNDA:7,(anonymous_1)
DA:8,5
DA:17,3
DA:18,7
DA:19,7
DA:20,7
DA:22,7
DA:23,7
LF:7
LH:7
BRF:0
BRH:0
end_of_record
TN:
SF:src\components\Orders.tsx
FN:12,createData
FN:66,preventDefault
FN:70,(anonymous_2)
FN:76,Orders
FN:92,(anonymous_4)
FNF:5
FNH:5
FNDA:5,createData
FNDA:1,preventDefault
FNDA:1,(anonymous_2)
FNDA:3,Orders
FNDA:15,(anonymous_4)
DA:20,5
DA:23,1
DA:67,1
DA:70,1
DA:77,3
DA:78,3
DA:93,15
LF:7
LH:7
BRF:0
BRH:0
end_of_record
TN:
SF:src\components\Pagination.tsx
FN:5,(anonymous_0)
FN:43,TablePagination
FN:48,(anonymous_2)
FNF:3
FNH:2
FNDA:1,(anonymous_0)
FNDA:1,TablePagination
FNDA:0,(anonymous_2)
DA:5,1
DA:44,1
DA:45,1
DA:46,1
DA:47,1
DA:48,1
DA:49,0
DA:51,1
LF:8
LH:7
BRDA:47,0,0,0
BRDA:47,0,1,1
BRF:2
BRH:1
end_of_record
TN:
SF:src\components\ProcessingRequest.tsx
FN:8,ProcessingRequest
FNF:1
FNH:1
FNDA:2,ProcessingRequest
DA:9,2
DA:10,2
DA:11,2
DA:15,2
DA:17,2
LF:5
LH:5
BRDA:20,0,0,0
BRDA:20,0,1,2
BRDA:20,1,0,2
BRDA:20,1,1,0
BRF:4
BRH:2
end_of_record
TN:
SF:src\components\ProgressiveImage.tsx
FN:30,(anonymous_0)
FN:35,(anonymous_1)
FN:40,(anonymous_2)
FN:44,(anonymous_3)
FN:50,(anonymous_4)
FN:51,(anonymous_5)
FN:54,(anonymous_6)
FN:58,(anonymous_7)
FNF:8
FNH:6
FNDA:2,(anonymous_0)
FNDA:0,(anonymous_1)
FNDA:1,(anonymous_2)
FNDA:3,(anonymous_3)
FNDA:2,(anonymous_4)
FNDA:2,(anonymous_5)
FNDA:0,(anonymous_6)
FNDA:3,(anonymous_7)
DA:22,2
DA:28,2
DA:30,2
DA:31,2
DA:32,2
DA:33,2
DA:34,2
DA:36,0
DA:40,2
DA:41,1
DA:45,3
DA:46,3
DA:47,3
DA:51,2
DA:52,2
DA:53,2
DA:54,2
DA:59,3
DA:60,3
DA:61,3
LF:20
LH:19
BRDA:36,0,0,0
BRDA:36,0,1,0
BRF:2
BRH:0
end_of_record
TN:
SF:src\components\Protected.tsx
FN:16,(anonymous_0)
FN:28,Protected
FN:32,(anonymous_2)
FNF:3
FNH:3
FNDA:1,(anonymous_0)
FNDA:3,Protected
FNDA:1,(anonymous_2)
DA:16,1
DA:17,1
DA:29,3
DA:30,3
DA:31,3
DA:32,3
DA:33,1
DA:34,1
DA:35,1
DA:36,1
DA:37,1
DA:43,3
LF:12
LH:12
BRF:0
BRH:0
end_of_record
TN:
SF:src\components\QuoteList.tsx
FN:30,descendingComparator
FN:42,getComparator
FN:50,(anonymous_2)
FN:51,(anonymous_3)
FN:54,stableSort
FN:55,(anonymous_5)
FN:56,(anonymous_6)
FN:61,(anonymous_7)
FN:113,EnhancedTableHead
FN:116,(anonymous_9)
FN:116,(anonymous_10)
FN:123,(anonymous_11)
FN:149,(anonymous_12)
FN:178,QuoteList
FN:186,(anonymous_14)
FN:195,(anonymous_15)
FN:202,(anonymous_16)
FN:232,(anonymous_17)
FN:241,(anonymous_18)
FN:283,QuoteListContainer
FNF:20
FNH:15
FNDA:8,descendingComparator
FNDA:2,getComparator
FNDA:0,(anonymous_2)
FNDA:8,(anonymous_3)
FNDA:2,stableSort
FNDA:10,(anonymous_5)
FNDA:8,(anonymous_6)
FNDA:10,(anonymous_7)
FNDA:2,EnhancedTableHead
FNDA:16,(anonymous_9)
FNDA:0,(anonymous_10)
FNDA:16,(anonymous_11)
FNDA:1,(anonymous_12)
FNDA:2,QuoteList
FNDA:0,(anonymous_14)
FNDA:0,(anonymous_15)
FNDA:0,(anonymous_16)
FNDA:10,(anonymous_17)
FNDA:80,(anonymous_18)
FNDA:2,QuoteListContainer
DA:31,8
DA:32,8
DA:34,0
DA:35,0
DA:37,0
DA:49,2
DA:50,0
DA:51,8
DA:55,10
DA:56,2
DA:57,8
DA:58,8
DA:59,0
DA:61,10
DA:71,1
DA:114,2
DA:116,16
DA:117,0
DA:120,2
DA:124,16
DA:149,1
DA:150,1
DA:179,2
DA:180,2
DA:181,2
DA:182,2
DA:184,2
DA:186,2
DA:190,0
DA:191,0
DA:192,0
DA:195,2
DA:199,0
DA:202,2
DA:205,0
DA:206,0
DA:209,2
DA:233,10
DA:234,10
DA:242,80
DA:284,2
DA:286,2
LF:42
LH:30
BRDA:31,0,0,8
BRDA:31,0,1,0
BRDA:34,1,0,0
BRDA:34,1,1,0
BRDA:49,2,0,0
BRDA:49,2,1,2
BRDA:58,3,0,8
BRDA:58,3,1,0
BRDA:127,4,0,0
BRDA:127,4,1,16
BRDA:128,5,0,2
BRDA:128,5,1,14
BRDA:132,6,0,2
BRDA:132,6,1,14
BRDA:136,7,0,2
BRDA:136,7,1,14
BRDA:138,8,0,0
BRDA:138,8,1,2
BRDA:190,9,0,0
BRDA:190,9,1,0
BRDA:191,10,0,0
BRDA:191,10,1,0
BRDA:242,11,0,10
BRDA:242,11,1,70
BRDA:246,12,0,0
BRDA:246,12,1,10
BRDA:255,13,0,0
BRDA:255,13,1,70
BRF:28
BRH:15
end_of_record
TN:
SF:src\components\QuotingFrame.tsx
FN:11,(anonymous_0)
FN:31,QuotingFrame
FN:42,(anonymous_2)
FN:47,(anonymous_3)
FN:50,(anonymous_4)
FN:55,(anonymous_5)
FN:57,(anonymous_6)
FNF:7
FNH:3
FNDA:1,(anonymous_0)
FNDA:2,QuotingFrame
FNDA:2,(anonymous_2)
FNDA:0,(anonymous_3)
FNDA:0,(anonymous_4)
FNDA:0,(anonymous_5)
FNDA:0,(anonymous_6)
DA:11,1
DA:32,2
DA:33,2
DA:34,2
DA:35,2
DA:36,2
DA:37,2
DA:38,2
DA:39,2
DA:40,2
DA:42,2
DA:43,2
DA:47,2
DA:48,0
DA:50,2
DA:51,0
DA:54,2
DA:55,2
DA:56,0
DA:57,2
DA:58,0
DA:59,0
DA:60,0
DA:64,2
LF:24
LH:18
BRDA:56,0,0,0
BRDA:56,0,1,0
BRDA:59,1,0,0
BRDA:59,1,1,0
BRDA:59,2,0,0
BRDA:59,2,1,0
BRDA:67,3,0,2
BRDA:67,3,1,2
BRF:8
BRH:2
end_of_record
TN:
SF:src\components\RecordAvatar.tsx
FN:8,(anonymous_0)
FN:20,RecordAvatar
FNF:2
FNH:2
FNDA:3,(anonymous_0)
FNDA:16,RecordAvatar
DA:8,6
DA:21,16
DA:22,16
DA:24,16
DA:25,2
DA:26,2
DA:31,14
DA:38,16
DA:42,16
LF:9
LH:9
BRDA:24,0,0,2
BRDA:24,0,1,14
BRDA:24,1,0,16
BRDA:24,1,1,3
BRDA:24,1,2,3
BRDA:25,2,0,2
BRDA:25,2,1,1
BRDA:27,3,0,2
BRDA:27,3,1,2
BRDA:27,3,2,1
BRDA:28,4,0,2
BRDA:28,4,1,2
BRDA:28,4,2,1
BRDA:32,5,0,14
BRDA:32,5,1,1
BRDA:32,5,2,1
BRDA:39,6,0,16
BRDA:39,6,1,6
BRDA:39,6,2,10
BRDA:45,7,0,1
BRDA:45,7,1,15
BRDA:49,8,0,1
BRDA:49,8,1,15
BRF:23
BRH:23
end_of_record
TN:
SF:src\components\RecordRow.tsx
FN:12,(anonymous_0)
FN:24,RecordRow
FN:30,(anonymous_2)
FN:33,(anonymous_3)
FN:36,(anonymous_4)
FN:39,(anonymous_5)
FN:59,(anonymous_6)
FN:60,(anonymous_7)
FN:61,(anonymous_8)
FN:71,(anonymous_9)
FN:99,(anonymous_10)
FNF:11
FNH:6
FNDA:1,(anonymous_0)
FNDA:4,RecordRow
FNDA:1,(anonymous_2)
FNDA:1,(anonymous_3)
FNDA:0,(anonymous_4)
FNDA:0,(anonymous_5)
FNDA:0,(anonymous_6)
FNDA:1,(anonymous_7)
FNDA:1,(anonymous_8)
FNDA:0,(anonymous_9)
FNDA:0,(anonymous_10)
DA:12,1
DA:25,4
DA:26,4
DA:27,4
DA:28,4
DA:29,4
DA:30,4
DA:31,1
DA:33,4
DA:34,1
DA:36,4
DA:37,0
DA:39,4
DA:40,0
DA:41,0
DA:42,0
DA:44,4
DA:59,0
DA:60,1
DA:61,1
DA:71,0
DA:100,0
LF:22
LH:15
BRDA:66,0,0,0
BRDA:66,0,1,4
BRDA:67,1,0,0
BRDA:67,1,1,0
BRDA:68,2,0,4
BRDA:68,2,1,4
BRDA:79,3,0,0
BRDA:79,3,1,4
BRDA:81,4,0,0
BRDA:81,4,1,4
BRDA:83,5,0,0
BRDA:83,5,1,4
BRDA:85,6,0,0
BRDA:85,6,1,4
BRDA:96,7,0,1
BRDA:96,7,1,3
BRDA:100,8,0,0
BRDA:100,8,1,0
BRF:18
BRH:9
end_of_record
TN:
SF:src\components\SQuoteSpeedDial.tsx
FN:10,(anonymous_0)
FN:32,SquoteSpeedDial
FN:36,(anonymous_2)
FN:40,(anonymous_3)
FN:44,(anonymous_4)
FN:48,(anonymous_5)
FN:97,(anonymous_6)
FNF:7
FNH:7
FNDA:1,(anonymous_0)
FNDA:13,SquoteSpeedDial
FNDA:1,(anonymous_2)
FNDA:3,(anonymous_3)
FNDA:1,(anonymous_4)
FNDA:1,(anonymous_5)
FNDA:23,(anonymous_6)
DA:10,1
DA:11,1
DA:24,1
DA:33,13
DA:34,13
DA:35,13
DA:36,13
DA:37,1
DA:40,13
DA:41,3
DA:44,13
DA:45,1
DA:48,13
DA:49,1
DA:52,13
DA:54,13
DA:55,1
DA:59,12
DA:60,5
DA:77,7
DA:78,1
DA:84,13
DA:98,23
LF:23
LH:23
BRDA:54,0,0,1
BRDA:54,0,1,12
BRDA:59,1,0,5
BRDA:59,1,1,7
BRDA:60,2,0,1
BRDA:60,2,1,4
BRDA:68,3,0,2
BRDA:68,3,1,2
BRDA:73,4,0,2
BRDA:73,4,1,2
BRDA:77,5,0,1
BRDA:77,5,1,6
BRDA:86,6,0,13
BRDA:86,6,1,1
BRDA:86,6,2,12
BRF:15
BRH:15
end_of_record
TN:
SF:src\components\SkuDisplay.tsx
FN:4,SkuDisplay
FNF:1
FNH:1
FNDA:4,SkuDisplay
DA:5,4
LF:1
LH:1
BRDA:6,0,0,2
BRDA:6,0,1,2
BRDA:7,1,0,1
BRDA:7,1,1,3
BRDA:7,2,0,1
BRDA:7,2,1,3
BRF:6
BRH:6
end_of_record
TN:
SF:src\components\SpeedDials.tsx
FN:21,(anonymous_0)
FN:36,SpeedDials
FN:43,(anonymous_2)
FN:46,(anonymous_3)
FN:49,(anonymous_4)
FN:53,(anonymous_5)
FN:56,(anonymous_6)
FN:68,(anonymous_7)
FN:76,(anonymous_8)
FN:81,(anonymous_9)
FN:115,(anonymous_10)
FN:119,(anonymous_11)
FN:129,(anonymous_12)
FN:148,(anonymous_13)
FN:151,(anonymous_14)
FN:175,(anonymous_15)
FN:180,(anonymous_16)
FN:187,(anonymous_17)
FN:189,(anonymous_18)
FNF:19
FNH:0
FNDA:0,(anonymous_0)
FNDA:0,SpeedDials
FNDA:0,(anonymous_2)
FNDA:0,(anonymous_3)
FNDA:0,(anonymous_4)
FNDA:0,(anonymous_5)
FNDA:0,(anonymous_6)
FNDA:0,(anonymous_7)
FNDA:0,(anonymous_8)
FNDA:0,(anonymous_9)
FNDA:0,(anonymous_10)
FNDA:0,(anonymous_11)
FNDA:0,(anonymous_12)
FNDA:0,(anonymous_13)
FNDA:0,(anonymous_14)
FNDA:0,(anonymous_15)
FNDA:0,(anonymous_16)
FNDA:0,(anonymous_17)
FNDA:0,(anonymous_18)
DA:21,1
DA:22,0
DA:37,0
DA:38,0
DA:39,0
DA:40,0
DA:42,0
DA:43,0
DA:46,0
DA:47,0
DA:49,0
DA:50,0
DA:52,0
DA:53,0
DA:55,0
DA:57,0
DA:68,0
DA:69,0
DA:70,0
DA:71,0
DA:74,0
DA:76,0
DA:77,0
DA:78,0
DA:79,0
DA:81,0
DA:82,0
DA:83,0
DA:84,0
DA:86,0
DA:89,0
DA:90,0
DA:91,0
DA:95,0
DA:96,0
DA:97,0
DA:101,0
DA:105,0
DA:109,0
DA:111,0
DA:114,0
DA:116,0
DA:119,0
DA:120,0
DA:121,0
DA:122,0
DA:123,0
DA:124,0
DA:125,0
DA:129,0
DA:130,0
DA:131,0
DA:137,0
DA:139,0
DA:140,0
DA:142,0
DA:143,0
DA:148,0
DA:149,0
DA:151,0
DA:152,0
DA:154,0
DA:162,0
DA:176,0
DA:181,0
DA:187,0
DA:190,0
LF:67
LH:1
BRDA:37,0,0,0
BRDA:69,1,0,0
BRDA:69,1,1,0
BRDA:70,2,0,0
BRDA:70,2,1,0
BRDA:71,3,0,0
BRDA:71,3,1,0
BRDA:83,4,0,0
BRDA:83,4,1,0
BRDA:89,5,0,0
BRDA:89,5,1,0
BRDA:91,6,0,0
BRDA:91,6,1,0
BRDA:92,7,0,0
BRDA:92,7,1,0
BRDA:96,8,0,0
BRDA:96,8,1,0
BRDA:98,9,0,0
BRDA:98,9,1,0
BRDA:98,9,2,0
BRDA:101,10,0,0
BRDA:101,10,1,0
BRDA:102,11,0,0
BRDA:102,11,1,0
BRDA:130,12,0,0
BRDA:130,12,1,0
BRDA:130,13,0,0
BRDA:130,13,1,0
BRDA:130,13,2,0
BRDA:139,14,0,0
BRDA:139,14,1,0
BRDA:176,15,0,0
BRDA:176,15,1,0
BRDA:176,15,2,0
BRDA:181,16,0,0
BRDA:181,16,1,0
BRDA:181,17,0,0
BRDA:181,17,1,0
BRDA:183,18,0,0
BRDA:183,18,1,0
BRDA:187,19,0,0
BRDA:187,19,1,0
BRF:42
BRH:0
end_of_record
TN:
SF:src\components\TablePagination.tsx
FN:5,(anonymous_0)
FN:15,Pagination
FNF:2
FNH:2
FNDA:1,(anonymous_0)
FNDA:1,Pagination
DA:5,2
DA:16,1
DA:23,1
DA:25,1
DA:26,1
LF:5
LH:5
BRF:0
BRH:0
end_of_record
TN:
SF:src\components\TableSkeleton.tsx
FN:8,(anonymous_0)
FN:14,TableSkeleton
FN:23,(anonymous_2)
FN:30,(anonymous_3)
FNF:4
FNH:4
FNDA:1,(anonymous_0)
FNDA:2,TableSkeleton
FNDA:5,(anonymous_2)
FNDA:5,(anonymous_3)
DA:8,1
DA:15,2
DA:16,2
DA:17,2
DA:18,2
DA:19,2
DA:24,5
DA:31,5
LF:8
LH:8
BRF:0
BRH:0
end_of_record
TN:
SF:src\components\Tile.tsx
FN:11,(anonymous_0)
FN:41,(anonymous_1)
FN:46,(anonymous_2)
FN:50,(anonymous_3)
FN:54,(anonymous_4)
FN:62,(anonymous_5)
FN:72,(anonymous_6)
FN:90,(anonymous_7)
FNF:8
FNH:8
FNDA:1,(anonymous_0)
FNDA:9,(anonymous_1)
FNDA:8,(anonymous_2)
FNDA:4,(anonymous_3)
FNDA:9,(anonymous_4)
FNDA:14,(anonymous_5)
FNDA:7,(anonymous_6)
FNDA:7,(anonymous_7)
DA:11,1
DA:41,1
DA:42,9
DA:43,9
DA:44,9
DA:45,9
DA:46,8
DA:48,9
DA:50,9
DA:51,4
DA:53,3
DA:55,9
DA:63,14
DA:66,3
DA:68,1
DA:72,9
DA:73,7
DA:87,9
DA:91,7
LF:19
LH:19
BRDA:51,0,0,3
BRDA:51,0,1,1
BRDA:53,1,0,3
BRDA:53,1,1,3
BRDA:57,2,0,6
BRDA:57,2,1,3
BRDA:57,3,0,9
BRDA:57,3,1,6
BRDA:63,4,0,14
BRDA:63,4,1,13
BRDA:87,5,0,3
BRDA:87,5,1,6
BRDA:102,6,0,7
BRDA:102,6,1,4
BRDA:103,7,0,7
BRDA:103,7,1,4
BRDA:105,8,0,7
BRDA:105,8,1,4
BRDA:107,9,0,7
BRDA:107,9,1,4
BRF:20
BRH:20
end_of_record
TN:
SF:src\components\TileSkeleton.tsx
FN:12,TileSkeleton
FN:19,(anonymous_1)
FNF:2
FNH:2
FNDA:3,TileSkeleton
FNDA:6,(anonymous_1)
DA:13,3
DA:14,3
DA:20,6
DA:41,1
LF:4
LH:4
BRF:0
BRH:0
end_of_record
TN:
SF:src\components\Title.tsx
FN:5,Title
FNF:1
FNH:1
FNDA:4,Title
DA:6,4
DA:13,6
LF:2
LH:2
BRF:0
BRH:0
end_of_record
TN:
SF:src\components\Upload.tsx
FN:8,(anonymous_0)
FN:62,(anonymous_1)
FN:69,(anonymous_2)
FNF:3
FNH:2
FNDA:1,(anonymous_0)
FNDA:1,(anonymous_1)
FNDA:0,(anonymous_2)
DA:8,1
DA:62,1
DA:63,1
DA:64,1
DA:65,1
DA:66,0
DA:67,0
DA:70,0
DA:74,0
DA:75,0
DA:76,0
DA:77,0
DA:79,0
DA:91,0
LF:14
LH:5
BRDA:75,0,0,0
BRDA:75,0,1,0
BRDA:76,1,0,0
BRDA:76,1,1,0
BRDA:76,2,0,0
BRDA:76,2,1,0
BRF:6
BRH:0
end_of_record
TN:
SF:src\components\WelcomePage.tsx
FN:11,(anonymous_0)
FN:15,(anonymous_1)
FN:31,WelcomePage
FN:33,(anonymous_3)
FN:44,(anonymous_4)
FNF:5
FNH:5
FNDA:1,(anonymous_0)
FNDA:1,(anonymous_1)
FNDA:1,WelcomePage
FNDA:2,(anonymous_3)
FNDA:2,(anonymous_4)
DA:11,1
DA:12,1
DA:15,1
DA:32,1
DA:33,2
DA:35,1
DA:37,1
DA:40,1
DA:41,1
DA:42,1
DA:43,1
DA:44,2
DA:47,1
LF:13
LH:13
BRDA:12,0,0,0
BRDA:12,0,1,1
BRDA:37,1,0,1
BRDA:37,1,1,1
BRDA:37,1,2,1
BRF:5
BRH:4
end_of_record
TN:
SF:src\components\CustomForm\index.tsx
FN:17,(anonymous_0)
FN:29,(anonymous_1)
FN:50,(anonymous_2)
FN:56,(anonymous_3)
FN:59,(anonymous_4)
FN:63,(anonymous_5)
FN:65,(anonymous_6)
FN:80,(anonymous_7)
FN:96,(anonymous_8)
FN:189,(anonymous_9)
FNF:10
FNH:0
FNDA:0,(anonymous_0)
FNDA:0,(anonymous_1)
FNDA:0,(anonymous_2)
FNDA:0,(anonymous_3)
FNDA:0,(anonymous_4)
FNDA:0,(anonymous_5)
FNDA:0,(anonymous_6)
FNDA:0,(anonymous_7)
FNDA:0,(anonymous_8)
FNDA:0,(anonymous_9)
DA:17,1
DA:29,1
DA:35,0
DA:36,0
DA:37,0
DA:47,0
DA:50,0
DA:56,0
DA:59,0
DA:60,0
DA:63,0
DA:64,0
DA:65,0
DA:66,0
DA:77,0
DA:81,0
DA:97,0
DA:190,0
LF:18
LH:2
BRDA:52,0,0,0
BRDA:52,0,1,0
BRDA:64,1,0,0
BRDA:64,1,1,0
BRDA:68,2,0,0
BRDA:68,2,1,0
BRDA:82,3,0,0
BRDA:82,3,1,0
BRDA:91,4,0,0
BRDA:91,4,1,0
BRDA:94,5,0,0
BRDA:94,5,1,0
BRDA:103,6,0,0
BRDA:103,6,1,0
BRDA:130,7,0,0
BRDA:130,7,1,0
BRDA:141,8,0,0
BRDA:141,8,1,0
BRDA:146,9,0,0
BRDA:146,9,1,0
BRDA:166,10,0,0
BRDA:166,10,1,0
BRDA:168,11,0,0
BRDA:168,11,1,0
BRDA:172,12,0,0
BRDA:172,12,1,0
BRDA:184,13,0,0
BRDA:184,13,1,0
BRDA:190,14,0,0
BRDA:190,14,1,0
BRDA:210,15,0,0
BRDA:210,15,1,0
BRDA:214,16,0,0
BRDA:214,16,1,0
BRF:34
BRH:0
end_of_record
TN:
SF:src\components\CustomForm\useForm.ts
FN:10,(anonymous_0)
FN:23,(anonymous_1)
FN:24,(anonymous_2)
FN:38,(anonymous_3)
FN:38,(anonymous_4)
FN:45,(anonymous_5)
FN:45,(anonymous_6)
FN:59,(anonymous_7)
FN:72,(anonymous_8)
FN:86,(anonymous_9)
FN:86,(anonymous_10)
FN:105,(anonymous_11)
FN:144,(anonymous_12)
FNF:13
FNH:0
FNDA:0,(anonymous_0)
FNDA:0,(anonymous_1)
FNDA:0,(anonymous_2)
FNDA:0,(anonymous_3)
FNDA:0,(anonymous_4)
FNDA:0,(anonymous_5)
FNDA:0,(anonymous_6)
FNDA:0,(anonymous_7)
FNDA:0,(anonymous_8)
FNDA:0,(anonymous_9)
FNDA:0,(anonymous_10)
FNDA:0,(anonymous_11)
FNDA:0,(anonymous_12)
DA:10,1
DA:15,0
DA:16,0
DA:19,0
DA:20,0
DA:23,0
DA:24,0
DA:25,0
DA:26,0
DA:27,0
DA:32,0
DA:38,0
DA:39,0
DA:43,0
DA:45,0
DA:46,0
DA:47,0
DA:52,0
DA:58,0
DA:60,0
DA:64,0
DA:72,0
DA:73,0
DA:74,0
DA:82,0
DA:86,0
DA:87,0
DA:88,0
DA:89,0
DA:90,0
DA:91,0
DA:92,0
DA:97,0
DA:98,0
DA:105,0
DA:106,0
DA:107,0
DA:108,0
DA:109,0
DA:110,0
DA:111,0
DA:112,0
DA:113,0
DA:114,0
DA:115,0
DA:116,0
DA:119,0
DA:120,0
DA:121,0
DA:122,0
DA:125,0
DA:126,0
DA:127,0
DA:128,0
DA:132,0
DA:133,0
DA:134,0
DA:138,0
DA:139,0
DA:140,0
DA:144,0
DA:145,0
DA:146,0
DA:149,0
LF:64
LH:1
BRDA:17,0,0,0
BRDA:17,0,1,0
BRDA:25,1,0,0
BRDA:25,1,1,0
BRDA:26,2,0,0
BRDA:26,2,1,0
BRDA:26,3,0,0
BRDA:26,3,1,0
BRDA:26,3,2,0
BRDA:46,4,0,0
BRDA:46,4,1,0
BRDA:46,5,0,0
BRDA:46,5,1,0
BRDA:60,6,0,0
BRDA:60,6,1,0
BRDA:61,7,0,0
BRDA:61,7,1,0
BRDA:89,8,0,0
BRDA:89,8,1,0
BRDA:91,9,0,0
BRDA:91,9,1,0
BRDA:91,10,0,0
BRDA:91,10,1,0
BRDA:91,10,2,0
BRDA:108,11,0,0
BRDA:108,11,1,0
BRDA:114,12,0,0
BRDA:114,12,1,0
BRDA:114,13,0,0
BRDA:114,13,1,0
BRDA:120,14,0,0
BRDA:120,14,1,0
BRDA:120,15,0,0
BRDA:120,15,1,0
BRDA:126,16,0,0
BRDA:126,16,1,0
BRDA:126,17,0,0
BRDA:126,17,1,0
BRDA:132,18,0,0
BRDA:132,18,1,0
BRDA:139,19,0,0
BRDA:139,19,1,0
BRF:42
BRH:0
end_of_record
TN:
SF:src\components\EisEuv\GraphQL.tsx
FNF:0
FNH:0
DA:3,1
DA:13,1
LF:2
LH:2
BRF:0
BRH:0
end_of_record
TN:
SF:src\components\EisEuv\dropdown.ts
FNF:0
FNH:0
DA:1,1
DA:320,1
DA:691,1
LF:3
LH:3
BRF:0
BRH:0
end_of_record
TN:
SF:src\components\EisEuv\index.tsx
FN:19,(anonymous_0)
FN:40,(anonymous_1)
FN:43,(anonymous_2)
FN:44,(anonymous_3)
FN:58,(anonymous_4)
FN:172,(anonymous_5)
FN:189,(anonymous_6)
FN:202,(anonymous_7)
FN:253,(anonymous_8)
FN:301,(anonymous_9)
FN:352,(anonymous_10)
FNF:11
FNH:0
FNDA:0,(anonymous_0)
FNDA:0,(anonymous_1)
FNDA:0,(anonymous_2)
FNDA:0,(anonymous_3)
FNDA:0,(anonymous_4)
FNDA:0,(anonymous_5)
FNDA:0,(anonymous_6)
FNDA:0,(anonymous_7)
FNDA:0,(anonymous_8)
FNDA:0,(anonymous_9)
FNDA:0,(anonymous_10)
DA:19,1
DA:40,1
DA:46,0
DA:54,0
DA:56,0
DA:57,0
DA:58,0
DA:60,0
DA:61,0
DA:62,0
DA:69,0
DA:80,0
DA:83,0
DA:88,0
DA:134,0
DA:169,0
DA:171,0
DA:173,0
DA:174,0
DA:175,0
DA:182,0
DA:184,0
DA:185,0
DA:189,0
DA:190,0
DA:191,0
DA:193,0
DA:194,0
DA:195,0
DA:197,0
DA:199,0
DA:200,0
DA:202,0
DA:206,0
DA:216,0
DA:219,0
DA:225,0
DA:229,0
DA:239,0
DA:244,0
DA:245,0
DA:247,0
DA:250,0
DA:253,0
DA:254,0
DA:255,0
DA:256,0
DA:257,0
DA:262,0
DA:270,0
DA:279,0
DA:293,0
DA:301,0
DA:302,0
DA:305,0
LF:55
LH:2
BRDA:43,0,0,0
BRDA:44,1,0,0
BRDA:49,2,0,0
BRDA:52,3,0,0
BRDA:69,4,0,0
BRDA:69,4,1,0
BRDA:72,5,0,0
BRDA:73,6,0,0
BRDA:74,7,0,0
BRDA:75,8,0,0
BRDA:76,9,0,0
BRDA:77,10,0,0
BRDA:78,11,0,0
BRDA:79,12,0,0
BRDA:80,13,0,0
BRDA:80,13,1,0
BRDA:83,14,0,0
BRDA:83,14,1,0
BRDA:83,14,2,0
BRDA:83,14,3,0
BRDA:109,15,0,0
BRDA:109,15,1,0
BRDA:169,16,0,0
BRDA:169,16,1,0
BRDA:174,17,0,0
BRDA:174,17,1,0
BRDA:191,18,0,0
BRDA:191,18,1,0
BRDA:191,19,0,0
BRDA:191,19,1,0
BRDA:194,20,0,0
BRDA:194,20,1,0
BRDA:200,21,0,0
BRDA:200,21,1,0
BRDA:219,22,0,0
BRDA:219,22,1,0
BRDA:220,23,0,0
BRDA:220,23,1,0
BRDA:225,24,0,0
BRDA:225,24,1,0
BRDA:226,25,0,0
BRDA:226,25,1,0
BRDA:244,26,0,0
BRDA:244,26,1,0
BRDA:256,27,0,0
BRDA:256,27,1,0
BRDA:257,28,0,0
BRDA:257,28,1,0
BRDA:259,29,0,0
BRDA:259,29,1,0
BRDA:263,30,0,0
BRDA:263,30,1,0
BRDA:282,31,0,0
BRDA:282,31,1,0
BRDA:284,32,0,0
BRDA:284,32,1,0
BRDA:308,33,0,0
BRDA:308,33,1,0
BRDA:355,34,0,0
BRDA:355,34,1,0
BRF:60
BRH:0
end_of_record
TN:
SF:src\components\Tags\ActiveTags.tsx
FN:10,(anonymous_0)
FN:28,(anonymous_1)
FN:33,(anonymous_2)
FNF:3
FNH:0
FNDA:0,(anonymous_0)
FNDA:0,(anonymous_1)
FNDA:0,(anonymous_2)
DA:10,3
DA:11,0
DA:28,3
DA:29,0
DA:30,0
DA:31,0
DA:34,0
LF:7
LH:2
BRF:0
BRH:0
end_of_record
TN:
SF:src\config\colors.tsx
FNF:0
FNH:0
DA:1,10
DA:57,10
LF:2
LH:2
BRF:0
BRH:0
end_of_record
TN:
SF:src\config\env.tsx
FN:1,(anonymous_0)
FNF:1
FNH:1
FNDA:17,(anonymous_0)
DA:1,17
DA:2,17
DA:3,17
DA:4,17
DA:30,17
DA:31,17
DA:33,17
DA:35,0
DA:53,0
DA:55,0
DA:69,0
DA:71,0
DA:80,0
DA:82,0
DA:93,0
DA:95,0
DA:104,0
DA:106,17
DA:114,17
DA:116,0
DA:117,0
DA:119,17
DA:124,17
DA:150,17
LF:24
LH:12
BRDA:33,0,0,0
BRDA:33,0,1,0
BRDA:33,0,2,0
BRDA:33,0,3,0
BRDA:33,0,4,0
BRDA:33,0,5,17
BRDA:33,0,6,0
BRF:7
BRH:1
end_of_record
TN:
SF:src\config\theme.tsx
FNF:0
FNH:0
DA:3,12
DA:13,12
DA:21,12
DA:32,12
LF:4
LH:4
BRF:0
BRH:0
end_of_record
TN:
SF:src\i18Next\i18.tsx
FN:43,(anonymous_0)
FN:48,(anonymous_1)
FN:51,(anonymous_2)
FN:56,(anonymous_3)
FNF:4
FNH:1
FNDA:12,(anonymous_0)
FNDA:0,(anonymous_1)
FNDA:0,(anonymous_2)
FNDA:0,(anonymous_3)
DA:5,12
DA:26,12
DA:29,12
DA:33,12
DA:42,12
DA:43,12
DA:44,12
DA:49,0
DA:56,12
DA:57,0
DA:61,0
DA:64,0
LF:12
LH:8
BRDA:26,0,0,0
BRDA:26,0,1,12
BRDA:29,1,0,0
BRDA:29,1,1,12
BRDA:33,2,0,0
BRDA:33,2,1,12
BRDA:34,3,0,0
BRDA:34,3,1,0
BRDA:34,4,0,0
BRDA:34,4,1,0
BRDA:37,5,0,0
BRDA:37,5,1,12
BRDA:39,6,0,0
BRDA:39,6,1,12
BRDA:58,7,0,0
BRDA:58,7,1,0
BRDA:62,8,0,0
BRDA:62,8,1,0
BRF:18
BRH:5
end_of_record
TN:
SF:src\images\base64.tsx
FNF:0
FNH:0
DA:1,1
DA:2,1
LF:2
LH:2
BRF:0
BRH:0
end_of_record
TN:
SF:src\migrated\actions\index.js
FN:2,(anonymous_0)
FN:7,(anonymous_1)
FN:12,(anonymous_2)
FN:17,(anonymous_3)
FN:23,(anonymous_4)
FN:28,(anonymous_5)
FN:33,(anonymous_6)
FN:38,(anonymous_7)
FN:43,(anonymous_8)
FN:48,(anonymous_9)
FN:52,(anonymous_10)
FN:57,(anonymous_11)
FN:62,(anonymous_12)
FN:67,(anonymous_13)
FN:72,(anonymous_14)
FN:77,(anonymous_15)
FN:82,(anonymous_16)
FN:87,(anonymous_17)
FN:92,(anonymous_18)
FN:97,(anonymous_19)
FN:102,(anonymous_20)
FN:107,(anonymous_21)
FN:112,(anonymous_22)
FN:117,(anonymous_23)
FN:122,(anonymous_24)
FN:127,(anonymous_25)
FN:132,(anonymous_26)
FN:137,(anonymous_27)
FN:142,(anonymous_28)
FN:147,(anonymous_29)
FN:151,(anonymous_30)
FN:155,(anonymous_31)
FN:159,(anonymous_32)
FN:164,(anonymous_33)
FN:169,(anonymous_34)
FN:174,(anonymous_35)
FN:179,(anonymous_36)
FN:184,(anonymous_37)
FN:189,(anonymous_38)
FN:194,(anonymous_39)
FN:199,(anonymous_40)
FN:204,(anonymous_41)
FN:209,(anonymous_42)
FN:214,(anonymous_43)
FN:219,(anonymous_44)
FN:224,(anonymous_45)
FN:229,(anonymous_46)
FN:234,(anonymous_47)
FN:239,(anonymous_48)
FN:244,(anonymous_49)
FN:249,(anonymous_50)
FN:254,(anonymous_51)
FN:259,(anonymous_52)
FN:264,(anonymous_53)
FN:269,(anonymous_54)
FN:274,(anonymous_55)
FN:279,(anonymous_56)
FN:284,(anonymous_57)
FN:289,(anonymous_58)
FN:294,(anonymous_59)
FN:299,(anonymous_60)
FN:304,(anonymous_61)
FN:309,(anonymous_62)
FN:314,(anonymous_63)
FN:319,(anonymous_64)
FN:324,(anonymous_65)
FN:329,(anonymous_66)
FN:334,(anonymous_67)
FN:338,(anonymous_68)
FN:342,(anonymous_69)
FN:348,(anonymous_70)
FN:353,(anonymous_71)
FN:358,(anonymous_72)
FN:363,(anonymous_73)
FN:368,(anonymous_74)
FN:373,(anonymous_75)
FN:378,(anonymous_76)
FN:383,(anonymous_77)
FN:388,(anonymous_78)
FN:393,(anonymous_79)
FN:398,(anonymous_80)
FN:403,(anonymous_81)
FN:408,(anonymous_82)
FN:413,(anonymous_83)
FN:418,(anonymous_84)
FN:423,(anonymous_85)
FN:428,(anonymous_86)
FN:433,(anonymous_87)
FN:438,(anonymous_88)
FN:443,(anonymous_89)
FN:447,(anonymous_90)
FN:451,(anonymous_91)
FN:456,(anonymous_92)
FN:461,(anonymous_93)
FN:466,(anonymous_94)
FN:471,(anonymous_95)
FN:476,(anonymous_96)
FN:481,(anonymous_97)
FN:486,(anonymous_98)
FN:491,(anonymous_99)
FN:496,(anonymous_100)
FN:501,(anonymous_101)
FN:506,(anonymous_102)
FN:511,(anonymous_103)
FN:516,(anonymous_104)
FN:521,(anonymous_105)
FN:526,(anonymous_106)
FN:531,(anonymous_107)
FN:536,(anonymous_108)
FN:541,(anonymous_109)
FN:546,(anonymous_110)
FN:551,(anonymous_111)
FN:556,(anonymous_112)
FN:561,(anonymous_113)
FN:565,(anonymous_114)
FN:569,(anonymous_115)
FNF:116
FNH:1
FNDA:0,(anonymous_0)
FNDA:0,(anonymous_1)
FNDA:0,(anonymous_2)
FNDA:0,(anonymous_3)
FNDA:0,(anonymous_4)
FNDA:0,(anonymous_5)
FNDA:0,(anonymous_6)
FNDA:0,(anonymous_7)
FNDA:0,(anonymous_8)
FNDA:0,(anonymous_9)
FNDA:0,(anonymous_10)
FNDA:0,(anonymous_11)
FNDA:0,(anonymous_12)
FNDA:0,(anonymous_13)
FNDA:0,(anonymous_14)
FNDA:0,(anonymous_15)
FNDA:0,(anonymous_16)
FNDA:0,(anonymous_17)
FNDA:2,(anonymous_18)
FNDA:0,(anonymous_19)
FNDA:0,(anonymous_20)
FNDA:0,(anonymous_21)
FNDA:0,(anonymous_22)
FNDA:0,(anonymous_23)
FNDA:0,(anonymous_24)
FNDA:0,(anonymous_25)
FNDA:0,(anonymous_26)
FNDA:0,(anonymous_27)
FNDA:0,(anonymous_28)
FNDA:0,(anonymous_29)
FNDA:0,(anonymous_30)
FNDA:0,(anonymous_31)
FNDA:0,(anonymous_32)
FNDA:0,(anonymous_33)
FNDA:0,(anonymous_34)
FNDA:0,(anonymous_35)
FNDA:0,(anonymous_36)
FNDA:0,(anonymous_37)
FNDA:0,(anonymous_38)
FNDA:0,(anonymous_39)
FNDA:0,(anonymous_40)
FNDA:0,(anonymous_41)
FNDA:0,(anonymous_42)
FNDA:0,(anonymous_43)
FNDA:0,(anonymous_44)
FNDA:0,(anonymous_45)
FNDA:0,(anonymous_46)
FNDA:0,(anonymous_47)
FNDA:0,(anonymous_48)
FNDA:0,(anonymous_49)
FNDA:0,(anonymous_50)
FNDA:0,(anonymous_51)
FNDA:0,(anonymous_52)
FNDA:0,(anonymous_53)
FNDA:0,(anonymous_54)
FNDA:0,(anonymous_55)
FNDA:0,(anonymous_56)
FNDA:0,(anonymous_57)
FNDA:0,(anonymous_58)
FNDA:0,(anonymous_59)
FNDA:0,(anonymous_60)
FNDA:0,(anonymous_61)
FNDA:0,(anonymous_62)
FNDA:0,(anonymous_63)
FNDA:0,(anonymous_64)
FNDA:0,(anonymous_65)
FNDA:0,(anonymous_66)
FNDA:0,(anonymous_67)
FNDA:0,(anonymous_68)
FNDA:0,(anonymous_69)
FNDA:0,(anonymous_70)
FNDA:0,(anonymous_71)
FNDA:0,(anonymous_72)
FNDA:0,(anonymous_73)
FNDA:0,(anonymous_74)
FNDA:0,(anonymous_75)
FNDA:0,(anonymous_76)
FNDA:0,(anonymous_77)
FNDA:0,(anonymous_78)
FNDA:0,(anonymous_79)
FNDA:0,(anonymous_80)
FNDA:0,(anonymous_81)
FNDA:0,(anonymous_82)
FNDA:0,(anonymous_83)
FNDA:0,(anonymous_84)
FNDA:0,(anonymous_85)
FNDA:0,(anonymous_86)
FNDA:0,(anonymous_87)
FNDA:0,(anonymous_88)
FNDA:0,(anonymous_89)
FNDA:0,(anonymous_90)
FNDA:0,(anonymous_91)
FNDA:0,(anonymous_92)
FNDA:0,(anonymous_93)
FNDA:0,(anonymous_94)
FNDA:0,(anonymous_95)
FNDA:0,(anonymous_96)
FNDA:0,(anonymous_97)
FNDA:0,(anonymous_98)
FNDA:0,(anonymous_99)
FNDA:0,(anonymous_100)
FNDA:0,(anonymous_101)
FNDA:0,(anonymous_102)
FNDA:0,(anonymous_103)
FNDA:0,(anonymous_104)
FNDA:0,(anonymous_105)
FNDA:0,(anonymous_106)
FNDA:0,(anonymous_107)
FNDA:0,(anonymous_108)
FNDA:0,(anonymous_109)
FNDA:0,(anonymous_110)
FNDA:0,(anonymous_111)
FNDA:0,(anonymous_112)
FNDA:0,(anonymous_113)
FNDA:0,(anonymous_114)
FNDA:0,(anonymous_115)
DA:2,13
DA:7,13
DA:12,13
DA:17,13
DA:23,13
DA:28,13
DA:33,13
DA:38,13
DA:43,13
DA:48,13
DA:52,13
DA:57,13
DA:62,13
DA:67,13
DA:72,13
DA:77,13
DA:82,13
DA:87,13
DA:92,13
DA:97,13
DA:102,13
DA:107,13
DA:112,13
DA:117,13
DA:122,13
DA:127,13
DA:132,13
DA:137,13
DA:142,13
DA:147,13
DA:151,13
DA:155,13
DA:159,13
DA:164,13
DA:169,13
DA:174,13
DA:179,13
DA:184,13
DA:189,13
DA:194,13
DA:199,13
DA:204,13
DA:209,13
DA:214,13
DA:219,13
DA:224,13
DA:229,13
DA:234,13
DA:239,13
DA:244,13
DA:249,13
DA:254,13
DA:259,13
DA:264,13
DA:269,13
DA:274,13
DA:279,13
DA:284,13
DA:289,13
DA:294,13
DA:299,13
DA:304,13
DA:309,13
DA:314,13
DA:319,13
DA:324,13
DA:329,13
DA:334,13
DA:338,13
DA:342,13
DA:348,13
DA:353,13
DA:358,13
DA:363,13
DA:368,13
DA:373,13
DA:378,13
DA:383,13
DA:388,13
DA:393,13
DA:398,13
DA:403,13
DA:408,13
DA:413,13
DA:418,13
DA:423,13
DA:428,13
DA:433,13
DA:438,13
DA:443,13
DA:447,13
DA:451,13
DA:456,13
DA:461,13
DA:466,13
DA:471,13
DA:476,13
DA:481,13
DA:486,13
DA:491,13
DA:496,13
DA:501,13
DA:506,13
DA:511,13
DA:516,13
DA:521,13
DA:526,13
DA:531,13
DA:536,13
DA:541,13
DA:546,13
DA:551,13
DA:556,13
DA:561,13
DA:565,13
DA:569,13
LF:116
LH:116
BRF:0
BRH:0
end_of_record
TN:
SF:src\migrated\config\env.js
FN:1,(anonymous_0)
FN:5,(anonymous_1)
FNF:2
FNH:2
FNDA:13,(anonymous_0)
FNDA:13,(anonymous_1)
DA:1,13
DA:2,13
DA:3,13
DA:4,13
DA:5,13
DA:6,13
DA:8,0
DA:10,0
DA:12,13
DA:15,13
DA:33,13
DA:35,0
DA:37,0
DA:62,0
DA:72,0
DA:74,0
DA:76,0
DA:88,0
DA:98,0
DA:100,13
DA:106,13
DA:108,0
DA:109,0
DA:111,13
DA:126,13
LF:25
LH:13
BRDA:2,0,0,13
BRDA:2,0,1,13
BRDA:6,1,0,0
BRDA:6,1,1,0
BRDA:6,1,2,13
BRDA:23,2,0,0
BRDA:23,2,1,13
BRDA:33,3,0,0
BRDA:33,3,1,0
BRDA:33,3,2,13
BRDA:33,3,3,0
BRDA:35,4,0,0
BRDA:35,4,1,0
BRDA:37,5,0,0
BRDA:37,5,1,0
BRDA:74,6,0,0
BRDA:74,6,1,0
BRF:17
BRH:5
end_of_record
TN:
SF:src\migrated\lib\common\CustomTable.js
FN:14,(anonymous_0)
FN:36,(anonymous_1)
FN:57,(anonymous_2)
FN:61,(anonymous_3)
FN:64,(anonymous_4)
FN:69,descendingComparator
FN:79,getComparator
FN:81,(anonymous_7)
FN:82,(anonymous_8)
FN:85,stableSort
FN:86,(anonymous_10)
FN:87,(anonymous_11)
FN:93,(anonymous_12)
FN:96,(anonymous_13)
FN:101,(anonymous_14)
FN:101,(anonymous_15)
FN:113,(anonymous_16)
FN:145,(anonymous_17)
FN:157,(anonymous_18)
FN:162,(anonymous_19)
FNF:20
FNH:0
FNDA:0,(anonymous_0)
FNDA:0,(anonymous_1)
FNDA:0,(anonymous_2)
FNDA:0,(anonymous_3)
FNDA:0,(anonymous_4)
FNDA:0,descendingComparator
FNDA:0,getComparator
FNDA:0,(anonymous_7)
FNDA:0,(anonymous_8)
FNDA:0,stableSort
FNDA:0,(anonymous_10)
FNDA:0,(anonymous_11)
FNDA:0,(anonymous_12)
FNDA:0,(anonymous_13)
FNDA:0,(anonymous_14)
FNDA:0,(anonymous_15)
FNDA:0,(anonymous_16)
FNDA:0,(anonymous_17)
FNDA:0,(anonymous_18)
FNDA:0,(anonymous_19)
DA:14,1
DA:36,1
DA:37,0
DA:45,0
DA:46,0
DA:47,0
DA:48,0
DA:55,0
DA:56,0
DA:57,0
DA:58,0
DA:59,0
DA:61,0
DA:62,0
DA:64,0
DA:65,0
DA:66,0
DA:70,0
DA:71,0
DA:73,0
DA:74,0
DA:76,0
DA:80,0
DA:81,0
DA:82,0
DA:86,0
DA:87,0
DA:88,0
DA:89,0
DA:90,0
DA:93,0
DA:96,0
DA:97,0
DA:98,0
DA:99,0
DA:101,0
DA:102,0
DA:104,0
DA:107,0
DA:114,0
DA:146,0
DA:157,0
DA:164,0
DA:169,0
DA:170,0
DA:173,0
LF:46
LH:2
BRDA:49,0,0,0
BRDA:49,0,1,0
BRDA:51,1,0,0
BRDA:51,1,1,0
BRDA:53,2,0,0
BRDA:53,2,1,0
BRDA:65,3,0,0
BRDA:65,3,1,0
BRDA:65,4,0,0
BRDA:65,4,1,0
BRDA:70,5,0,0
BRDA:70,5,1,0
BRDA:73,6,0,0
BRDA:73,6,1,0
BRDA:80,7,0,0
BRDA:80,7,1,0
BRDA:89,8,0,0
BRDA:89,8,1,0
BRDA:97,9,0,0
BRDA:97,9,1,0
BRDA:98,10,0,0
BRDA:98,10,1,0
BRDA:104,11,0,0
BRDA:104,11,1,0
BRDA:114,12,0,0
BRDA:114,12,1,0
BRDA:119,13,0,0
BRDA:119,13,1,0
BRDA:123,14,0,0
BRDA:123,14,1,0
BRDA:149,15,0,0
BRDA:149,15,1,0
BRDA:151,16,0,0
BRDA:151,16,1,0
BRDA:151,17,0,0
BRDA:151,17,1,0
BRDA:156,18,0,0
BRDA:156,18,1,0
BRDA:156,19,0,0
BRDA:156,19,1,0
BRDA:164,20,0,0
BRDA:164,20,1,0
BRDA:165,21,0,0
BRDA:165,21,1,0
BRDA:169,22,0,0
BRDA:169,22,1,0
BRDA:180,23,0,0
BRDA:180,23,1,0
BRDA:185,24,0,0
BRDA:185,24,1,0
BRDA:187,25,0,0
BRDA:187,25,1,0
BRDA:187,26,0,0
BRDA:187,26,1,0
BRDA:199,27,0,0
BRDA:199,27,1,0
BRDA:199,28,0,0
BRDA:199,28,1,0
BRDA:207,29,0,0
BRDA:207,29,1,0
BRDA:214,30,0,0
BRDA:214,30,1,0
BRDA:214,30,2,0
BRF:63
BRH:0
end_of_record
TN:
SF:src\migrated\lib\common\util.js
FN:51,(anonymous_0)
FN:52,(anonymous_1)
FN:59,(anonymous_2)
FN:68,(anonymous_3)
FN:78,(anonymous_4)
FN:130,(anonymous_5)
FN:150,(anonymous_6)
FN:151,(anonymous_7)
FN:175,(anonymous_8)
FN:177,(anonymous_9)
FN:199,(anonymous_10)
FN:203,(anonymous_11)
FN:204,(anonymous_12)
FN:206,(anonymous_13)
FN:215,(anonymous_14)
FN:222,(anonymous_15)
FN:223,(anonymous_16)
FN:230,(anonymous_17)
FN:242,(anonymous_18)
FN:254,(anonymous_19)
FN:259,(anonymous_20)
FN:264,(anonymous_21)
FN:269,(anonymous_22)
FN:274,(anonymous_23)
FN:285,(anonymous_24)
FN:290,(anonymous_25)
FN:304,(anonymous_26)
FN:320,(anonymous_27)
FN:330,(anonymous_28)
FN:351,(anonymous_29)
FN:370,(anonymous_30)
FN:371,(anonymous_31)
FN:375,(anonymous_32)
FN:387,(anonymous_33)
FN:399,(anonymous_34)
FN:404,(anonymous_35)
FN:409,(anonymous_36)
FN:414,(anonymous_37)
FN:419,(anonymous_38)
FN:430,(anonymous_39)
FN:435,(anonymous_40)
FN:449,(anonymous_41)
FN:465,(anonymous_42)
FN:475,(anonymous_43)
FN:494,(anonymous_44)
FN:540,(anonymous_45)
FN:545,(anonymous_46)
FN:557,(anonymous_47)
FN:568,(anonymous_48)
FN:569,(anonymous_49)
FN:571,(anonymous_50)
FN:661,(anonymous_51)
FN:744,(anonymous_52)
FN:747,(anonymous_53)
FN:754,(anonymous_54)
FN:810,(anonymous_55)
FN:817,(anonymous_56)
FN:907,(anonymous_57)
FN:916,(anonymous_58)
FN:923,(anonymous_59)
FN:927,(anonymous_60)
FN:936,(anonymous_61)
FN:1026,(anonymous_62)
FN:1054,(anonymous_63)
FN:1073,(anonymous_64)
FN:1088,(anonymous_65)
FN:1110,(anonymous_66)
FN:1122,(anonymous_67)
FN:1138,(anonymous_68)
FN:1156,(anonymous_69)
FN:1182,(anonymous_70)
FN:1188,(anonymous_71)
FN:1197,(anonymous_72)
FN:1214,(anonymous_73)
FN:1234,(anonymous_74)
FN:1252,(anonymous_75)
FN:1265,(anonymous_76)
FN:1269,(anonymous_77)
FN:1277,(anonymous_78)
FN:1283,(anonymous_79)
FN:1284,(anonymous_80)
FN:1286,(anonymous_81)
FN:1291,(anonymous_82)
FN:1292,(anonymous_83)
FN:1296,(anonymous_84)
FN:1299,(anonymous_85)
FN:1310,(anonymous_86)
FN:1325,(anonymous_87)
FN:1330,(anonymous_88)
FN:1337,(anonymous_89)
FN:1346,(anonymous_90)
FN:1401,(anonymous_91)
FN:1414,(anonymous_92)
FN:1421,(anonymous_93)
FN:1483,(anonymous_94)
FN:1487,(anonymous_95)
FN:1520,(anonymous_96)
FN:1534,(anonymous_97)
FN:1547,(anonymous_98)
FN:1575,(anonymous_99)
FN:1611,(anonymous_100)
FN:1625,(anonymous_101)
FN:1627,(anonymous_102)
FN:1635,(anonymous_103)
FN:1642,(anonymous_104)
FN:1659,(anonymous_105)
FN:1675,(anonymous_106)
FN:1676,(anonymous_107)
FN:1677,(anonymous_108)
FN:1682,(anonymous_109)
FN:1685,(anonymous_110)
FN:1693,(anonymous_111)
FN:1709,(anonymous_112)
FN:1710,(anonymous_113)
FN:1722,(anonymous_114)
FN:1729,(anonymous_115)
FN:1732,(anonymous_116)
FN:1739,(anonymous_117)
FN:1746,(anonymous_118)
FN:1751,(anonymous_119)
FN:1755,(anonymous_120)
FN:1759,(anonymous_121)
FN:1761,(anonymous_122)
FN:1777,(anonymous_123)
FN:1788,(anonymous_124)
FN:1793,(anonymous_125)
FN:1803,(anonymous_126)
FN:1818,(anonymous_127)
FN:1825,(anonymous_128)
FN:1834,dateToDate
FN:1847,addMonth
FN:1868,(anonymous_131)
FN:1884,(anonymous_132)
FN:1900,(anonymous_133)
FN:1927,(anonymous_134)
FN:1930,(anonymous_135)
FN:1933,(anonymous_136)
FN:1939,(anonymous_137)
FN:1942,(anonymous_138)
FN:1950,(anonymous_139)
FN:1974,(anonymous_140)
FN:1982,(anonymous_141)
FN:2004,(anonymous_142)
FN:2006,(anonymous_143)
FN:2007,(anonymous_144)
FN:2008,(anonymous_145)
FN:2009,(anonymous_146)
FN:2012,(anonymous_147)
FN:2014,(anonymous_148)
FN:2017,(anonymous_149)
FN:2038,(anonymous_150)
FN:2044,(anonymous_151)
FN:2057,(anonymous_152)
FN:2066,(anonymous_153)
FN:2081,(anonymous_154)
FN:2091,(anonymous_155)
FN:2097,(anonymous_156)
FN:2098,(anonymous_157)
FN:2103,(anonymous_158)
FN:2104,(anonymous_159)
FN:2109,(anonymous_160)
FN:2110,(anonymous_161)
FN:2110,(anonymous_162)
FN:2112,(anonymous_163)
FN:2121,(anonymous_164)
FN:2129,(anonymous_165)
FN:2141,(anonymous_166)
FN:2149,(anonymous_167)
FN:2152,(anonymous_168)
FN:2159,(anonymous_169)
FN:2330,(anonymous_170)
FN:2340,(anonymous_171)
FN:2341,(anonymous_172)
FN:2366,(anonymous_173)
FN:2372,(anonymous_174)
FN:2394,(anonymous_175)
FN:2396,(anonymous_176)
FN:2401,(anonymous_177)
FN:2422,(anonymous_178)
FN:2425,(anonymous_179)
FN:2432,(anonymous_180)
FN:2439,(anonymous_181)
FN:2462,(anonymous_182)
FN:2465,(anonymous_183)
FN:2490,(anonymous_184)
FN:2554,(anonymous_185)
FN:2567,(anonymous_186)
FN:2572,(anonymous_187)
FN:2575,(anonymous_188)
FN:2577,(anonymous_189)
FN:2611,(anonymous_190)
FN:2632,(anonymous_191)
FN:2633,(anonymous_192)
FN:2680,(anonymous_193)
FN:2734,(anonymous_194)
FN:2820,(anonymous_195)
FN:2947,(anonymous_196)
FN:2964,(anonymous_197)
FN:2970,(anonymous_198)
FN:2976,(anonymous_199)
FN:2982,(anonymous_200)
FN:2988,(anonymous_201)
FN:3019,(anonymous_202)
FN:3022,(anonymous_203)
FN:3044,(anonymous_204)
FN:3045,(anonymous_205)
FN:3052,(anonymous_206)
FN:3060,(anonymous_207)
FN:3071,(anonymous_208)
FN:3077,(anonymous_209)
FN:3087,(anonymous_210)
FN:3090,(anonymous_211)
FN:3094,(anonymous_212)
FN:3097,(anonymous_213)
FN:3117,(anonymous_214)
FN:3130,(anonymous_215)
FN:3134,(anonymous_216)
FN:3137,(anonymous_217)
FN:3149,(anonymous_218)
FN:3156,(anonymous_219)
FN:3157,(anonymous_220)
FN:3160,(anonymous_221)
FN:3173,(anonymous_222)
FN:3175,(anonymous_223)
FN:3210,(anonymous_224)
FN:3211,(anonymous_225)
FN:3229,(anonymous_226)
FN:3230,(anonymous_227)
FNF:228
FNH:0
FNDA:0,(anonymous_0)
FNDA:0,(anonymous_1)
FNDA:0,(anonymous_2)
FNDA:0,(anonymous_3)
FNDA:0,(anonymous_4)
FNDA:0,(anonymous_5)
FNDA:0,(anonymous_6)
FNDA:0,(anonymous_7)
FNDA:0,(anonymous_8)
FNDA:0,(anonymous_9)
FNDA:0,(anonymous_10)
FNDA:0,(anonymous_11)
FNDA:0,(anonymous_12)
FNDA:0,(anonymous_13)
FNDA:0,(anonymous_14)
FNDA:0,(anonymous_15)
FNDA:0,(anonymous_16)
FNDA:0,(anonymous_17)
FNDA:0,(anonymous_18)
FNDA:0,(anonymous_19)
FNDA:0,(anonymous_20)
FNDA:0,(anonymous_21)
FNDA:0,(anonymous_22)
FNDA:0,(anonymous_23)
FNDA:0,(anonymous_24)
FNDA:0,(anonymous_25)
FNDA:0,(anonymous_26)
FNDA:0,(anonymous_27)
FNDA:0,(anonymous_28)
FNDA:0,(anonymous_29)
FNDA:0,(anonymous_30)
FNDA:0,(anonymous_31)
FNDA:0,(anonymous_32)
FNDA:0,(anonymous_33)
FNDA:0,(anonymous_34)
FNDA:0,(anonymous_35)
FNDA:0,(anonymous_36)
FNDA:0,(anonymous_37)
FNDA:0,(anonymous_38)
FNDA:0,(anonymous_39)
FNDA:0,(anonymous_40)
FNDA:0,(anonymous_41)
FNDA:0,(anonymous_42)
FNDA:0,(anonymous_43)
FNDA:0,(anonymous_44)
FNDA:0,(anonymous_45)
FNDA:0,(anonymous_46)
FNDA:0,(anonymous_47)
FNDA:0,(anonymous_48)
FNDA:0,(anonymous_49)
FNDA:0,(anonymous_50)
FNDA:0,(anonymous_51)
FNDA:0,(anonymous_52)
FNDA:0,(anonymous_53)
FNDA:0,(anonymous_54)
FNDA:0,(anonymous_55)
FNDA:0,(anonymous_56)
FNDA:0,(anonymous_57)
FNDA:0,(anonymous_58)
FNDA:0,(anonymous_59)
FNDA:0,(anonymous_60)
FNDA:0,(anonymous_61)
FNDA:0,(anonymous_62)
FNDA:0,(anonymous_63)
FNDA:0,(anonymous_64)
FNDA:0,(anonymous_65)
FNDA:0,(anonymous_66)
FNDA:0,(anonymous_67)
FNDA:0,(anonymous_68)
FNDA:0,(anonymous_69)
FNDA:0,(anonymous_70)
FNDA:0,(anonymous_71)
FNDA:0,(anonymous_72)
FNDA:0,(anonymous_73)
FNDA:0,(anonymous_74)
FNDA:0,(anonymous_75)
FNDA:0,(anonymous_76)
FNDA:0,(anonymous_77)
FNDA:0,(anonymous_78)
FNDA:0,(anonymous_79)
FNDA:0,(anonymous_80)
FNDA:0,(anonymous_81)
FNDA:0,(anonymous_82)
FNDA:0,(anonymous_83)
FNDA:0,(anonymous_84)
FNDA:0,(anonymous_85)
FNDA:0,(anonymous_86)
FNDA:0,(anonymous_87)
FNDA:0,(anonymous_88)
FNDA:0,(anonymous_89)
FNDA:0,(anonymous_90)
FNDA:0,(anonymous_91)
FNDA:0,(anonymous_92)
FNDA:0,(anonymous_93)
FNDA:0,(anonymous_94)
FNDA:0,(anonymous_95)
FNDA:0,(anonymous_96)
FNDA:0,(anonymous_97)
FNDA:0,(anonymous_98)
FNDA:0,(anonymous_99)
FNDA:0,(anonymous_100)
FNDA:0,(anonymous_101)
FNDA:0,(anonymous_102)
FNDA:0,(anonymous_103)
FNDA:0,(anonymous_104)
FNDA:0,(anonymous_105)
FNDA:0,(anonymous_106)
FNDA:0,(anonymous_107)
FNDA:0,(anonymous_108)
FNDA:0,(anonymous_109)
FNDA:0,(anonymous_110)
FNDA:0,(anonymous_111)
FNDA:0,(anonymous_112)
FNDA:0,(anonymous_113)
FNDA:0,(anonymous_114)
FNDA:0,(anonymous_115)
FNDA:0,(anonymous_116)
FNDA:0,(anonymous_117)
FNDA:0,(anonymous_118)
FNDA:0,(anonymous_119)
FNDA:0,(anonymous_120)
FNDA:0,(anonymous_121)
FNDA:0,(anonymous_122)
FNDA:0,(anonymous_123)
FNDA:0,(anonymous_124)
FNDA:0,(anonymous_125)
FNDA:0,(anonymous_126)
FNDA:0,(anonymous_127)
FNDA:0,(anonymous_128)
FNDA:0,dateToDate
FNDA:0,addMonth
FNDA:0,(anonymous_131)
FNDA:0,(anonymous_132)
FNDA:0,(anonymous_133)
FNDA:0,(anonymous_134)
FNDA:0,(anonymous_135)
FNDA:0,(anonymous_136)
FNDA:0,(anonymous_137)
FNDA:0,(anonymous_138)
FNDA:0,(anonymous_139)
FNDA:0,(anonymous_140)
FNDA:0,(anonymous_141)
FNDA:0,(anonymous_142)
FNDA:0,(anonymous_143)
FNDA:0,(anonymous_144)
FNDA:0,(anonymous_145)
FNDA:0,(anonymous_146)
FNDA:0,(anonymous_147)
FNDA:0,(anonymous_148)
FNDA:0,(anonymous_149)
FNDA:0,(anonymous_150)
FNDA:0,(anonymous_151)
FNDA:0,(anonymous_152)
FNDA:0,(anonymous_153)
FNDA:0,(anonymous_154)
FNDA:0,(anonymous_155)
FNDA:0,(anonymous_156)
FNDA:0,(anonymous_157)
FNDA:0,(anonymous_158)
FNDA:0,(anonymous_159)
FNDA:0,(anonymous_160)
FNDA:0,(anonymous_161)
FNDA:0,(anonymous_162)
FNDA:0,(anonymous_163)
FNDA:0,(anonymous_164)
FNDA:0,(anonymous_165)
FNDA:0,(anonymous_166)
FNDA:0,(anonymous_167)
FNDA:0,(anonymous_168)
FNDA:0,(anonymous_169)
FNDA:0,(anonymous_170)
FNDA:0,(anonymous_171)
FNDA:0,(anonymous_172)
FNDA:0,(anonymous_173)
FNDA:0,(anonymous_174)
FNDA:0,(anonymous_175)
FNDA:0,(anonymous_176)
FNDA:0,(anonymous_177)
FNDA:0,(anonymous_178)
FNDA:0,(anonymous_179)
FNDA:0,(anonymous_180)
FNDA:0,(anonymous_181)
FNDA:0,(anonymous_182)
FNDA:0,(anonymous_183)
FNDA:0,(anonymous_184)
FNDA:0,(anonymous_185)
FNDA:0,(anonymous_186)
FNDA:0,(anonymous_187)
FNDA:0,(anonymous_188)
FNDA:0,(anonymous_189)
FNDA:0,(anonymous_190)
FNDA:0,(anonymous_191)
FNDA:0,(anonymous_192)
FNDA:0,(anonymous_193)
FNDA:0,(anonymous_194)
FNDA:0,(anonymous_195)
FNDA:0,(anonymous_196)
FNDA:0,(anonymous_197)
FNDA:0,(anonymous_198)
FNDA:0,(anonymous_199)
FNDA:0,(anonymous_200)
FNDA:0,(anonymous_201)
FNDA:0,(anonymous_202)
FNDA:0,(anonymous_203)
FNDA:0,(anonymous_204)
FNDA:0,(anonymous_205)
FNDA:0,(anonymous_206)
FNDA:0,(anonymous_207)
FNDA:0,(anonymous_208)
FNDA:0,(anonymous_209)
FNDA:0,(anonymous_210)
FNDA:0,(anonymous_211)
FNDA:0,(anonymous_212)
FNDA:0,(anonymous_213)
FNDA:0,(anonymous_214)
FNDA:0,(anonymous_215)
FNDA:0,(anonymous_216)
FNDA:0,(anonymous_217)
FNDA:0,(anonymous_218)
FNDA:0,(anonymous_219)
FNDA:0,(anonymous_220)
FNDA:0,(anonymous_221)
FNDA:0,(anonymous_222)
FNDA:0,(anonymous_223)
FNDA:0,(anonymous_224)
FNDA:0,(anonymous_225)
FNDA:0,(anonymous_226)
FNDA:0,(anonymous_227)
DA:47,12
DA:51,12
DA:52,0
DA:53,0
DA:54,0
DA:55,0
DA:57,0
DA:58,0
DA:60,0
DA:64,0
DA:68,12
DA:69,0
DA:76,0
DA:78,12
DA:79,0
DA:130,0
DA:131,0
DA:146,0
DA:147,0
DA:150,12
DA:151,0
DA:152,0
DA:162,0
DA:172,0
DA:175,12
DA:177,12
DA:179,0
DA:180,0
DA:182,0
DA:183,0
DA:185,0
DA:186,0
DA:188,0
DA:189,0
DA:191,0
DA:192,0
DA:194,0
DA:196,0
DA:199,12
DA:200,0
DA:201,0
DA:202,0
DA:203,0
DA:204,0
DA:205,0
DA:207,0
DA:210,0
DA:211,0
DA:212,0
DA:213,0
DA:215,0
DA:216,0
DA:221,0
DA:222,0
DA:224,0
DA:229,0
DA:230,0
DA:231,0
DA:234,0
DA:242,0
DA:243,0
DA:246,0
DA:254,0
DA:255,0
DA:258,0
DA:259,0
DA:260,0
DA:263,0
DA:264,0
DA:265,0
DA:268,0
DA:269,0
DA:270,0
DA:273,0
DA:274,0
DA:275,0
DA:278,0
DA:285,0
DA:286,0
DA:289,0
DA:290,0
DA:291,0
DA:297,0
DA:303,0
DA:304,0
DA:305,0
DA:319,0
DA:320,0
DA:321,0
DA:329,0
DA:330,0
DA:331,0
DA:340,0
DA:344,0
DA:345,0
DA:350,0
DA:351,0
DA:352,0
DA:364,0
DA:366,0
DA:370,12
DA:371,0
DA:372,0
DA:374,0
DA:375,0
DA:376,0
DA:379,0
DA:387,0
DA:388,0
DA:391,0
DA:399,0
DA:400,0
DA:403,0
DA:404,0
DA:405,0
DA:408,0
DA:409,0
DA:410,0
DA:413,0
DA:414,0
DA:415,0
DA:418,0
DA:419,0
DA:420,0
DA:423,0
DA:430,0
DA:431,0
DA:434,0
DA:435,0
DA:436,0
DA:442,0
DA:448,0
DA:449,0
DA:450,0
DA:464,0
DA:465,0
DA:466,0
DA:474,0
DA:475,0
DA:476,0
DA:485,0
DA:487,12
DA:494,12
DA:503,0
DA:505,0
DA:506,0
DA:508,0
DA:532,0
DA:541,0
DA:546,0
DA:558,0
DA:568,12
DA:569,0
DA:570,0
DA:571,0
DA:572,0
DA:573,0
DA:576,0
DA:577,0
DA:579,0
DA:580,0
DA:581,0
DA:582,0
DA:585,0
DA:592,0
DA:595,0
DA:596,0
DA:597,0
DA:600,0
DA:603,0
DA:605,0
DA:606,0
DA:611,0
DA:612,0
DA:613,0
DA:616,0
DA:620,0
DA:623,0
DA:626,0
DA:630,0
DA:633,0
DA:636,0
DA:637,0
DA:640,0
DA:643,0
DA:648,0
DA:651,0
DA:654,0
DA:656,0
DA:659,0
DA:660,0
DA:662,0
DA:666,0
DA:673,0
DA:676,0
DA:681,0
DA:686,0
DA:691,0
DA:696,0
DA:701,0
DA:704,0
DA:708,0
DA:711,0
DA:714,0
DA:715,0
DA:716,0
DA:717,0
DA:718,0
DA:719,0
DA:722,0
DA:726,0
DA:728,0
DA:734,0
DA:739,0
DA:740,0
DA:741,0
DA:742,0
DA:745,0
DA:746,0
DA:748,0
DA:753,0
DA:755,0
DA:760,0
DA:762,0
DA:769,0
DA:774,0
DA:780,0
DA:789,0
DA:793,0
DA:799,0
DA:802,0
DA:810,0
DA:811,0
DA:814,0
DA:817,0
DA:818,0
DA:821,0
DA:825,0
DA:826,0
DA:832,0
DA:838,0
DA:845,0
DA:851,0
DA:855,0
DA:857,0
DA:865,0
DA:872,0
DA:880,0
DA:883,0
DA:888,0
DA:893,0
DA:897,0
DA:900,0
DA:904,0
DA:907,0
DA:908,0
DA:909,0
DA:912,0
DA:916,12
DA:917,0
DA:918,0
DA:923,0
DA:924,0
DA:925,0
DA:926,0
DA:927,0
DA:930,0
DA:932,0
DA:933,0
DA:936,12
DA:942,0
DA:945,0
DA:947,0
DA:948,0
DA:949,0
DA:950,0
DA:951,0
DA:952,0
DA:953,0
DA:954,0
DA:974,0
DA:975,0
DA:987,0
DA:999,0
DA:1002,0
DA:1003,0
DA:1005,0
DA:1006,0
DA:1008,0
DA:1009,0
DA:1011,0
DA:1012,0
DA:1014,0
DA:1015,0
DA:1017,0
DA:1018,0
DA:1023,0
DA:1026,12
DA:1027,0
DA:1035,0
DA:1036,0
DA:1052,0
DA:1054,12
DA:1055,0
DA:1062,0
DA:1063,0
DA:1071,0
DA:1073,12
DA:1074,0
DA:1081,0
DA:1082,0
DA:1083,0
DA:1084,0
DA:1085,0
DA:1086,0
DA:1087,0
DA:1088,0
DA:1089,0
DA:1109,0
DA:1110,0
DA:1111,0
DA:1122,0
DA:1123,0
DA:1135,0
DA:1138,12
DA:1139,0
DA:1147,0
DA:1148,0
DA:1153,0
DA:1156,12
DA:1157,0
DA:1164,0
DA:1179,0
DA:1182,12
DA:1183,0
DA:1184,0
DA:1185,0
DA:1188,12
DA:1189,0
DA:1191,0
DA:1196,0
DA:1198,0
DA:1204,0
DA:1210,0
DA:1214,12
DA:1215,0
DA:1216,0
DA:1234,12
DA:1235,0
DA:1236,0
DA:1252,12
DA:1253,0
DA:1255,0
DA:1256,0
DA:1257,0
DA:1262,0
DA:1265,0
DA:1266,0
DA:1267,0
DA:1268,0
DA:1269,0
DA:1272,0
DA:1274,0
DA:1275,0
DA:1277,12
DA:1278,0
DA:1279,0
DA:1283,12
DA:1284,0
DA:1285,0
DA:1286,0
DA:1288,0
DA:1291,12
DA:1292,0
DA:1293,0
DA:1294,0
DA:1296,0
DA:1299,12
DA:1300,0
DA:1301,0
DA:1302,0
DA:1307,0
DA:1310,12
DA:1311,0
DA:1312,0
DA:1313,0
DA:1315,0
DA:1325,12
DA:1326,0
DA:1330,12
DA:1331,0
DA:1336,0
DA:1337,0
DA:1338,0
DA:1340,0
DA:1341,0
DA:1342,0
DA:1343,0
DA:1346,12
DA:1356,0
DA:1357,0
DA:1360,0
DA:1369,0
DA:1373,0
DA:1374,0
DA:1375,0
DA:1376,0
DA:1377,0
DA:1401,12
DA:1402,0
DA:1410,0
DA:1411,0
DA:1414,12
DA:1415,0
DA:1421,12
DA:1431,0
DA:1432,0
DA:1435,0
DA:1440,0
DA:1441,0
DA:1445,0
DA:1446,0
DA:1447,0
DA:1448,0
DA:1449,0
DA:1483,12
DA:1484,0
DA:1487,12
DA:1488,0
DA:1489,0
DA:1490,0
DA:1493,0
DA:1494,0
DA:1495,0
DA:1496,0
DA:1497,0
DA:1498,0
DA:1499,0
DA:1504,12
DA:1506,12
DA:1520,12
DA:1521,0
DA:1522,0
DA:1523,0
DA:1530,0
DA:1534,12
DA:1538,0
DA:1539,0
DA:1540,0
DA:1541,0
DA:1544,0
DA:1547,12
DA:1549,0
DA:1550,0
DA:1551,0
DA:1553,0
DA:1554,0
DA:1555,0
DA:1556,0
DA:1557,0
DA:1559,0
DA:1562,0
DA:1565,0
DA:1566,0
DA:1568,0
DA:1569,0
DA:1571,0
DA:1575,12
DA:1577,0
DA:1578,0
DA:1579,0
DA:1590,0
DA:1591,0
DA:1602,0
DA:1604,0
DA:1607,0
DA:1611,12
DA:1612,0
DA:1618,0
DA:1619,0
DA:1620,0
DA:1621,0
DA:1622,0
DA:1623,0
DA:1624,0
DA:1625,0
DA:1627,0
DA:1629,0
DA:1632,0
DA:1635,12
DA:1637,0
DA:1639,0
DA:1642,12
DA:1643,0
DA:1645,0
DA:1647,0
DA:1649,0
DA:1651,0
DA:1653,0
DA:1655,0
DA:1659,12
DA:1660,0
DA:1663,0
DA:1667,0
DA:1669,0
DA:1671,0
DA:1675,12
DA:1676,0
DA:1677,0
DA:1678,0
DA:1682,12
DA:1683,0
DA:1684,0
DA:1685,0
DA:1690,0
DA:1693,12
DA:1695,0
DA:1697,0
DA:1698,0
DA:1700,0
DA:1701,0
DA:1703,0
DA:1704,0
DA:1706,0
DA:1709,12
DA:1710,0
DA:1713,0
DA:1716,0
DA:1719,0
DA:1722,12
DA:1728,0
DA:1729,0
DA:1731,0
DA:1733,0
DA:1739,0
DA:1740,0
DA:1744,0
DA:1747,0
DA:1752,0
DA:1753,0
DA:1756,0
DA:1759,0
DA:1760,0
DA:1762,0
DA:1769,0
DA:1774,0
DA:1777,12
DA:1786,0
DA:1787,0
DA:1788,0
DA:1789,0
DA:1791,0
DA:1792,0
DA:1793,0
DA:1794,0
DA:1796,0
DA:1798,0
DA:1801,0
DA:1802,0
DA:1803,0
DA:1804,0
DA:1806,0
DA:1808,0
DA:1809,0
DA:1811,0
DA:1813,0
DA:1815,0
DA:1818,12
DA:1819,0
DA:1824,0
DA:1825,0
DA:1826,0
DA:1828,0
DA:1829,0
DA:1830,0
DA:1831,0
DA:1835,0
DA:1836,0
DA:1837,0
DA:1838,0
DA:1839,0
DA:1840,0
DA:1841,0
DA:1844,0
DA:1848,0
DA:1849,0
DA:1850,0
DA:1851,0
DA:1852,0
DA:1853,0
DA:1854,0
DA:1855,0
DA:1856,0
DA:1857,0
DA:1858,0
DA:1860,0
DA:1861,0
DA:1862,0
DA:1863,0
DA:1865,0
DA:1868,12
DA:1869,0
DA:1870,0
DA:1871,0
DA:1872,0
DA:1873,0
DA:1874,0
DA:1875,0
DA:1877,0
DA:1878,0
DA:1880,0
DA:1881,0
DA:1884,12
DA:1885,0
DA:1886,0
DA:1887,0
DA:1888,0
DA:1889,0
DA:1890,0
DA:1891,0
DA:1893,0
DA:1894,0
DA:1896,0
DA:1897,0
DA:1900,12
DA:1902,0
DA:1904,0
DA:1905,0
DA:1907,0
DA:1912,0
DA:1914,0
DA:1921,0
DA:1924,0
DA:1927,12
DA:1929,0
DA:1930,0
DA:1932,0
DA:1933,0
DA:1934,0
DA:1936,0
DA:1939,12
DA:1940,0
DA:1941,0
DA:1943,0
DA:1946,0
DA:1950,12
DA:1951,0
DA:1952,0
DA:1954,0
DA:1955,0
DA:1957,0
DA:1958,0
DA:1960,0
DA:1961,0
DA:1963,0
DA:1964,0
DA:1966,0
DA:1967,0
DA:1969,0
DA:1971,0
DA:1974,12
DA:1975,0
DA:1982,0
DA:1983,0
DA:1984,0
DA:1995,0
DA:2001,0
DA:2004,12
DA:2005,0
DA:2006,0
DA:2007,0
DA:2008,0
DA:2009,0
DA:2010,0
DA:2012,0
DA:2014,12
DA:2015,0
DA:2017,12
DA:2018,0
DA:2027,0
DA:2038,0
DA:2039,0
DA:2042,0
DA:2044,12
DA:2045,0
DA:2050,0
DA:2057,0
DA:2058,0
DA:2063,0
DA:2066,12
DA:2067,0
DA:2068,0
DA:2069,0
DA:2078,0
DA:2081,12
DA:2082,0
DA:2084,0
DA:2090,0
DA:2091,0
DA:2097,12
DA:2098,0
DA:2099,0
DA:2103,12
DA:2104,0
DA:2105,0
DA:2109,12
DA:2110,0
DA:2112,12
DA:2113,0
DA:2114,0
DA:2115,0
DA:2116,0
DA:2119,0
DA:2122,0
DA:2123,0
DA:2124,0
DA:2125,0
DA:2126,0
DA:2130,0
DA:2131,0
DA:2132,0
DA:2133,0
DA:2135,0
DA:2138,0
DA:2141,12
DA:2143,0
DA:2144,0
DA:2147,0
DA:2150,0
DA:2153,0
DA:2154,0
DA:2156,0
DA:2159,12
DA:2160,0
DA:2161,0
DA:2330,0
DA:2331,0
DA:2332,0
DA:2333,0
DA:2334,0
DA:2336,0
DA:2338,0
DA:2340,12
DA:2341,0
DA:2342,0
DA:2346,0
DA:2350,0
DA:2355,0
DA:2359,0
DA:2366,12
DA:2367,0
DA:2368,0
DA:2369,0
DA:2370,0
DA:2371,0
DA:2372,0
DA:2373,0
DA:2374,0
DA:2376,0
DA:2377,0
DA:2378,0
DA:2382,0
DA:2383,0
DA:2384,0
DA:2385,0
DA:2386,0
DA:2389,0
DA:2394,12
DA:2395,0
DA:2396,0
DA:2398,0
DA:2399,0
DA:2400,0
DA:2401,0
DA:2402,0
DA:2403,0
DA:2405,0
DA:2417,0
DA:2420,0
DA:2422,12
DA:2424,0
DA:2426,0
DA:2427,0
DA:2430,0
DA:2432,12
DA:2433,0
DA:2434,0
DA:2435,0
DA:2440,0
DA:2462,12
DA:2463,0
DA:2465,0
DA:2466,0
DA:2467,0
DA:2475,0
DA:2487,0
DA:2490,12
DA:2491,0
DA:2492,0
DA:2493,0
DA:2494,0
DA:2497,0
DA:2502,0
DA:2507,0
DA:2510,0
DA:2514,0
DA:2520,0
DA:2526,0
DA:2535,0
DA:2540,0
DA:2554,12
DA:2555,0
DA:2557,0
DA:2562,0
DA:2567,12
DA:2568,0
DA:2569,0
DA:2572,12
DA:2574,0
DA:2575,0
DA:2576,0
DA:2577,0
DA:2579,0
DA:2611,12
DA:2612,0
DA:2613,0
DA:2614,0
DA:2615,0
DA:2616,0
DA:2617,0
DA:2622,0
DA:2626,0
DA:2629,0
DA:2632,12
DA:2633,0
DA:2634,0
DA:2677,0
DA:2680,12
DA:2686,0
DA:2687,0
DA:2688,0
DA:2689,0
DA:2693,0
DA:2694,0
DA:2698,0
DA:2699,0
DA:2703,0
DA:2704,0
DA:2708,0
DA:2709,0
DA:2713,0
DA:2714,0
DA:2718,0
DA:2719,0
DA:2723,0
DA:2724,0
DA:2728,0
DA:2731,0
DA:2734,12
DA:2735,0
DA:2736,0
DA:2737,0
DA:2738,0
DA:2739,0
DA:2746,0
DA:2747,0
DA:2749,0
DA:2750,0
DA:2753,0
DA:2757,0
DA:2760,0
DA:2764,0
DA:2767,0
DA:2771,0
DA:2774,0
DA:2778,0
DA:2781,0
DA:2785,0
DA:2788,0
DA:2792,0
DA:2795,0
DA:2799,0
DA:2802,0
DA:2806,0
DA:2812,0
DA:2820,12
DA:2822,0
DA:2826,0
DA:2831,0
DA:2836,0
DA:2947,12
DA:2948,0
DA:2950,0
DA:2952,0
DA:2954,0
DA:2956,0
DA:2958,0
DA:2960,0
DA:2964,12
DA:2965,0
DA:2966,0
DA:2967,0
DA:2970,12
DA:2971,0
DA:2972,0
DA:2973,0
DA:2976,12
DA:2978,0
DA:2979,0
DA:2983,0
DA:2988,12
DA:2989,0
DA:2990,0
DA:2991,0
DA:2992,0
DA:2993,0
DA:2994,0
DA:2995,0
DA:2996,0
DA:3011,0
DA:3012,0
DA:3016,0
DA:3019,12
DA:3020,0
DA:3021,0
DA:3022,0
DA:3023,0
DA:3026,0
DA:3034,0
DA:3035,0
DA:3044,12
DA:3045,0
DA:3046,0
DA:3047,0
DA:3052,12
DA:3059,0
DA:3060,0
DA:3061,0
DA:3068,0
DA:3071,12
DA:3072,0
DA:3073,0
DA:3074,0
DA:3075,0
DA:3077,12
DA:3078,0
DA:3079,0
[...]
DA:159,1
DA:160,0
DA:162,0
DA:167,0
DA:318,0
DA:320,0
DA:321,0
DA:322,0
DA:323,0
DA:325,0
DA:335,0
DA:348,0
DA:353,0
DA:354,0
DA:359,0
DA:367,0
DA:373,0
DA:382,0
DA:388,0
DA:390,0
DA:391,0
DA:393,0
DA:401,0
DA:438,0
DA:443,0
DA:445,0
DA:451,0
DA:462,0
DA:472,0
DA:483,0
DA:484,0
DA:485,0
DA:500,0
DA:503,0
DA:504,0
DA:505,0
DA:506,0
DA:507,0
DA:508,0
DA:509,0
DA:510,0
DA:514,0
DA:516,0
DA:520,0
DA:523,0
DA:524,0
DA:525,0
DA:526,0
DA:528,0
DA:529,0
DA:532,0
DA:539,0
DA:542,0
DA:543,0
DA:544,0
DA:545,0
DA:547,0
DA:548,0
DA:552,0
DA:569,0
DA:570,0
DA:571,0
DA:572,0
DA:573,0
DA:575,0
DA:577,0
DA:578,0
DA:579,0
DA:580,0
DA:581,0
DA:582,0
DA:583,0
DA:584,0
DA:586,0
DA:587,0
DA:588,0
DA:589,0
DA:591,0
DA:616,0
LF:91
LH:8
BRDA:136,0,0,0
BRDA:136,0,1,0
BRDA:136,0,2,0
BRDA:136,0,3,0
BRDA:140,1,0,0
BRDA:140,1,1,0
BRDA:140,2,0,0
BRDA:140,2,1,0
BRDA:318,3,0,0
BRDA:318,3,1,0
BRDA:320,4,0,0
BRDA:320,4,1,0
BRDA:321,5,0,0
BRDA:325,6,0,0
BRDA:325,6,1,0
BRDA:326,7,0,0
BRDA:326,7,1,0
BRDA:327,8,0,0
BRDA:327,8,1,0
BRDA:328,9,0,0
BRDA:328,9,1,0
BRDA:329,10,0,0
BRDA:329,10,1,0
BRDA:329,10,2,0
BRDA:330,11,0,0
BRDA:330,11,1,0
BRDA:330,11,2,0
BRDA:335,12,0,0
BRDA:335,12,1,0
BRDA:336,13,0,0
BRDA:336,13,1,0
BRDA:339,14,0,0
BRDA:339,14,1,0
BRDA:340,15,0,0
BRDA:340,15,1,0
BRDA:343,16,0,0
BRDA:343,16,1,0
BRDA:344,17,0,0
BRDA:344,17,1,0
BRDA:348,18,0,0
BRDA:348,18,1,0
BRDA:349,19,0,0
BRDA:349,19,1,0
BRDA:349,19,2,0
BRDA:349,19,3,0
BRDA:357,20,0,0
BRDA:357,20,1,0
BRDA:367,21,0,0
BRDA:367,21,1,0
BRDA:368,22,0,0
BRDA:368,22,1,0
BRDA:368,22,2,0
BRDA:368,22,3,0
BRDA:382,23,0,0
BRDA:382,23,1,0
BRDA:383,24,0,0
BRDA:383,24,1,0
BRDA:383,24,2,0
BRDA:383,24,3,0
BRDA:386,25,0,0
BRDA:386,25,1,0
BRDA:390,26,0,0
BRDA:390,26,1,0
BRDA:426,27,0,0
BRDA:426,27,1,0
BRDA:438,28,0,0
BRDA:438,28,1,0
BRDA:439,29,0,0
BRDA:439,29,1,0
BRDA:439,29,2,0
BRDA:484,30,0,0
BRDA:484,30,1,0
BRDA:496,31,0,0
BRDA:496,31,1,0
BRDA:496,32,0,0
BRDA:496,32,1,0
BRDA:503,33,0,0
BRDA:503,33,1,0
BRDA:505,34,0,0
BRDA:505,34,1,0
BRDA:506,35,0,0
BRDA:506,35,1,0
BRDA:507,36,0,0
BRDA:507,36,1,0
BRDA:507,37,0,0
BRDA:507,37,1,0
BRDA:509,38,0,0
BRDA:509,38,1,0
BRDA:510,39,0,0
BRDA:510,39,1,0
BRDA:511,40,0,0
BRDA:511,40,1,0
BRDA:516,41,0,0
BRDA:516,41,1,0
BRDA:517,42,0,0
BRDA:517,42,1,0
BRDA:523,43,0,0
BRDA:523,43,1,0
BRDA:524,44,0,0
BRDA:524,44,1,0
BRDA:525,45,0,0
BRDA:525,45,1,0
BRDA:528,46,0,0
BRDA:528,46,1,0
BRDA:532,47,0,0
BRDA:532,47,1,0
BRDA:533,48,0,0
BRDA:533,48,1,0
BRDA:535,49,0,0
BRDA:535,49,1,0
BRDA:535,49,2,0
BRDA:542,50,0,0
BRDA:542,50,1,0
BRDA:543,51,0,0
BRDA:543,51,1,0
BRDA:544,52,0,0
BRDA:544,52,1,0
BRDA:547,53,0,0
BRDA:547,53,1,0
BRDA:572,54,0,0
BRDA:572,54,1,0
BRDA:577,55,0,0
BRDA:577,55,1,0
BRDA:579,56,0,0
BRDA:579,56,1,0
BRDA:580,57,0,0
BRDA:580,57,1,0
BRDA:580,58,0,0
BRDA:580,58,1,0
BRDA:582,59,0,0
BRDA:582,59,1,0
BRDA:583,60,0,0
BRDA:583,60,1,0
BRDA:586,61,0,0
BRDA:586,61,1,0
BRDA:588,62,0,0
BRDA:588,62,1,0
BRDA:608,63,0,0
BRDA:608,63,1,0
BRDA:621,64,0,0
BRDA:621,64,1,0
BRDA:621,65,0,0
BRDA:621,65,1,0
BRDA:623,66,0,0
BRDA:623,66,1,0
BRF:145
BRH:0
end_of_record
TN:
SF:src\model\ExportQuoteOutput\index.tsx
FN:17,(anonymous_0)
FN:24,ExportQuoteOutput
FN:30,(anonymous_2)
FN:39,(anonymous_3)
FN:46,(anonymous_4)
FN:47,(anonymous_5)
FN:48,(anonymous_6)
FN:73,(anonymous_7)
FN:78,(anonymous_8)
FN:90,(anonymous_9)
FNF:10
FNH:0
FNDA:0,(anonymous_0)
FNDA:0,ExportQuoteOutput
FNDA:0,(anonymous_2)
FNDA:0,(anonymous_3)
FNDA:0,(anonymous_4)
FNDA:0,(anonymous_5)
FNDA:0,(anonymous_6)
FNDA:0,(anonymous_7)
FNDA:0,(anonymous_8)
FNDA:0,(anonymous_9)
DA:17,1
DA:18,0
DA:25,0
DA:26,0
DA:27,0
DA:28,0
DA:29,0
DA:30,0
DA:31,0
DA:32,0
DA:33,0
DA:34,0
DA:35,0
DA:40,0
DA:46,0
DA:47,0
DA:48,0
DA:49,0
DA:59,0
DA:61,0
DA:63,0
DA:66,0
DA:74,0
DA:78,0
DA:80,0
DA:82,0
DA:83,0
DA:85,0
DA:87,0
DA:90,0
DA:91,0
DA:92,0
DA:93,0
DA:95,0
DA:103,0
LF:35
LH:1
BRDA:32,0,0,0
BRDA:32,0,1,0
BRDA:41,1,0,0
BRDA:41,1,1,0
BRDA:59,2,0,0
BRDA:59,2,1,0
BRDA:66,3,0,0
BRDA:66,3,1,0
BRDA:80,4,0,0
BRDA:80,4,1,0
BRDA:83,5,0,0
BRDA:83,5,1,0
BRDA:91,6,0,0
BRDA:91,6,1,0
BRDA:103,7,0,0
BRDA:103,7,1,0
BRF:16
BRH:0
end_of_record
TN:
SF:src\model\Files\GraphQL.tsx
FNF:0
FNH:0
DA:3,1
DA:27,1
DA:37,1
LF:3
LH:3
BRF:0
BRH:0
end_of_record
TN:
SF:src\model\GetHpQuote\EisEuvFields.tsx
FN:19,(anonymous_0)
FN:60,(anonymous_1)
FN:62,(anonymous_2)
FN:73,(anonymous_3)
FN:81,(anonymous_4)
FN:85,(anonymous_5)
FN:92,(anonymous_6)
FN:92,(anonymous_7)
FN:104,(anonymous_8)
FN:108,(anonymous_9)
FN:149,(anonymous_10)
FN:168,(anonymous_11)
FNF:12
FNH:0
FNDA:0,(anonymous_0)
FNDA:0,(anonymous_1)
FNDA:0,(anonymous_2)
FNDA:0,(anonymous_3)
FNDA:0,(anonymous_4)
FNDA:0,(anonymous_5)
FNDA:0,(anonymous_6)
FNDA:0,(anonymous_7)
FNDA:0,(anonymous_8)
FNDA:0,(anonymous_9)
FNDA:0,(anonymous_10)
FNDA:0,(anonymous_11)
DA:19,1
DA:60,1
DA:61,0
DA:62,0
DA:70,0
DA:71,0
DA:72,0
DA:73,0
DA:76,0
DA:79,0
DA:80,0
DA:81,0
DA:85,0
DA:86,0
DA:87,0
DA:92,0
DA:93,0
DA:94,0
DA:99,0
DA:101,0
DA:104,0
DA:105,0
DA:108,0
DA:109,0
DA:127,0
DA:150,0
DA:169,0
LF:27
LH:2
BRDA:62,0,0,0
BRDA:76,1,0,0
BRDA:76,1,1,0
BRDA:76,2,0,0
BRDA:76,2,1,0
BRDA:79,3,0,0
BRDA:79,4,0,0
BRDA:81,5,0,0
BRDA:81,5,1,0
BRDA:81,5,2,0
BRDA:86,6,0,0
BRDA:86,6,1,0
BRDA:94,7,0,0
BRDA:94,7,1,0
BRDA:95,8,0,0
BRDA:95,8,1,0
BRDA:95,8,2,0
BRDA:110,9,0,0
BRDA:110,9,1,0
BRDA:110,9,2,0
BRDA:110,9,3,0
BRDA:110,9,4,0
BRDA:110,9,5,0
BRDA:110,9,6,0
BRDA:110,9,7,0
BRDA:129,10,0,0
BRDA:129,10,1,0
BRDA:137,11,0,0
BRDA:137,11,1,0
BRF:29
BRH:0
end_of_record
TN:
SF:src\model\NewDataTables\constants.tsx
FNF:0
FNH:0
DA:1,12
LF:1
LH:1
BRF:0
BRH:0
end_of_record
TN:
SF:src\model\RevisionHistory\AttributeHistory.tsx
FN:11,(anonymous_0)
FN:19,AttributeHistory
FN:48,(anonymous_2)
FNF:3
FNH:0
FNDA:0,(anonymous_0)
FNDA:0,AttributeHistory
FNDA:0,(anonymous_2)
DA:11,1
DA:20,0
DA:21,0
DA:22,0
DA:48,0
DA:49,0
DA:51,0
LF:7
LH:1
BRDA:67,0,0,0
BRDA:67,0,1,0
BRF:2
BRH:0
end_of_record
TN:
SF:src\model\RevisionHistory\index.tsx
FN:10,(anonymous_0)
FN:22,RevisionHistory
FN:28,(anonymous_2)
FN:37,(anonymous_3)
FN:38,(anonymous_4)
FN:69,(anonymous_5)
FN:72,(anonymous_6)
FNF:7
FNH:0
FNDA:0,(anonymous_0)
FNDA:0,RevisionHistory
FNDA:0,(anonymous_2)
FNDA:0,(anonymous_3)
FNDA:0,(anonymous_4)
FNDA:0,(anonymous_5)
FNDA:0,(anonymous_6)
DA:10,1
DA:23,0
DA:24,0
DA:25,0
DA:26,0
DA:27,0
DA:28,0
DA:29,0
DA:30,0
DA:33,0
DA:38,0
DA:69,0
DA:70,0
DA:72,0
DA:73,0
DA:75,0
LF:16
LH:1
BRDA:91,0,0,0
BRDA:91,0,1,0
BRF:2
BRH:0
end_of_record
TN:
SF:src\model\RolePermission\GraphQL.tsx
FNF:0
FNH:0
DA:3,1
DA:23,1
DA:32,1
DA:38,1
DA:44,1
DA:53,1
DA:62,1
DA:68,1
LF:8
LH:8
BRF:0
BRH:0
end_of_record
TN:
SF:src\model\RolePermission\Permission.tsx
FN:28,(anonymous_0)
FN:52,(anonymous_1)
FN:54,(anonymous_2)
FN:72,(anonymous_3)
FN:72,(anonymous_4)
FN:87,(anonymous_5)
FN:93,(anonymous_6)
FN:98,(anonymous_7)
FN:103,(anonymous_8)
FN:105,(anonymous_9)
FN:116,(anonymous_10)
FN:121,(anonymous_11)
FN:138,(anonymous_12)
FN:149,(anonymous_13)
FN:172,(anonymous_14)
FN:181,(anonymous_15)
FN:188,(anonymous_16)
FN:197,(anonymous_17)
FN:202,(anonymous_18)
FN:231,(anonymous_19)
FN:249,(anonymous_20)
FN:254,(anonymous_21)
FN:263,(anonymous_22)
FN:278,(anonymous_23)
FN:285,(anonymous_24)
FNF:25
FNH:0
FNDA:0,(anonymous_0)
FNDA:0,(anonymous_1)
FNDA:0,(anonymous_2)
FNDA:0,(anonymous_3)
FNDA:0,(anonymous_4)
FNDA:0,(anonymous_5)
FNDA:0,(anonymous_6)
FNDA:0,(anonymous_7)
FNDA:0,(anonymous_8)
FNDA:0,(anonymous_9)
FNDA:0,(anonymous_10)
FNDA:0,(anonymous_11)
FNDA:0,(anonymous_12)
FNDA:0,(anonymous_13)
FNDA:0,(anonymous_14)
FNDA:0,(anonymous_15)
FNDA:0,(anonymous_16)
FNDA:0,(anonymous_17)
FNDA:0,(anonymous_18)
FNDA:0,(anonymous_19)
FNDA:0,(anonymous_20)
FNDA:0,(anonymous_21)
FNDA:0,(anonymous_22)
FNDA:0,(anonymous_23)
FNDA:0,(anonymous_24)
DA:28,1
DA:52,1
DA:53,0
DA:54,0
DA:56,0
DA:57,0
DA:59,0
DA:61,0
DA:63,0
DA:65,0
DA:67,0
DA:69,0
DA:70,0
DA:72,0
DA:73,0
DA:74,0
DA:79,0
DA:82,0
DA:85,0
DA:88,0
DA:94,0
DA:98,0
DA:99,0
DA:102,0
DA:103,0
DA:105,0
DA:106,0
DA:112,0
DA:113,0
DA:117,0
DA:121,0
DA:128,0
DA:135,0
DA:138,0
DA:139,0
DA:145,0
DA:146,0
DA:150,0
DA:159,0
DA:167,0
DA:170,0
DA:173,0
DA:177,0
DA:182,0
DA:186,0
DA:189,0
DA:193,0
DA:198,0
DA:202,0
DA:206,0
DA:207,0
DA:208,0
DA:213,0
DA:214,0
DA:224,0
DA:227,0
DA:228,0
DA:231,0
DA:235,0
DA:236,0
DA:243,0
DA:247,0
DA:249,0
DA:250,0
DA:255,0
DA:264,0
DA:278,0
DA:279,0
DA:281,0
DA:286,0
LF:70
LH:2
BRDA:65,0,0,0
BRDA:65,0,1,0
BRDA:65,1,0,0
BRDA:65,1,1,0
BRDA:74,2,0,0
BRDA:74,2,1,0
BRDA:75,3,0,0
BRDA:75,3,1,0
BRDA:75,3,2,0
BRDA:117,4,0,0
BRDA:117,4,1,0
BRDA:150,5,0,0
BRDA:150,5,1,0
BRDA:207,6,0,0
BRDA:207,6,1,0
BRDA:247,7,0,0
BRDA:247,7,1,0
BRDA:252,8,0,0
BRDA:252,8,1,0
BRDA:252,8,2,0
BRDA:284,9,0,0
BRDA:284,9,1,0
BRDA:291,10,0,0
BRDA:291,10,1,0
BRDA:291,10,2,0
BRDA:291,10,3,0
BRDA:298,11,0,0
BRDA:298,11,1,0
BRDA:298,11,2,0
BRDA:315,12,0,0
BRDA:315,12,1,0
BRF:31
BRH:0
end_of_record
TN:
SF:src\model\SimplifiedQuote\GraphQL.tsx
FNF:0
FNH:0
DA:3,13
DA:26,13
DA:39,13
DA:48,13
DA:124,13
DA:224,13
DA:277,13
DA:294,13
DA:302,13
DA:311,13
DA:362,13
DA:406,13
DA:427,13
DA:450,13
LF:14
LH:14
BRF:0
BRH:0
end_of_record
TN:
SF:src\model\SimplifiedQuote\SQuoteDetail.tsx
FN:16,(anonymous_0)
FN:31,(anonymous_1)
FN:50,SQuoteDetailsMenu
FN:53,(anonymous_3)
FNF:4
FNH:0
FNDA:0,(anonymous_0)
FNDA:0,(anonymous_1)
FNDA:0,SQuoteDetailsMenu
FNDA:0,(anonymous_3)
DA:12,4
DA:17,0
DA:31,4
DA:41,4
DA:51,0
DA:52,0
DA:53,0
DA:55,0
DA:56,0
DA:57,0
LF:10
LH:3
BRF:0
BRH:0
end_of_record
TN:
SF:src\model\SimplifiedQuote\SQuoteMenu.tsx
FN:26,(anonymous_0)
FN:39,SQuoteMenu
FN:49,(anonymous_2)
FN:58,(anonymous_3)
FN:63,(anonymous_4)
FN:68,(anonymous_5)
FN:73,(anonymous_6)
FN:78,(anonymous_7)
FN:87,(anonymous_8)
FN:100,(anonymous_9)
FN:110,(anonymous_10)
FN:118,(anonymous_11)
FN:122,(anonymous_12)
FNF:13
FNH:0
FNDA:0,(anonymous_0)
FNDA:0,SQuoteMenu
FNDA:0,(anonymous_2)
FNDA:0,(anonymous_3)
FNDA:0,(anonymous_4)
FNDA:0,(anonymous_5)
FNDA:0,(anonymous_6)
FNDA:0,(anonymous_7)
FNDA:0,(anonymous_8)
FNDA:0,(anonymous_9)
FNDA:0,(anonymous_10)
FNDA:0,(anonymous_11)
FNDA:0,(anonymous_12)
DA:26,4
DA:40,0
DA:41,0
DA:42,0
DA:43,0
DA:44,0
DA:45,0
DA:50,0
DA:51,0
DA:52,0
DA:58,0
DA:63,0
DA:68,0
DA:73,0
DA:78,0
DA:88,0
DA:89,0
DA:93,0
DA:100,0
DA:110,0
DA:119,0
DA:123,0
DA:124,0
DA:125,0
LF:24
LH:1
BRDA:123,0,0,0
BRDA:123,0,1,0
BRF:2
BRH:0
end_of_record
TN:
SF:src\model\SimplifiedQuote\SQuoteMobileHeader.tsx
FN:16,(anonymous_0)
FN:31,SQuoteMobileHeader
FN:33,(anonymous_2)
FN:43,(anonymous_3)
FN:46,(anonymous_4)
FN:51,(anonymous_5)
FN:63,(anonymous_6)
FN:67,(anonymous_7)
FN:82,(anonymous_8)
FN:91,(anonymous_9)
FNF:10
FNH:0
FNDA:0,(anonymous_0)
FNDA:0,SQuoteMobileHeader
FNDA:0,(anonymous_2)
FNDA:0,(anonymous_3)
FNDA:0,(anonymous_4)
FNDA:0,(anonymous_5)
FNDA:0,(anonymous_6)
FNDA:0,(anonymous_7)
FNDA:0,(anonymous_8)
FNDA:0,(anonymous_9)
DA:16,4
DA:17,0
DA:32,0
DA:33,0
DA:35,0
DA:36,0
DA:37,0
DA:38,0
DA:39,0
DA:40,0
DA:43,0
DA:44,0
DA:46,0
DA:47,0
DA:50,0
DA:51,0
DA:52,0
DA:53,0
DA:54,0
DA:63,0
DA:64,0
DA:66,0
DA:68,0
DA:75,0
DA:82,0
DA:91,0
LF:26
LH:1
BRDA:101,0,0,0
BRDA:101,0,1,0
BRDA:102,1,0,0
BRDA:102,1,1,0
BRF:4
BRH:0
end_of_record
TN:
SF:src\model\SimplifiedQuote\SQuoteToolbar.tsx
FN:16,(anonymous_0)
FN:32,SQuoteToolbar
FN:40,(anonymous_2)
FN:43,(anonymous_3)
FN:48,(anonymous_4)
FN:57,(anonymous_5)
FN:60,(anonymous_6)
FN:72,(anonymous_7)
FN:114,(anonymous_8)
FNF:9
FNH:0
FNDA:0,(anonymous_0)
FNDA:0,SQuoteToolbar
FNDA:0,(anonymous_2)
FNDA:0,(anonymous_3)
FNDA:0,(anonymous_4)
FNDA:0,(anonymous_5)
FNDA:0,(anonymous_6)
FNDA:0,(anonymous_7)
FNDA:0,(anonymous_8)
DA:16,4
DA:33,0
DA:34,0
DA:35,0
DA:36,0
DA:37,0
DA:40,0
DA:41,0
DA:43,0
DA:44,0
DA:47,0
DA:49,0
DA:53,0
DA:60,0
DA:61,0
DA:62,0
DA:63,0
DA:72,0
DA:73,0
DA:74,0
DA:78,0
DA:83,0
DA:114,0
LF:23
LH:1
BRDA:87,0,0,0
BRDA:87,0,1,0
BRDA:101,1,0,0
BRDA:101,1,1,0
BRF:4
BRH:0
end_of_record
TN:
SF:src\model\SimplifiedQuote\Product\MoreDetails.tsx
FN:17,(anonymous_0)
FN:33,(anonymous_1)
FN:49,MoreDetails
FNF:3
FNH:0
FNDA:0,(anonymous_0)
FNDA:0,(anonymous_1)
FNDA:0,MoreDetails
DA:13,12
DA:18,0
DA:33,12
DA:43,12
DA:50,0
DA:51,0
DA:52,0
DA:53,0
DA:54,0
LF:9
LH:3
BRF:0
BRH:0
end_of_record
TN:
SF:src\model\SimplifiedQuote\Product\ProductQuantityField.tsx
FN:12,(anonymous_0)
FN:27,ProductQuantityField
FN:36,(anonymous_2)
FN:39,(anonymous_3)
FN:41,(anonymous_4)
FN:47,(anonymous_5)
FN:52,(anonymous_6)
FN:62,(anonymous_7)
FN:82,(anonymous_8)
FN:85,(anonymous_9)
FN:112,(anonymous_10)
FN:113,(anonymous_11)
FNF:12
FNH:0
FNDA:0,(anonymous_0)
FNDA:0,ProductQuantityField
FNDA:0,(anonymous_2)
FNDA:0,(anonymous_3)
FNDA:0,(anonymous_4)
FNDA:0,(anonymous_5)
FNDA:0,(anonymous_6)
FNDA:0,(anonymous_7)
FNDA:0,(anonymous_8)
FNDA:0,(anonymous_9)
FNDA:0,(anonymous_10)
FNDA:0,(anonymous_11)
DA:12,12
DA:13,0
DA:28,0
DA:29,0
DA:30,0
DA:31,0
DA:32,0
DA:33,0
DA:34,0
DA:35,0
DA:36,0
DA:38,0
DA:39,0
DA:41,0
DA:42,0
DA:44,0
DA:45,0
DA:47,0
DA:48,0
DA:51,0
DA:53,0
DA:54,0
DA:56,0
DA:62,0
DA:66,0
DA:67,0
DA:72,0
DA:73,0
DA:74,0
DA:82,0
DA:83,0
DA:84,0
DA:85,0
DA:86,0
DA:97,0
DA:107,0
DA:112,0
DA:113,0
LF:38
LH:1
BRDA:42,0,0,0
BRDA:42,0,1,0
BRDA:44,1,0,0
BRDA:44,1,1,0
BRDA:53,2,0,0
BRDA:53,2,1,0
BRDA:67,3,0,0
BRDA:67,3,1,0
BRDA:68,4,0,0
BRDA:68,4,1,0
BRDA:68,4,2,0
BRDA:84,5,0,0
BRDA:84,5,1,0
BRDA:84,6,0,0
BRDA:84,6,1,0
BRF:15
BRH:0
end_of_record
TN:
SF:src\model\SimplifiedQuote\Product\SQuoteProductListView.tsx
FN:24,(anonymous_0)
FN:90,SquoteProductListView
FN:114,(anonymous_2)
FN:115,(anonymous_3)
FN:142,(anonymous_4)
FN:161,(anonymous_5)
FN:201,(anonymous_6)
FNF:7
FNH:0
FNDA:0,(anonymous_0)
FNDA:0,SquoteProductListView
FNDA:0,(anonymous_2)
FNDA:0,(anonymous_3)
FNDA:0,(anonymous_4)
FNDA:0,(anonymous_5)
FNDA:0,(anonymous_6)
DA:24,12
DA:25,0
DA:91,0
DA:100,0
DA:101,0
DA:106,0
DA:107,0
DA:108,0
DA:114,0
DA:116,0
DA:143,0
DA:166,0
DA:202,0
DA:203,0
LF:14
LH:1
BRDA:110,0,0,0
BRDA:110,0,1,0
BRDA:140,1,0,0
BRDA:140,1,1,0
BRDA:158,2,0,0
BRDA:158,2,1,0
BRDA:207,3,0,0
BRDA:207,3,1,0
BRDA:259,4,0,0
BRDA:259,4,1,0
BRF:10
BRH:0
end_of_record
TN:
SF:src\model\Support\index.tsx
FN:11,(anonymous_0)
FN:18,(anonymous_1)
FN:22,(anonymous_2)
FN:25,(anonymous_3)
FNF:4
FNH:0
FNDA:0,(anonymous_0)
FNDA:0,(anonymous_1)
FNDA:0,(anonymous_2)
FNDA:0,(anonymous_3)
DA:11,4
DA:18,4
DA:19,0
DA:20,0
DA:21,0
DA:22,0
DA:25,0
DA:26,0
DA:27,0
DA:30,0
LF:10
LH:2
BRF:0
BRH:0
end_of_record
TN:
SF:src\model\User\GraphQL.tsx
FNF:0
FNH:0
DA:2,1
DA:31,1
DA:42,1
DA:63,1
DA:82,1
DA:101,1
DA:106,1
DA:112,1
DA:123,1
DA:140,1
LF:10
LH:10
BRF:0
BRH:0
end_of_record
TN:
SF:src\model\UserResources\GraphQL.tsx
FNF:0
FNH:0
DA:3,1
DA:24,1
DA:37,1
DA:47,1
LF:4
LH:4
BRF:0
BRH:0
end_of_record
TN:
SF:src\model\UserResources\Roles.tsx
FN:25,(anonymous_0)
FN:49,(anonymous_1)
FN:57,(anonymous_2)
FN:64,(anonymous_3)
FN:64,(anonymous_4)
FN:76,(anonymous_5)
FN:78,(anonymous_6)
FN:89,(anonymous_7)
FN:111,(anonymous_8)
FN:126,(anonymous_9)
FN:131,(anonymous_10)
FN:143,(anonymous_11)
FN:160,(anonymous_12)
FN:163,(anonymous_13)
FN:182,(anonymous_14)
FN:186,(anonymous_15)
FN:195,(anonymous_16)
FN:210,(anonymous_17)
FN:217,(anonymous_18)
FNF:19
FNH:0
FNDA:0,(anonymous_0)
FNDA:0,(anonymous_1)
FNDA:0,(anonymous_2)
FNDA:0,(anonymous_3)
FNDA:0,(anonymous_4)
FNDA:0,(anonymous_5)
FNDA:0,(anonymous_6)
FNDA:0,(anonymous_7)
FNDA:0,(anonymous_8)
FNDA:0,(anonymous_9)
FNDA:0,(anonymous_10)
FNDA:0,(anonymous_11)
FNDA:0,(anonymous_12)
FNDA:0,(anonymous_13)
FNDA:0,(anonymous_14)
FNDA:0,(anonymous_15)
FNDA:0,(anonymous_16)
FNDA:0,(anonymous_17)
FNDA:0,(anonymous_18)
DA:25,1
DA:49,1
DA:50,0
DA:51,0
DA:52,0
DA:53,0
DA:54,0
DA:55,0
DA:56,0
DA:57,0
DA:59,0
DA:61,0
DA:62,0
DA:64,0
DA:65,0
DA:66,0
DA:71,0
DA:73,0
DA:75,0
DA:76,0
DA:78,0
DA:79,0
DA:85,0
DA:86,0
DA:90,0
DA:99,0
DA:106,0
DA:109,0
DA:112,0
DA:116,0
DA:117,0
DA:121,0
DA:127,0
DA:131,0
DA:135,0
DA:136,0
DA:137,0
DA:138,0
DA:142,0
DA:143,0
DA:146,0
DA:147,0
DA:156,0
DA:159,0
DA:160,0
DA:162,0
DA:163,0
DA:166,0
DA:167,0
DA:176,0
DA:181,0
DA:182,0
DA:183,0
DA:187,0
DA:196,0
DA:210,0
DA:211,0
DA:213,0
DA:218,0
LF:59
LH:2
BRDA:55,0,0,0
BRDA:55,0,1,0
BRDA:55,1,0,0
BRDA:55,1,1,0
BRDA:66,2,0,0
BRDA:66,2,1,0
BRDA:67,3,0,0
BRDA:67,3,1,0
BRDA:67,3,2,0
BRDA:90,4,0,0
BRDA:90,4,1,0
BRDA:116,5,0,0
BRDA:116,5,1,0
BRDA:137,6,0,0
BRDA:137,6,1,0
BRDA:181,7,0,0
BRDA:181,7,1,0
BRDA:185,8,0,0
BRDA:185,8,1,0
BRDA:216,9,0,0
BRDA:216,9,1,0
BRDA:223,10,0,0
BRDA:223,10,1,0
BRDA:223,10,2,0
BRDA:223,10,3,0
BRDA:230,11,0,0
BRDA:230,11,1,0
BRDA:230,11,2,0
BRDA:247,12,0,0
BRDA:247,12,1,0
BRF:30
BRH:0
end_of_record
TN:
SF:src\reducers\dashboardReducer.tsx
FN:1,(anonymous_0)
FN:147,(anonymous_1)
FN:156,(anonymous_2)
FN:183,(anonymous_3)
FN:251,(anonymous_4)
FN:335,(anonymous_5)
FNF:6
FNH:0
FNDA:0,(anonymous_0)
FNDA:0,(anonymous_1)
FNDA:0,(anonymous_2)
FNDA:0,(anonymous_3)
FNDA:0,(anonymous_4)
FNDA:0,(anonymous_5)
DA:1,6
DA:58,0
DA:72,0
DA:73,0
DA:89,0
DA:94,0
DA:99,0
DA:104,0
DA:109,0
DA:114,0
DA:119,0
DA:124,0
DA:129,0
DA:134,0
DA:139,0
DA:144,0
DA:147,0
DA:152,0
DA:153,0
DA:155,0
DA:157,0
DA:166,0
DA:173,0
DA:180,0
DA:181,0
DA:183,0
DA:184,0
DA:192,0
DA:198,0
DA:199,0
DA:204,0
DA:209,0
DA:214,0
DA:219,0
DA:225,0
DA:231,0
DA:236,0
DA:241,0
DA:246,0
DA:251,0
DA:252,0
DA:261,0
DA:266,0
DA:271,0
DA:276,0
DA:281,0
DA:292,0
DA:297,0
DA:307,0
DA:313,0
DA:318,0
DA:322,0
DA:328,0
DA:335,0
DA:336,0
DA:343,0
DA:348,0
DA:353,0
DA:358,0
DA:363,0
DA:368,0
DA:373,0
DA:379,0
DA:385,0
LF:64
LH:1
BRDA:2,0,0,0
BRDA:58,1,0,0
BRDA:58,1,1,0
BRDA:58,1,2,0
BRDA:58,1,3,0
BRDA:58,1,4,0
BRDA:58,1,5,0
BRDA:58,1,6,0
BRDA:58,1,7,0
BRDA:58,1,8,0
BRDA:58,1,9,0
BRDA:58,1,10,0
BRDA:58,1,11,0
BRDA:58,1,12,0
BRDA:58,1,13,0
BRDA:58,1,14,0
BRDA:58,1,15,0
BRDA:58,1,16,0
BRDA:58,1,17,0
BRDA:58,1,18,0
BRDA:58,1,19,0
BRDA:58,1,20,0
BRDA:58,1,21,0
BRDA:58,1,22,0
BRDA:58,1,23,0
BRDA:58,1,24,0
BRDA:58,1,25,0
BRDA:58,1,26,0
BRDA:58,1,27,0
BRDA:58,1,28,0
BRDA:58,1,29,0
BRDA:58,1,30,0
BRDA:58,1,31,0
BRDA:58,1,32,0
BRDA:58,1,33,0
BRDA:58,1,34,0
BRDA:58,1,35,0
BRDA:58,1,36,0
BRDA:58,1,37,0
BRDA:58,1,38,0
BRDA:58,1,39,0
BRDA:58,1,40,0
BRDA:58,1,41,0
BRDA:61,2,0,0
BRDA:62,3,0,0
BRDA:63,4,0,0
BRDA:64,5,0,0
BRDA:65,6,0,0
BRDA:66,7,0,0
BRDA:67,8,0,0
BRDA:68,9,0,0
BRDA:69,10,0,0
BRDA:70,11,0,0
BRDA:71,12,0,0
BRDA:152,13,0,0
BRDA:152,13,1,0
BRDA:180,14,0,0
BRDA:180,14,1,0
BRDA:301,15,0,0
BRDA:301,15,1,0
BRF:60
BRH:0
end_of_record
TN:
SF:src\reducers\layoutReducer.tsx
FN:7,(anonymous_0)
FNF:1
FNH:0
FNDA:0,(anonymous_0)
DA:1,1
DA:5,1
DA:7,1
DA:11,0
DA:13,0
DA:19,0
LF:6
LH:3
BRDA:8,0,0,0
BRDA:11,1,0,0
BRDA:11,1,1,0
BRF:3
BRH:0
end_of_record
TN:
SF:src\reducers\simplifiedQuoteReducer.tsx
FN:6,(anonymous_0)
FN:100,(anonymous_1)
FN:187,(anonymous_2)
FNF:3
FNH:0
FNDA:0,(anonymous_0)
FNDA:0,(anonymous_1)
FNDA:0,(anonymous_2)
DA:6,4
DA:38,0
DA:40,0
DA:49,0
DA:52,0
DA:61,0
DA:66,0
DA:71,0
DA:76,0
DA:81,0
DA:86,0
DA:91,0
DA:93,0
DA:95,0
DA:98,0
DA:99,0
DA:100,0
DA:102,0
DA:109,0
DA:114,0
DA:119,0
DA:124,0
DA:129,0
DA:134,0
DA:139,0
DA:145,0
DA:154,0
DA:159,0
DA:164,0
DA:177,0
DA:182,0
DA:187,0
DA:188,0
DA:196,0
DA:201,0
DA:207,0
DA:208,0
DA:218,0
DA:223,0
DA:228,0
DA:236,0
LF:41
LH:1
BRDA:7,0,0,0
BRDA:38,1,0,0
BRDA:38,1,1,0
BRDA:38,1,2,0
BRDA:38,1,3,0
BRDA:38,1,4,0
BRDA:38,1,5,0
BRDA:38,1,6,0
BRDA:38,1,7,0
BRDA:38,1,8,0
BRDA:38,1,9,0
BRDA:38,1,10,0
BRDA:38,1,11,0
BRDA:38,1,12,0
BRDA:38,1,13,0
BRDA:38,1,14,0
BRDA:38,1,15,0
BRDA:38,1,16,0
BRDA:38,1,17,0
BRDA:38,1,18,0
BRDA:38,1,19,0
BRDA:38,1,20,0
BRDA:38,1,21,0
BRDA:38,1,22,0
BRDA:38,1,23,0
BRDA:38,1,24,0
BRDA:38,1,25,0
BRDA:38,1,26,0
BRDA:38,1,27,0
BRDA:38,1,28,0
BRDA:38,1,29,0
BRDA:38,1,30,0
BRDA:38,1,31,0
BRDA:49,2,0,0
BRDA:49,2,1,0
BRDA:49,3,0,0
BRDA:49,3,1,0
BRDA:98,4,0,0
BRDA:98,4,1,0
BRDA:106,5,0,0
BRDA:106,5,1,0
BRF:41
BRH:0
end_of_record
TN:
SF:src\reducers\userResourceReducer.tsx
FN:10,(anonymous_0)
FN:36,(anonymous_1)
FN:42,(anonymous_2)
FNF:3
FNH:0
FNDA:0,(anonymous_0)
FNDA:0,(anonymous_1)
FNDA:0,(anonymous_2)
DA:3,3
DA:10,3
DA:11,0
DA:13,0
DA:18,0
DA:23,0
DA:33,0
DA:36,0
DA:40,0
DA:43,0
DA:49,0
DA:55,0
LF:12
LH:2
BRDA:10,0,0,0
BRDA:11,1,0,0
BRDA:11,1,1,0
BRDA:11,1,2,0
BRDA:11,1,3,0
BRDA:11,1,4,0
BRDA:11,1,5,0
BRDA:11,1,6,0
BRDA:27,2,0,0
BRDA:27,2,1,0
BRDA:43,3,0,0
BRDA:43,3,1,0
BRF:12
BRH:0
end_of_record
